2023-04-25 15:45:01,948 [Load Config Error]
System.IO.FileNotFoundException: 未能找到文件“D:\WXWork\1688854991299446\Cache\File\2023-04\02.SourceCode\02.SourceCode\BCCommon\Glorysoft.BC.Server\bin\Debug\Configuration\EIP\OLB\LabelAddressMap.xml”。
文件名:“D:\WXWork\1688854991299446\Cache\File\2023-04\02.SourceCode\02.SourceCode\BCCommon\Glorysoft.BC.Server\bin\Debug\Configuration\EIP\OLB\LabelAddressMap.xml”
   在 System.IO.__Error.WinIOError(Int32 errorCode, String maybeFullPath)
   在 System.IO.FileStream.Init(String path, FileMode mode, FileAccess access, Int32 rights, Boolean useRights, FileShare share, Int32 bufferSize, FileOptions options, SECURITY_ATTRIBUTES secAttrs, String msgPath, Boolean bFromProxy, Boolean useLongPath, Boolean checkHost)
   在 System.IO.FileStream..ctor(String path, FileMode mode, FileAccess access, FileShare share, Int32 bufferSize)
   在 System.Xml.XmlDownloadManager.GetStream(Uri uri, ICredentials credentials, IWebProxy proxy, RequestCachePolicy cachePolicy)
   在 System.Xml.XmlUrlResolver.GetEntity(Uri absoluteUri, String role, Type ofObjectToReturn)
   在 System.Xml.XmlTextReaderImpl.OpenUrlDelegate(Object xmlResolver)
   在 System.Threading.CompressedStack.runTryCode(Object userData)
   在 System.Runtime.CompilerServices.RuntimeHelpers.ExecuteCodeWithGuaranteedCleanup(TryCode code, CleanupCode backoutCode, Object userData)
   在 System.Threading.CompressedStack.Run(CompressedStack compressedStack, ContextCallback callback, Object state)
   在 System.Xml.XmlTextReaderImpl.OpenUrl()
   在 System.Xml.XmlTextReaderImpl.Read()
   在 System.Xml.XmlLoader.Load(XmlDocument doc, XmlReader reader, Boolean preserveWhitespace)
   在 System.Xml.XmlDocument.Load(XmlReader reader)
   在 System.Xml.XmlDocument.Load(String filename)
   在 Glorysoft.PLCDriver.PLCConfig.AddMapWorkflowConfig(String conn, IConnectionInfo sk) 位置 D:\Work\Glory\GlorySoftSVN\MY-HKCM2-BC01\SourceCode\BC\PLCDriver\PLCConfig.cs:行号 39
   在 Glorysoft.PLCDriver.PLCProxy.Connect(IConnectionInfo connString) 位置 D:\Work\Glory\GlorySoftSVN\MY-HKCM2-BC01\SourceCode\BC\PLCDriver\PLCProxy.cs:行号 85
2023-04-25 16:11:54,688 [Load Config Error]
System.IO.FileNotFoundException: 未能找到文件“D:\WXWork\1688854991299446\Cache\File\2023-04\02.SourceCode\02.SourceCode\BCCommon\Glorysoft.BC.Server\bin\Debug\Configuration\EIP\OLB\LabelAddressMap.xml”。
文件名:“D:\WXWork\1688854991299446\Cache\File\2023-04\02.SourceCode\02.SourceCode\BCCommon\Glorysoft.BC.Server\bin\Debug\Configuration\EIP\OLB\LabelAddressMap.xml”
   在 System.IO.__Error.WinIOError(Int32 errorCode, String maybeFullPath)
   在 System.IO.FileStream.Init(String path, FileMode mode, FileAccess access, Int32 rights, Boolean useRights, FileShare share, Int32 bufferSize, FileOptions options, SECURITY_ATTRIBUTES secAttrs, String msgPath, Boolean bFromProxy, Boolean useLongPath, Boolean checkHost)
   在 System.IO.FileStream..ctor(String path, FileMode mode, FileAccess access, FileShare share, Int32 bufferSize)
   在 System.Xml.XmlDownloadManager.GetStream(Uri uri, ICredentials credentials, IWebProxy proxy, RequestCachePolicy cachePolicy)
   在 System.Xml.XmlUrlResolver.GetEntity(Uri absoluteUri, String role, Type ofObjectToReturn)
   在 System.Xml.XmlTextReaderImpl.OpenUrlDelegate(Object xmlResolver)
   在 System.Threading.CompressedStack.runTryCode(Object userData)
   在 System.Runtime.CompilerServices.RuntimeHelpers.ExecuteCodeWithGuaranteedCleanup(TryCode code, CleanupCode backoutCode, Object userData)
   在 System.Threading.CompressedStack.Run(CompressedStack compressedStack, ContextCallback callback, Object state)
   在 System.Xml.XmlTextReaderImpl.OpenUrl()
   在 System.Xml.XmlTextReaderImpl.Read()
   在 System.Xml.XmlLoader.Load(XmlDocument doc, XmlReader reader, Boolean preserveWhitespace)
   在 System.Xml.XmlDocument.Load(XmlReader reader)
   在 System.Xml.XmlDocument.Load(String filename)
   在 Glorysoft.PLCDriver.PLCConfig.AddMapWorkflowConfig(String conn, IConnectionInfo sk) 位置 D:\Work\Glory\GlorySoftSVN\MY-HKCM2-BC01\SourceCode\BC\PLCDriver\PLCConfig.cs:行号 39
   在 Glorysoft.PLCDriver.PLCProxy.Connect(IConnectionInfo connString) 位置 D:\Work\Glory\GlorySoftSVN\MY-HKCM2-BC01\SourceCode\BC\PLCDriver\PLCProxy.cs:行号 85
2023-04-25 17:05:28,960 [Load Config Error]
System.IO.FileNotFoundException: 未能找到文件“D:\WXWork\1688854991299446\Cache\File\2023-04\02.SourceCode\02.SourceCode\BCCommon\Glorysoft.BC.Server\bin\Debug\Configuration\EIP\OLB\LabelAddressMap.xml”。
文件名:“D:\WXWork\1688854991299446\Cache\File\2023-04\02.SourceCode\02.SourceCode\BCCommon\Glorysoft.BC.Server\bin\Debug\Configuration\EIP\OLB\LabelAddressMap.xml”
   在 System.IO.__Error.WinIOError(Int32 errorCode, String maybeFullPath)
   在 System.IO.FileStream.Init(String path, FileMode mode, FileAccess access, Int32 rights, Boolean useRights, FileShare share, Int32 bufferSize, FileOptions options, SECURITY_ATTRIBUTES secAttrs, String msgPath, Boolean bFromProxy, Boolean useLongPath, Boolean checkHost)
   在 System.IO.FileStream..ctor(String path, FileMode mode, FileAccess access, FileShare share, Int32 bufferSize)
   在 System.Xml.XmlDownloadManager.GetStream(Uri uri, ICredentials credentials, IWebProxy proxy, RequestCachePolicy cachePolicy)
   在 System.Xml.XmlUrlResolver.GetEntity(Uri absoluteUri, String role, Type ofObjectToReturn)
   在 System.Xml.XmlTextReaderImpl.OpenUrlDelegate(Object xmlResolver)
   在 System.Threading.CompressedStack.runTryCode(Object userData)
   在 System.Runtime.CompilerServices.RuntimeHelpers.ExecuteCodeWithGuaranteedCleanup(TryCode code, CleanupCode backoutCode, Object userData)
   在 System.Threading.CompressedStack.Run(CompressedStack compressedStack, ContextCallback callback, Object state)
   在 System.Xml.XmlTextReaderImpl.OpenUrl()
   在 System.Xml.XmlTextReaderImpl.Read()
   在 System.Xml.XmlLoader.Load(XmlDocument doc, XmlReader reader, Boolean preserveWhitespace)
   在 System.Xml.XmlDocument.Load(XmlReader reader)
   在 System.Xml.XmlDocument.Load(String filename)
   在 Glorysoft.PLCDriver.PLCConfig.AddMapWorkflowConfig(String conn, IConnectionInfo sk) 位置 D:\Work\Glory\GlorySoftSVN\MY-HKCM2-BC01\SourceCode\BC\PLCDriver\PLCConfig.cs:行号 39
   在 Glorysoft.PLCDriver.PLCProxy.Connect(IConnectionInfo connString) 位置 D:\Work\Glory\GlorySoftSVN\MY-HKCM2-BC01\SourceCode\BC\PLCDriver\PLCProxy.cs:行号 85
2023-04-25 17:25:59,331 [Load Config Error]
System.IO.FileNotFoundException: 未能找到文件“D:\WXWork\1688854991299446\Cache\File\2023-04\02.SourceCode\02.SourceCode\BCCommon\Glorysoft.BC.Server\bin\Debug\Configuration\EIP\OLB\LabelAddressMap.xml”。
文件名:“D:\WXWork\1688854991299446\Cache\File\2023-04\02.SourceCode\02.SourceCode\BCCommon\Glorysoft.BC.Server\bin\Debug\Configuration\EIP\OLB\LabelAddressMap.xml”
   在 System.IO.__Error.WinIOError(Int32 errorCode, String maybeFullPath)
   在 System.IO.FileStream.Init(String path, FileMode mode, FileAccess access, Int32 rights, Boolean useRights, FileShare share, Int32 bufferSize, FileOptions options, SECURITY_ATTRIBUTES secAttrs, String msgPath, Boolean bFromProxy, Boolean useLongPath, Boolean checkHost)
   在 System.IO.FileStream..ctor(String path, FileMode mode, FileAccess access, FileShare share, Int32 bufferSize)
   在 System.Xml.XmlDownloadManager.GetStream(Uri uri, ICredentials credentials, IWebProxy proxy, RequestCachePolicy cachePolicy)
   在 System.Xml.XmlUrlResolver.GetEntity(Uri absoluteUri, String role, Type ofObjectToReturn)
   在 System.Xml.XmlTextReaderImpl.OpenUrlDelegate(Object xmlResolver)
   在 System.Threading.CompressedStack.runTryCode(Object userData)
   在 System.Runtime.CompilerServices.RuntimeHelpers.ExecuteCodeWithGuaranteedCleanup(TryCode code, CleanupCode backoutCode, Object userData)
   在 System.Threading.CompressedStack.Run(CompressedStack compressedStack, ContextCallback callback, Object state)
   在 System.Xml.XmlTextReaderImpl.OpenUrl()
   在 System.Xml.XmlTextReaderImpl.Read()
   在 System.Xml.XmlLoader.Load(XmlDocument doc, XmlReader reader, Boolean preserveWhitespace)
   在 System.Xml.XmlDocument.Load(XmlReader reader)
   在 System.Xml.XmlDocument.Load(String filename)
   在 Glorysoft.PLCDriver.PLCConfig.AddMapWorkflowConfig(String conn, IConnectionInfo sk) 位置 D:\Work\Glory\GlorySoftSVN\MY-HKCM2-BC01\SourceCode\BC\PLCDriver\PLCConfig.cs:行号 39
   在 Glorysoft.PLCDriver.PLCProxy.Connect(IConnectionInfo connString) 位置 D:\Work\Glory\GlorySoftSVN\MY-HKCM2-BC01\SourceCode\BC\PLCDriver\PLCProxy.cs:行号 85
2023-04-25 17:43:42,920 [Load Config Error]
System.IO.FileNotFoundException: 未能找到文件“D:\WXWork\1688854991299446\Cache\File\2023-04\02.SourceCode\02.SourceCode\BCCommon\Glorysoft.BC.Server\bin\Debug\Configuration\EIP\OLB\LabelAddressMap.xml”。
文件名:“D:\WXWork\1688854991299446\Cache\File\2023-04\02.SourceCode\02.SourceCode\BCCommon\Glorysoft.BC.Server\bin\Debug\Configuration\EIP\OLB\LabelAddressMap.xml”
   在 System.IO.__Error.WinIOError(Int32 errorCode, String maybeFullPath)
   在 System.IO.FileStream.Init(String path, FileMode mode, FileAccess access, Int32 rights, Boolean useRights, FileShare share, Int32 bufferSize, FileOptions options, SECURITY_ATTRIBUTES secAttrs, String msgPath, Boolean bFromProxy, Boolean useLongPath, Boolean checkHost)
   在 System.IO.FileStream..ctor(String path, FileMode mode, FileAccess access, FileShare share, Int32 bufferSize)
   在 System.Xml.XmlDownloadManager.GetStream(Uri uri, ICredentials credentials, IWebProxy proxy, RequestCachePolicy cachePolicy)
   在 System.Xml.XmlUrlResolver.GetEntity(Uri absoluteUri, String role, Type ofObjectToReturn)
   在 System.Xml.XmlTextReaderImpl.OpenUrlDelegate(Object xmlResolver)
   在 System.Threading.CompressedStack.runTryCode(Object userData)
   在 System.Runtime.CompilerServices.RuntimeHelpers.ExecuteCodeWithGuaranteedCleanup(TryCode code, CleanupCode backoutCode, Object userData)
   在 System.Threading.CompressedStack.Run(CompressedStack compressedStack, ContextCallback callback, Object state)
   在 System.Xml.XmlTextReaderImpl.OpenUrl()
   在 System.Xml.XmlTextReaderImpl.Read()
   在 System.Xml.XmlLoader.Load(XmlDocument doc, XmlReader reader, Boolean preserveWhitespace)
   在 System.Xml.XmlDocument.Load(XmlReader reader)
   在 System.Xml.XmlDocument.Load(String filename)
   在 Glorysoft.PLCDriver.PLCConfig.AddMapWorkflowConfig(String conn, IConnectionInfo sk) 位置 D:\Work\Glory\GlorySoftSVN\MY-HKCM2-BC01\SourceCode\BC\PLCDriver\PLCConfig.cs:行号 39
   在 Glorysoft.PLCDriver.PLCProxy.Connect(IConnectionInfo connString) 位置 D:\Work\Glory\GlorySoftSVN\MY-HKCM2-BC01\SourceCode\BC\PLCDriver\PLCProxy.cs:行号 85
