2023-04-25 15:44:34,784 [Init Logger Success:Framework]
2023-04-25 15:44:34,790 [Start Initializeing]
2023-04-25 15:44:34,790 [Start Init Connections.]
2023-04-25 15:44:34,792 [Start Init Connection DLL.....]
2023-04-25 15:44:35,069 [Loading new  ConnectionDll£ºGlorysoft.Connection.DB£¬D:\WXWork\1688854991299446\Cache\File\2023-04\02.SourceCode\02.SourceCode\BCCommon\Glorysoft.BC.Server\bin\Debug\ConnectionDLL\Glorysoft.Connection.DB.dll]
2023-04-25 15:44:35,152 [Register ConnectionDll£ºGlorysoft.Connection.DB£¬D:\WXWork\1688854991299446\Cache\File\2023-04\02.SourceCode\02.SourceCode\BCCommon\Glorysoft.BC.Server\bin\Debug\ConnectionDLL\Glorysoft.Connection.DB.dll]
2023-04-25 15:44:35,153 [Start Init Connection DLL.....]
2023-04-25 15:44:35,224 [Loading new  ConnectionDll£ºGlorysoft.Connection.Melsec£¬D:\WXWork\1688854991299446\Cache\File\2023-04\02.SourceCode\02.SourceCode\BCCommon\Glorysoft.BC.Server\bin\Debug\ConnectionDLL\Glorysoft.Connection.Melsec.dll]
2023-04-25 15:44:35,224 [Register ConnectionDll£ºGlorysoft.Connection.Melsec£¬D:\WXWork\1688854991299446\Cache\File\2023-04\02.SourceCode\02.SourceCode\BCCommon\Glorysoft.BC.Server\bin\Debug\ConnectionDLL\Glorysoft.Connection.Melsec.dll]
2023-04-25 15:44:35,224 [Start Init Connection DLL.....]
2023-04-25 15:44:35,278 [Loading new  ConnectionDll£ºGlorysoft.Connection.SEMI£¬D:\WXWork\1688854991299446\Cache\File\2023-04\02.SourceCode\02.SourceCode\BCCommon\Glorysoft.BC.Server\bin\Debug\ConnectionDLL\Glorysoft.Connection.SEMI.dll]
2023-04-25 15:44:35,278 [Register ConnectionDll£ºGlorysoft.Connection.SEMI£¬D:\WXWork\1688854991299446\Cache\File\2023-04\02.SourceCode\02.SourceCode\BCCommon\Glorysoft.BC.Server\bin\Debug\ConnectionDLL\Glorysoft.Connection.SEMI.dll]
2023-04-25 15:44:35,466 [Init Connections. Sucessfully]
2023-04-25 15:44:35,468 [Start Init External Service.....]
2023-04-25 15:44:35,568 [Loading new Dll£ºGlorysoft.BC.Db.Service£¬D:\WXWork\1688854991299446\Cache\File\2023-04\02.SourceCode\02.SourceCode\BCCommon\Glorysoft.BC.Server\bin\Debug\PluginsDLL\Glorysoft.BC.Db.Service.dll]
2023-04-25 15:44:35,827 [Register Interface Successfully.£ºGlorysoft.BC.Db.Service£¬D:\WXWork\1688854991299446\Cache\File\2023-04\02.SourceCode\02.SourceCode\BCCommon\Glorysoft.BC.Server\bin\Debug\PluginsDLL\Glorysoft.BC.Db.Service.dll]
2023-04-25 15:44:35,827 [Start Init External Service.....]
2023-04-25 15:44:35,942 [Loading new Dll£ºGlorysoft.BC.EQP.Service£¬D:\WXWork\1688854991299446\Cache\File\2023-04\02.SourceCode\02.SourceCode\BCCommon\Glorysoft.BC.Server\bin\Debug\PluginsDLL\Glorysoft.BC.EQP.Service.dll]
2023-04-25 15:44:35,958 [Register Interface Successfully.£ºGlorysoft.BC.EQP.Service£¬D:\WXWork\1688854991299446\Cache\File\2023-04\02.SourceCode\02.SourceCode\BCCommon\Glorysoft.BC.Server\bin\Debug\PluginsDLL\Glorysoft.BC.EQP.Service.dll]
2023-04-25 15:44:35,958 [Start Init External Service.....]
2023-04-25 15:44:36,073 [Loading new Dll£ºGlorysoft.BC.Logic.Service£¬D:\WXWork\1688854991299446\Cache\File\2023-04\02.SourceCode\02.SourceCode\BCCommon\Glorysoft.BC.Server\bin\Debug\PluginsDLL\Glorysoft.BC.Logic.Service.dll]
2023-04-25 15:44:36,083 [Register Interface Successfully.£ºGlorysoft.BC.Logic.Service£¬D:\WXWork\1688854991299446\Cache\File\2023-04\02.SourceCode\02.SourceCode\BCCommon\Glorysoft.BC.Server\bin\Debug\PluginsDLL\Glorysoft.BC.Logic.Service.dll]
2023-04-25 15:44:36,083 [Start Init External Service.....]
2023-04-25 15:44:36,134 [Loading new Dll£ºGlorysoft.BC.SECS.Service£¬D:\WXWork\1688854991299446\Cache\File\2023-04\02.SourceCode\02.SourceCode\BCCommon\Glorysoft.BC.Server\bin\Debug\PluginsDLL\Glorysoft.BC.SECS.Service.dll]
2023-04-25 15:44:36,162 [Register Interface Successfully.£ºGlorysoft.BC.SECS.Service£¬D:\WXWork\1688854991299446\Cache\File\2023-04\02.SourceCode\02.SourceCode\BCCommon\Glorysoft.BC.Server\bin\Debug\PluginsDLL\Glorysoft.BC.SECS.Service.dll]
2023-04-25 15:44:36,162 [Start Init External Services.]
2023-04-25 15:44:36,162 [Initialization Successfully]
2023-04-25 15:45:01,757 [Start Open All Connection.]
2023-04-25 15:45:01,803 [Open Connection Succesfully.]-[Connection:TEST01.]
2023-04-25 15:45:01,804 [Open Connection Succesfully.]-[Connection:TEST01.]
2023-04-25 15:45:01,956 [Open Connection Succesfully.]-[Connection:Loader.]
2023-04-25 15:45:01,956 [Open Connection Succesfully.]-[Connection:Loader.]
2023-04-25 15:45:01,956 [Open All Connection Successfully.]
2023-04-25 16:11:51,746 [Init Logger Success:Framework]
2023-04-25 16:11:51,749 [Start Initializeing]
2023-04-25 16:11:51,749 [Start Init Connections.]
2023-04-25 16:11:51,752 [Start Init Connection DLL.....]
2023-04-25 16:11:52,022 [Loading new  ConnectionDll£ºGlorysoft.Connection.DB£¬D:\WXWork\1688854991299446\Cache\File\2023-04\02.SourceCode\02.SourceCode\BCCommon\Glorysoft.BC.Server\bin\Debug\ConnectionDLL\Glorysoft.Connection.DB.dll]
2023-04-25 16:11:52,118 [Register ConnectionDll£ºGlorysoft.Connection.DB£¬D:\WXWork\1688854991299446\Cache\File\2023-04\02.SourceCode\02.SourceCode\BCCommon\Glorysoft.BC.Server\bin\Debug\ConnectionDLL\Glorysoft.Connection.DB.dll]
2023-04-25 16:11:52,118 [Start Init Connection DLL.....]
2023-04-25 16:11:52,179 [Loading new  ConnectionDll£ºGlorysoft.Connection.Melsec£¬D:\WXWork\1688854991299446\Cache\File\2023-04\02.SourceCode\02.SourceCode\BCCommon\Glorysoft.BC.Server\bin\Debug\ConnectionDLL\Glorysoft.Connection.Melsec.dll]
2023-04-25 16:11:52,181 [Register ConnectionDll£ºGlorysoft.Connection.Melsec£¬D:\WXWork\1688854991299446\Cache\File\2023-04\02.SourceCode\02.SourceCode\BCCommon\Glorysoft.BC.Server\bin\Debug\ConnectionDLL\Glorysoft.Connection.Melsec.dll]
2023-04-25 16:11:52,181 [Start Init Connection DLL.....]
2023-04-25 16:11:52,228 [Loading new  ConnectionDll£ºGlorysoft.Connection.SEMI£¬D:\WXWork\1688854991299446\Cache\File\2023-04\02.SourceCode\02.SourceCode\BCCommon\Glorysoft.BC.Server\bin\Debug\ConnectionDLL\Glorysoft.Connection.SEMI.dll]
2023-04-25 16:11:52,229 [Register ConnectionDll£ºGlorysoft.Connection.SEMI£¬D:\WXWork\1688854991299446\Cache\File\2023-04\02.SourceCode\02.SourceCode\BCCommon\Glorysoft.BC.Server\bin\Debug\ConnectionDLL\Glorysoft.Connection.SEMI.dll]
2023-04-25 16:11:52,337 [Init Connections. Sucessfully]
2023-04-25 16:11:52,338 [Start Init External Service.....]
2023-04-25 16:11:52,428 [Loading new Dll£ºGlorysoft.BC.Db.Service£¬D:\WXWork\1688854991299446\Cache\File\2023-04\02.SourceCode\02.SourceCode\BCCommon\Glorysoft.BC.Server\bin\Debug\PluginsDLL\Glorysoft.BC.Db.Service.dll]
2023-04-25 16:11:52,446 [Register Interface Successfully.£ºGlorysoft.BC.Db.Service£¬D:\WXWork\1688854991299446\Cache\File\2023-04\02.SourceCode\02.SourceCode\BCCommon\Glorysoft.BC.Server\bin\Debug\PluginsDLL\Glorysoft.BC.Db.Service.dll]
2023-04-25 16:11:52,446 [Start Init External Service.....]
2023-04-25 16:11:52,506 [Loading new Dll£ºGlorysoft.BC.EQP.Service£¬D:\WXWork\1688854991299446\Cache\File\2023-04\02.SourceCode\02.SourceCode\BCCommon\Glorysoft.BC.Server\bin\Debug\PluginsDLL\Glorysoft.BC.EQP.Service.dll]
2023-04-25 16:11:52,539 [Register Interface Successfully.£ºGlorysoft.BC.EQP.Service£¬D:\WXWork\1688854991299446\Cache\File\2023-04\02.SourceCode\02.SourceCode\BCCommon\Glorysoft.BC.Server\bin\Debug\PluginsDLL\Glorysoft.BC.EQP.Service.dll]
2023-04-25 16:11:52,539 [Start Init External Service.....]
2023-04-25 16:11:52,634 [Loading new Dll£ºGlorysoft.BC.Logic.Service£¬D:\WXWork\1688854991299446\Cache\File\2023-04\02.SourceCode\02.SourceCode\BCCommon\Glorysoft.BC.Server\bin\Debug\PluginsDLL\Glorysoft.BC.Logic.Service.dll]
2023-04-25 16:11:52,644 [Register Interface Successfully.£ºGlorysoft.BC.Logic.Service£¬D:\WXWork\1688854991299446\Cache\File\2023-04\02.SourceCode\02.SourceCode\BCCommon\Glorysoft.BC.Server\bin\Debug\PluginsDLL\Glorysoft.BC.Logic.Service.dll]
2023-04-25 16:11:52,644 [Start Init External Service.....]
2023-04-25 16:11:52,696 [Loading new Dll£ºGlorysoft.BC.SECS.Service£¬D:\WXWork\1688854991299446\Cache\File\2023-04\02.SourceCode\02.SourceCode\BCCommon\Glorysoft.BC.Server\bin\Debug\PluginsDLL\Glorysoft.BC.SECS.Service.dll]
2023-04-25 16:11:52,707 [Register Interface Successfully.£ºGlorysoft.BC.SECS.Service£¬D:\WXWork\1688854991299446\Cache\File\2023-04\02.SourceCode\02.SourceCode\BCCommon\Glorysoft.BC.Server\bin\Debug\PluginsDLL\Glorysoft.BC.SECS.Service.dll]
2023-04-25 16:11:52,707 [Start Init External Services.]
2023-04-25 16:11:52,707 [Initialization Successfully]
2023-04-25 16:11:54,494 [Start Open All Connection.]
2023-04-25 16:11:54,539 [Open Connection Succesfully.]-[Connection:TEST01.]
2023-04-25 16:11:54,539 [Open Connection Succesfully.]-[Connection:TEST01.]
2023-04-25 16:11:54,696 [Open Connection Succesfully.]-[Connection:Loader.]
2023-04-25 16:11:54,696 [Open Connection Succesfully.]-[Connection:Loader.]
2023-04-25 16:11:54,696 [Open All Connection Successfully.]
2023-04-25 17:05:25,403 [Init Logger Success:Framework]
2023-04-25 17:05:25,407 [Start Initializeing]
2023-04-25 17:05:25,407 [Start Init Connections.]
2023-04-25 17:05:25,410 [Start Init Connection DLL.....]
2023-04-25 17:05:25,595 [Loading new  ConnectionDll£ºGlorysoft.Connection.DB£¬D:\WXWork\1688854991299446\Cache\File\2023-04\02.SourceCode\02.SourceCode\BCCommon\Glorysoft.BC.Server\bin\Debug\ConnectionDLL\Glorysoft.Connection.DB.dll]
2023-04-25 17:05:25,660 [Register ConnectionDll£ºGlorysoft.Connection.DB£¬D:\WXWork\1688854991299446\Cache\File\2023-04\02.SourceCode\02.SourceCode\BCCommon\Glorysoft.BC.Server\bin\Debug\ConnectionDLL\Glorysoft.Connection.DB.dll]
2023-04-25 17:05:25,660 [Start Init Connection DLL.....]
2023-04-25 17:05:25,708 [Loading new  ConnectionDll£ºGlorysoft.Connection.Melsec£¬D:\WXWork\1688854991299446\Cache\File\2023-04\02.SourceCode\02.SourceCode\BCCommon\Glorysoft.BC.Server\bin\Debug\ConnectionDLL\Glorysoft.Connection.Melsec.dll]
2023-04-25 17:05:25,709 [Register ConnectionDll£ºGlorysoft.Connection.Melsec£¬D:\WXWork\1688854991299446\Cache\File\2023-04\02.SourceCode\02.SourceCode\BCCommon\Glorysoft.BC.Server\bin\Debug\ConnectionDLL\Glorysoft.Connection.Melsec.dll]
2023-04-25 17:05:25,710 [Start Init Connection DLL.....]
2023-04-25 17:05:25,746 [Loading new  ConnectionDll£ºGlorysoft.Connection.SEMI£¬D:\WXWork\1688854991299446\Cache\File\2023-04\02.SourceCode\02.SourceCode\BCCommon\Glorysoft.BC.Server\bin\Debug\ConnectionDLL\Glorysoft.Connection.SEMI.dll]
2023-04-25 17:05:25,747 [Register ConnectionDll£ºGlorysoft.Connection.SEMI£¬D:\WXWork\1688854991299446\Cache\File\2023-04\02.SourceCode\02.SourceCode\BCCommon\Glorysoft.BC.Server\bin\Debug\ConnectionDLL\Glorysoft.Connection.SEMI.dll]
2023-04-25 17:05:26,153 [Init Connections. Sucessfully]
2023-04-25 17:05:26,154 [Start Init External Service.....]
2023-04-25 17:05:26,233 [Loading new Dll£ºGlorysoft.BC.Db.Service£¬D:\WXWork\1688854991299446\Cache\File\2023-04\02.SourceCode\02.SourceCode\BCCommon\Glorysoft.BC.Server\bin\Debug\PluginsDLL\Glorysoft.BC.Db.Service.dll]
2023-04-25 17:05:26,436 [Register Interface Successfully.£ºGlorysoft.BC.Db.Service£¬D:\WXWork\1688854991299446\Cache\File\2023-04\02.SourceCode\02.SourceCode\BCCommon\Glorysoft.BC.Server\bin\Debug\PluginsDLL\Glorysoft.BC.Db.Service.dll]
2023-04-25 17:05:26,436 [Start Init External Service.....]
2023-04-25 17:05:26,528 [Loading new Dll£ºGlorysoft.BC.EQP.Service£¬D:\WXWork\1688854991299446\Cache\File\2023-04\02.SourceCode\02.SourceCode\BCCommon\Glorysoft.BC.Server\bin\Debug\PluginsDLL\Glorysoft.BC.EQP.Service.dll]
2023-04-25 17:05:26,539 [Register Interface Successfully.£ºGlorysoft.BC.EQP.Service£¬D:\WXWork\1688854991299446\Cache\File\2023-04\02.SourceCode\02.SourceCode\BCCommon\Glorysoft.BC.Server\bin\Debug\PluginsDLL\Glorysoft.BC.EQP.Service.dll]
2023-04-25 17:05:26,539 [Start Init External Service.....]
2023-04-25 17:05:26,612 [Loading new Dll£ºGlorysoft.BC.Logic.Service£¬D:\WXWork\1688854991299446\Cache\File\2023-04\02.SourceCode\02.SourceCode\BCCommon\Glorysoft.BC.Server\bin\Debug\PluginsDLL\Glorysoft.BC.Logic.Service.dll]
2023-04-25 17:05:26,622 [Register Interface Successfully.£ºGlorysoft.BC.Logic.Service£¬D:\WXWork\1688854991299446\Cache\File\2023-04\02.SourceCode\02.SourceCode\BCCommon\Glorysoft.BC.Server\bin\Debug\PluginsDLL\Glorysoft.BC.Logic.Service.dll]
2023-04-25 17:05:26,622 [Start Init External Service.....]
2023-04-25 17:05:26,674 [Loading new Dll£ºGlorysoft.BC.SECS.Service£¬D:\WXWork\1688854991299446\Cache\File\2023-04\02.SourceCode\02.SourceCode\BCCommon\Glorysoft.BC.Server\bin\Debug\PluginsDLL\Glorysoft.BC.SECS.Service.dll]
2023-04-25 17:05:26,697 [Register Interface Successfully.£ºGlorysoft.BC.SECS.Service£¬D:\WXWork\1688854991299446\Cache\File\2023-04\02.SourceCode\02.SourceCode\BCCommon\Glorysoft.BC.Server\bin\Debug\PluginsDLL\Glorysoft.BC.SECS.Service.dll]
2023-04-25 17:05:26,697 [Start Init External Services.]
2023-04-25 17:05:26,698 [Initialization Successfully]
2023-04-25 17:05:28,789 [Start Open All Connection.]
2023-04-25 17:05:28,825 [Open Connection Succesfully.]-[Connection:TEST01.]
2023-04-25 17:05:28,825 [Open Connection Succesfully.]-[Connection:TEST01.]
2023-04-25 17:05:28,972 [Open Connection Succesfully.]-[Connection:Loader.]
2023-04-25 17:05:28,972 [Open Connection Succesfully.]-[Connection:Loader.]
2023-04-25 17:05:28,972 [Open All Connection Successfully.]
2023-04-25 17:25:55,376 [Init Logger Success:Framework]
2023-04-25 17:25:55,379 [Start Initializeing]
2023-04-25 17:25:55,379 [Start Init Connections.]
2023-04-25 17:25:55,382 [Start Init Connection DLL.....]
2023-04-25 17:25:55,620 [Loading new  ConnectionDll£ºGlorysoft.Connection.DB£¬D:\WXWork\1688854991299446\Cache\File\2023-04\02.SourceCode\02.SourceCode\BCCommon\Glorysoft.BC.Server\bin\Debug\ConnectionDLL\Glorysoft.Connection.DB.dll]
2023-04-25 17:25:55,690 [Register ConnectionDll£ºGlorysoft.Connection.DB£¬D:\WXWork\1688854991299446\Cache\File\2023-04\02.SourceCode\02.SourceCode\BCCommon\Glorysoft.BC.Server\bin\Debug\ConnectionDLL\Glorysoft.Connection.DB.dll]
2023-04-25 17:25:55,690 [Start Init Connection DLL.....]
2023-04-25 17:25:55,765 [Loading new  ConnectionDll£ºGlorysoft.Connection.Melsec£¬D:\WXWork\1688854991299446\Cache\File\2023-04\02.SourceCode\02.SourceCode\BCCommon\Glorysoft.BC.Server\bin\Debug\ConnectionDLL\Glorysoft.Connection.Melsec.dll]
2023-04-25 17:25:55,766 [Register ConnectionDll£ºGlorysoft.Connection.Melsec£¬D:\WXWork\1688854991299446\Cache\File\2023-04\02.SourceCode\02.SourceCode\BCCommon\Glorysoft.BC.Server\bin\Debug\ConnectionDLL\Glorysoft.Connection.Melsec.dll]
2023-04-25 17:25:55,766 [Start Init Connection DLL.....]
2023-04-25 17:25:55,808 [Loading new  ConnectionDll£ºGlorysoft.Connection.SEMI£¬D:\WXWork\1688854991299446\Cache\File\2023-04\02.SourceCode\02.SourceCode\BCCommon\Glorysoft.BC.Server\bin\Debug\ConnectionDLL\Glorysoft.Connection.SEMI.dll]
2023-04-25 17:25:55,808 [Register ConnectionDll£ºGlorysoft.Connection.SEMI£¬D:\WXWork\1688854991299446\Cache\File\2023-04\02.SourceCode\02.SourceCode\BCCommon\Glorysoft.BC.Server\bin\Debug\ConnectionDLL\Glorysoft.Connection.SEMI.dll]
2023-04-25 17:25:56,303 [Init Connections. Sucessfully]
2023-04-25 17:25:56,305 [Start Init External Service.....]
2023-04-25 17:25:56,394 [Loading new Dll£ºGlorysoft.BC.Db.Service£¬D:\WXWork\1688854991299446\Cache\File\2023-04\02.SourceCode\02.SourceCode\BCCommon\Glorysoft.BC.Server\bin\Debug\PluginsDLL\Glorysoft.BC.Db.Service.dll]
2023-04-25 17:25:56,632 [Register Interface Successfully.£ºGlorysoft.BC.Db.Service£¬D:\WXWork\1688854991299446\Cache\File\2023-04\02.SourceCode\02.SourceCode\BCCommon\Glorysoft.BC.Server\bin\Debug\PluginsDLL\Glorysoft.BC.Db.Service.dll]
2023-04-25 17:25:56,632 [Start Init External Service.....]
2023-04-25 17:25:56,758 [Loading new Dll£ºGlorysoft.BC.EQP.Service£¬D:\WXWork\1688854991299446\Cache\File\2023-04\02.SourceCode\02.SourceCode\BCCommon\Glorysoft.BC.Server\bin\Debug\PluginsDLL\Glorysoft.BC.EQP.Service.dll]
2023-04-25 17:25:56,765 [Register Interface Successfully.£ºGlorysoft.BC.EQP.Service£¬D:\WXWork\1688854991299446\Cache\File\2023-04\02.SourceCode\02.SourceCode\BCCommon\Glorysoft.BC.Server\bin\Debug\PluginsDLL\Glorysoft.BC.EQP.Service.dll]
2023-04-25 17:25:56,765 [Start Init External Service.....]
2023-04-25 17:25:56,860 [Loading new Dll£ºGlorysoft.BC.Logic.Service£¬D:\WXWork\1688854991299446\Cache\File\2023-04\02.SourceCode\02.SourceCode\BCCommon\Glorysoft.BC.Server\bin\Debug\PluginsDLL\Glorysoft.BC.Logic.Service.dll]
2023-04-25 17:25:56,870 [Register Interface Successfully.£ºGlorysoft.BC.Logic.Service£¬D:\WXWork\1688854991299446\Cache\File\2023-04\02.SourceCode\02.SourceCode\BCCommon\Glorysoft.BC.Server\bin\Debug\PluginsDLL\Glorysoft.BC.Logic.Service.dll]
2023-04-25 17:25:56,870 [Start Init External Service.....]
2023-04-25 17:25:56,933 [Loading new Dll£ºGlorysoft.BC.SECS.Service£¬D:\WXWork\1688854991299446\Cache\File\2023-04\02.SourceCode\02.SourceCode\BCCommon\Glorysoft.BC.Server\bin\Debug\PluginsDLL\Glorysoft.BC.SECS.Service.dll]
2023-04-25 17:25:56,956 [Register Interface Successfully.£ºGlorysoft.BC.SECS.Service£¬D:\WXWork\1688854991299446\Cache\File\2023-04\02.SourceCode\02.SourceCode\BCCommon\Glorysoft.BC.Server\bin\Debug\PluginsDLL\Glorysoft.BC.SECS.Service.dll]
2023-04-25 17:25:56,956 [Start Init External Services.]
2023-04-25 17:25:56,956 [Initialization Successfully]
2023-04-25 17:25:59,154 [Start Open All Connection.]
2023-04-25 17:25:59,190 [Open Connection Succesfully.]-[Connection:TEST01.]
2023-04-25 17:25:59,191 [Open Connection Succesfully.]-[Connection:TEST01.]
2023-04-25 17:25:59,344 [Open Connection Succesfully.]-[Connection:Loader.]
2023-04-25 17:25:59,344 [Open Connection Succesfully.]-[Connection:Loader.]
2023-04-25 17:25:59,344 [Open All Connection Successfully.]
2023-04-25 17:43:39,427 [Init Logger Success:Framework]
2023-04-25 17:43:39,430 [Start Initializeing]
2023-04-25 17:43:39,431 [Start Init Connections.]
2023-04-25 17:43:39,433 [Start Init Connection DLL.....]
2023-04-25 17:43:39,663 [Loading new  ConnectionDll£ºGlorysoft.Connection.DB£¬D:\WXWork\1688854991299446\Cache\File\2023-04\02.SourceCode\02.SourceCode\BCCommon\Glorysoft.BC.Server\bin\Debug\ConnectionDLL\Glorysoft.Connection.DB.dll]
2023-04-25 17:43:39,734 [Register ConnectionDll£ºGlorysoft.Connection.DB£¬D:\WXWork\1688854991299446\Cache\File\2023-04\02.SourceCode\02.SourceCode\BCCommon\Glorysoft.BC.Server\bin\Debug\ConnectionDLL\Glorysoft.Connection.DB.dll]
2023-04-25 17:43:39,734 [Start Init Connection DLL.....]
2023-04-25 17:43:39,777 [Loading new  ConnectionDll£ºGlorysoft.Connection.Melsec£¬D:\WXWork\1688854991299446\Cache\File\2023-04\02.SourceCode\02.SourceCode\BCCommon\Glorysoft.BC.Server\bin\Debug\ConnectionDLL\Glorysoft.Connection.Melsec.dll]
2023-04-25 17:43:39,777 [Register ConnectionDll£ºGlorysoft.Connection.Melsec£¬D:\WXWork\1688854991299446\Cache\File\2023-04\02.SourceCode\02.SourceCode\BCCommon\Glorysoft.BC.Server\bin\Debug\ConnectionDLL\Glorysoft.Connection.Melsec.dll]
2023-04-25 17:43:39,777 [Start Init Connection DLL.....]
2023-04-25 17:43:39,816 [Loading new  ConnectionDll£ºGlorysoft.Connection.SEMI£¬D:\WXWork\1688854991299446\Cache\File\2023-04\02.SourceCode\02.SourceCode\BCCommon\Glorysoft.BC.Server\bin\Debug\ConnectionDLL\Glorysoft.Connection.SEMI.dll]
2023-04-25 17:43:39,816 [Register ConnectionDll£ºGlorysoft.Connection.SEMI£¬D:\WXWork\1688854991299446\Cache\File\2023-04\02.SourceCode\02.SourceCode\BCCommon\Glorysoft.BC.Server\bin\Debug\ConnectionDLL\Glorysoft.Connection.SEMI.dll]
2023-04-25 17:43:40,209 [Init Connections. Sucessfully]
2023-04-25 17:43:40,210 [Start Init External Service.....]
2023-04-25 17:43:40,272 [Loading new Dll£ºGlorysoft.BC.Db.Service£¬D:\WXWork\1688854991299446\Cache\File\2023-04\02.SourceCode\02.SourceCode\BCCommon\Glorysoft.BC.Server\bin\Debug\PluginsDLL\Glorysoft.BC.Db.Service.dll]
2023-04-25 17:43:40,484 [Register Interface Successfully.£ºGlorysoft.BC.Db.Service£¬D:\WXWork\1688854991299446\Cache\File\2023-04\02.SourceCode\02.SourceCode\BCCommon\Glorysoft.BC.Server\bin\Debug\PluginsDLL\Glorysoft.BC.Db.Service.dll]
2023-04-25 17:43:40,484 [Start Init External Service.....]
2023-04-25 17:43:40,576 [Loading new Dll£ºGlorysoft.BC.EQP.Service£¬D:\WXWork\1688854991299446\Cache\File\2023-04\02.SourceCode\02.SourceCode\BCCommon\Glorysoft.BC.Server\bin\Debug\PluginsDLL\Glorysoft.BC.EQP.Service.dll]
2023-04-25 17:43:40,583 [Register Interface Successfully.£ºGlorysoft.BC.EQP.Service£¬D:\WXWork\1688854991299446\Cache\File\2023-04\02.SourceCode\02.SourceCode\BCCommon\Glorysoft.BC.Server\bin\Debug\PluginsDLL\Glorysoft.BC.EQP.Service.dll]
2023-04-25 17:43:40,583 [Start Init External Service.....]
2023-04-25 17:43:40,656 [Loading new Dll£ºGlorysoft.BC.Logic.Service£¬D:\WXWork\1688854991299446\Cache\File\2023-04\02.SourceCode\02.SourceCode\BCCommon\Glorysoft.BC.Server\bin\Debug\PluginsDLL\Glorysoft.BC.Logic.Service.dll]
2023-04-25 17:43:40,667 [Register Interface Successfully.£ºGlorysoft.BC.Logic.Service£¬D:\WXWork\1688854991299446\Cache\File\2023-04\02.SourceCode\02.SourceCode\BCCommon\Glorysoft.BC.Server\bin\Debug\PluginsDLL\Glorysoft.BC.Logic.Service.dll]
2023-04-25 17:43:40,667 [Start Init External Service.....]
2023-04-25 17:43:40,711 [Loading new Dll£ºGlorysoft.BC.SECS.Service£¬D:\WXWork\1688854991299446\Cache\File\2023-04\02.SourceCode\02.SourceCode\BCCommon\Glorysoft.BC.Server\bin\Debug\PluginsDLL\Glorysoft.BC.SECS.Service.dll]
2023-04-25 17:43:40,734 [Register Interface Successfully.£ºGlorysoft.BC.SECS.Service£¬D:\WXWork\1688854991299446\Cache\File\2023-04\02.SourceCode\02.SourceCode\BCCommon\Glorysoft.BC.Server\bin\Debug\PluginsDLL\Glorysoft.BC.SECS.Service.dll]
2023-04-25 17:43:40,734 [Start Init External Services.]
2023-04-25 17:43:40,734 [Initialization Successfully]
2023-04-25 17:43:42,745 [Start Open All Connection.]
2023-04-25 17:43:42,780 [Open Connection Succesfully.]-[Connection:TEST01.]
2023-04-25 17:43:42,781 [Open Connection Succesfully.]-[Connection:TEST01.]
2023-04-25 17:43:42,932 [Open Connection Succesfully.]-[Connection:Loader.]
2023-04-25 17:43:42,932 [Open Connection Succesfully.]-[Connection:Loader.]
2023-04-25 17:43:42,932 [Open All Connection Successfully.]
