2023-04-26 09:11:29,837 [Init Logger Success:Framework]
2023-04-26 09:11:29,841 [Start Initializeing]
2023-04-26 09:11:29,841 [Start Init Connections.]
2023-04-26 09:11:29,844 [Start Init Connection DLL.....]
2023-04-26 09:11:30,033 [Loading new  ConnectionDll£ºGlorysoft.Connection.DB£¬D:\WXWork\1688854991299446\Cache\File\2023-04\02.SourceCode\02.SourceCode\BCCommon\Glorysoft.BC.Server\bin\Debug\ConnectionDLL\Glorysoft.Connection.DB.dll]
2023-04-26 09:11:30,099 [Register ConnectionDll£ºGlorysoft.Connection.DB£¬D:\WXWork\1688854991299446\Cache\File\2023-04\02.SourceCode\02.SourceCode\BCCommon\Glorysoft.BC.Server\bin\Debug\ConnectionDLL\Glorysoft.Connection.DB.dll]
2023-04-26 09:11:30,100 [Start Init Connection DLL.....]
2023-04-26 09:11:30,145 [Loading new  ConnectionDll£ºGlorysoft.Connection.Melsec£¬D:\WXWork\1688854991299446\Cache\File\2023-04\02.SourceCode\02.SourceCode\BCCommon\Glorysoft.BC.Server\bin\Debug\ConnectionDLL\Glorysoft.Connection.Melsec.dll]
2023-04-26 09:11:30,146 [Register ConnectionDll£ºGlorysoft.Connection.Melsec£¬D:\WXWork\1688854991299446\Cache\File\2023-04\02.SourceCode\02.SourceCode\BCCommon\Glorysoft.BC.Server\bin\Debug\ConnectionDLL\Glorysoft.Connection.Melsec.dll]
2023-04-26 09:11:30,146 [Start Init Connection DLL.....]
2023-04-26 09:11:30,187 [Loading new  ConnectionDll£ºGlorysoft.Connection.SEMI£¬D:\WXWork\1688854991299446\Cache\File\2023-04\02.SourceCode\02.SourceCode\BCCommon\Glorysoft.BC.Server\bin\Debug\ConnectionDLL\Glorysoft.Connection.SEMI.dll]
2023-04-26 09:11:30,187 [Register ConnectionDll£ºGlorysoft.Connection.SEMI£¬D:\WXWork\1688854991299446\Cache\File\2023-04\02.SourceCode\02.SourceCode\BCCommon\Glorysoft.BC.Server\bin\Debug\ConnectionDLL\Glorysoft.Connection.SEMI.dll]
2023-04-26 09:11:30,583 [Init Connections. Sucessfully]
2023-04-26 09:11:30,584 [Start Init External Service.....]
2023-04-26 09:11:30,650 [Loading new Dll£ºGlorysoft.BC.Db.Service£¬D:\WXWork\1688854991299446\Cache\File\2023-04\02.SourceCode\02.SourceCode\BCCommon\Glorysoft.BC.Server\bin\Debug\PluginsDLL\Glorysoft.BC.Db.Service.dll]
2023-04-26 09:11:30,844 [Register Interface Successfully.£ºGlorysoft.BC.Db.Service£¬D:\WXWork\1688854991299446\Cache\File\2023-04\02.SourceCode\02.SourceCode\BCCommon\Glorysoft.BC.Server\bin\Debug\PluginsDLL\Glorysoft.BC.Db.Service.dll]
2023-04-26 09:11:30,845 [Start Init External Service.....]
2023-04-26 09:11:30,937 [Loading new Dll£ºGlorysoft.BC.EQP.Service£¬D:\WXWork\1688854991299446\Cache\File\2023-04\02.SourceCode\02.SourceCode\BCCommon\Glorysoft.BC.Server\bin\Debug\PluginsDLL\Glorysoft.BC.EQP.Service.dll]
2023-04-26 09:11:30,944 [Register Interface Successfully.£ºGlorysoft.BC.EQP.Service£¬D:\WXWork\1688854991299446\Cache\File\2023-04\02.SourceCode\02.SourceCode\BCCommon\Glorysoft.BC.Server\bin\Debug\PluginsDLL\Glorysoft.BC.EQP.Service.dll]
2023-04-26 09:11:30,944 [Start Init External Service.....]
2023-04-26 09:11:31,016 [Loading new Dll£ºGlorysoft.BC.Logic.Service£¬D:\WXWork\1688854991299446\Cache\File\2023-04\02.SourceCode\02.SourceCode\BCCommon\Glorysoft.BC.Server\bin\Debug\PluginsDLL\Glorysoft.BC.Logic.Service.dll]
2023-04-26 09:11:31,016 [Start Init External Service.....]
2023-04-26 09:11:31,017 [Plugin Dll File Not Exist£ºPluginsDLLGlorysoft.BC.Logic.Service£¬D:\WXWork\1688854991299446\Cache\File\2023-04\02.SourceCode\02.SourceCode\BCCommon\Glorysoft.BC.Server\bin\Debug\PluginsDLLGlorysoft.BC.Logic.Service.dll]
2023-04-26 09:11:31,022 [Register Interface Successfully.£ºGlorysoft.BC.Logic.Service£¬D:\WXWork\1688854991299446\Cache\File\2023-04\02.SourceCode\02.SourceCode\BCCommon\Glorysoft.BC.Server\bin\Debug\PluginsDLL\Glorysoft.BC.Logic.Service.dll]
2023-04-26 09:11:31,022 [Start Init External Service.....]
2023-04-26 09:11:31,071 [Loading new Dll£ºGlorysoft.BC.SECS.Service£¬D:\WXWork\1688854991299446\Cache\File\2023-04\02.SourceCode\02.SourceCode\BCCommon\Glorysoft.BC.Server\bin\Debug\PluginsDLL\Glorysoft.BC.SECS.Service.dll]
2023-04-26 09:11:31,092 [Register Interface Successfully.£ºGlorysoft.BC.SECS.Service£¬D:\WXWork\1688854991299446\Cache\File\2023-04\02.SourceCode\02.SourceCode\BCCommon\Glorysoft.BC.Server\bin\Debug\PluginsDLL\Glorysoft.BC.SECS.Service.dll]
2023-04-26 09:11:31,092 [Start Init External Services.]
2023-04-26 09:11:31,092 [Initialization Successfully]
2023-04-26 09:11:33,131 [Start Open All Connection.]
2023-04-26 09:11:33,177 [Open Connection Succesfully.]-[Connection:TEST01.]
2023-04-26 09:11:33,177 [Open Connection Succesfully.]-[Connection:TEST01.]
2023-04-26 09:11:33,330 [Open Connection Succesfully.]-[Connection:Loader.]
2023-04-26 09:11:33,331 [Open Connection Succesfully.]-[Connection:Loader.]
2023-04-26 09:11:33,331 [Open All Connection Successfully.]
2023-04-26 09:30:04,514 [Init Logger Success:Framework]
2023-04-26 09:30:04,517 [Start Initializeing]
2023-04-26 09:30:04,517 [Start Init Connections.]
2023-04-26 09:30:04,521 [Start Init Connection DLL.....]
2023-04-26 09:30:04,703 [Loading new  ConnectionDll£ºGlorysoft.Connection.DB£¬D:\WXWork\1688854991299446\Cache\File\2023-04\02.SourceCode\02.SourceCode\BCCommon\Glorysoft.BC.Server\bin\Debug\ConnectionDLL\Glorysoft.Connection.DB.dll]
2023-04-26 09:30:04,772 [Register ConnectionDll£ºGlorysoft.Connection.DB£¬D:\WXWork\1688854991299446\Cache\File\2023-04\02.SourceCode\02.SourceCode\BCCommon\Glorysoft.BC.Server\bin\Debug\ConnectionDLL\Glorysoft.Connection.DB.dll]
2023-04-26 09:30:04,772 [Start Init Connection DLL.....]
2023-04-26 09:30:04,819 [Loading new  ConnectionDll£ºGlorysoft.Connection.Melsec£¬D:\WXWork\1688854991299446\Cache\File\2023-04\02.SourceCode\02.SourceCode\BCCommon\Glorysoft.BC.Server\bin\Debug\ConnectionDLL\Glorysoft.Connection.Melsec.dll]
2023-04-26 09:30:04,821 [Register ConnectionDll£ºGlorysoft.Connection.Melsec£¬D:\WXWork\1688854991299446\Cache\File\2023-04\02.SourceCode\02.SourceCode\BCCommon\Glorysoft.BC.Server\bin\Debug\ConnectionDLL\Glorysoft.Connection.Melsec.dll]
2023-04-26 09:30:04,821 [Start Init Connection DLL.....]
2023-04-26 09:30:04,860 [Loading new  ConnectionDll£ºGlorysoft.Connection.SEMI£¬D:\WXWork\1688854991299446\Cache\File\2023-04\02.SourceCode\02.SourceCode\BCCommon\Glorysoft.BC.Server\bin\Debug\ConnectionDLL\Glorysoft.Connection.SEMI.dll]
2023-04-26 09:30:04,860 [Register ConnectionDll£ºGlorysoft.Connection.SEMI£¬D:\WXWork\1688854991299446\Cache\File\2023-04\02.SourceCode\02.SourceCode\BCCommon\Glorysoft.BC.Server\bin\Debug\ConnectionDLL\Glorysoft.Connection.SEMI.dll]
2023-04-26 09:30:05,262 [Init Connections. Sucessfully]
2023-04-26 09:30:05,263 [Start Init External Service.....]
2023-04-26 09:30:05,336 [Loading new Dll£ºGlorysoft.BC.Db.Service£¬D:\WXWork\1688854991299446\Cache\File\2023-04\02.SourceCode\02.SourceCode\BCCommon\Glorysoft.BC.Server\bin\Debug\PluginsDLL\Glorysoft.BC.Db.Service.dll]
2023-04-26 09:30:05,537 [Register Interface Successfully.£ºGlorysoft.BC.Db.Service£¬D:\WXWork\1688854991299446\Cache\File\2023-04\02.SourceCode\02.SourceCode\BCCommon\Glorysoft.BC.Server\bin\Debug\PluginsDLL\Glorysoft.BC.Db.Service.dll]
2023-04-26 09:30:05,537 [Start Init External Service.....]
2023-04-26 09:30:05,627 [Loading new Dll£ºGlorysoft.BC.EQP.Service£¬D:\WXWork\1688854991299446\Cache\File\2023-04\02.SourceCode\02.SourceCode\BCCommon\Glorysoft.BC.Server\bin\Debug\PluginsDLL\Glorysoft.BC.EQP.Service.dll]
2023-04-26 09:30:05,635 [Register Interface Successfully.£ºGlorysoft.BC.EQP.Service£¬D:\WXWork\1688854991299446\Cache\File\2023-04\02.SourceCode\02.SourceCode\BCCommon\Glorysoft.BC.Server\bin\Debug\PluginsDLL\Glorysoft.BC.EQP.Service.dll]
2023-04-26 09:30:05,635 [Start Init External Service.....]
2023-04-26 09:30:05,642 [Loading new Dll£ºGlorysoft.BC.Logic.Service£¬D:\WXWork\1688854991299446\Cache\File\2023-04\02.SourceCode\02.SourceCode\BCCommon\Glorysoft.BC.Server\bin\Debug\PluginsDLL\Glorysoft.BC.Logic.Service.dll]
2023-04-26 09:30:05,648 [Register Interface Successfully.£ºGlorysoft.BC.Logic.Service£¬D:\WXWork\1688854991299446\Cache\File\2023-04\02.SourceCode\02.SourceCode\BCCommon\Glorysoft.BC.Server\bin\Debug\PluginsDLL\Glorysoft.BC.Logic.Service.dll]
2023-04-26 09:30:05,648 [Start Init External Service.....]
2023-04-26 09:30:05,694 [Loading new Dll£ºGlorysoft.BC.SECS.Service£¬D:\WXWork\1688854991299446\Cache\File\2023-04\02.SourceCode\02.SourceCode\BCCommon\Glorysoft.BC.Server\bin\Debug\PluginsDLL\Glorysoft.BC.SECS.Service.dll]
2023-04-26 09:30:05,716 [Register Interface Successfully.£ºGlorysoft.BC.SECS.Service£¬D:\WXWork\1688854991299446\Cache\File\2023-04\02.SourceCode\02.SourceCode\BCCommon\Glorysoft.BC.Server\bin\Debug\PluginsDLL\Glorysoft.BC.SECS.Service.dll]
2023-04-26 09:30:05,717 [Start Init External Services.]
2023-04-26 09:30:05,717 [Initialization Successfully]
2023-04-26 09:30:07,790 [Start Open All Connection.]
2023-04-26 09:30:07,824 [Open Connection Succesfully.]-[Connection:TEST01.]
2023-04-26 09:30:07,825 [Open Connection Succesfully.]-[Connection:TEST01.]
2023-04-26 09:30:07,974 [Open Connection Succesfully.]-[Connection:Loader.]
2023-04-26 09:30:07,974 [Open Connection Succesfully.]-[Connection:Loader.]
2023-04-26 09:30:07,974 [Open All Connection Successfully.]
2023-04-26 09:42:40,846 [Init Logger Success:Framework]
2023-04-26 09:42:40,849 [Start Initializeing]
2023-04-26 09:42:40,849 [Start Init Connections.]
2023-04-26 09:42:40,852 [Start Init Connection DLL.....]
2023-04-26 09:42:41,027 [Loading new  ConnectionDll£ºGlorysoft.Connection.DB£¬D:\WXWork\1688854991299446\Cache\File\2023-04\02.SourceCode\02.SourceCode\BCCommon\Glorysoft.BC.Server\bin\Debug\ConnectionDLL\Glorysoft.Connection.DB.dll]
2023-04-26 09:42:41,095 [Register ConnectionDll£ºGlorysoft.Connection.DB£¬D:\WXWork\1688854991299446\Cache\File\2023-04\02.SourceCode\02.SourceCode\BCCommon\Glorysoft.BC.Server\bin\Debug\ConnectionDLL\Glorysoft.Connection.DB.dll]
2023-04-26 09:42:41,095 [Start Init Connection DLL.....]
2023-04-26 09:42:41,152 [Loading new  ConnectionDll£ºGlorysoft.Connection.Melsec£¬D:\WXWork\1688854991299446\Cache\File\2023-04\02.SourceCode\02.SourceCode\BCCommon\Glorysoft.BC.Server\bin\Debug\ConnectionDLL\Glorysoft.Connection.Melsec.dll]
2023-04-26 09:42:41,153 [Register ConnectionDll£ºGlorysoft.Connection.Melsec£¬D:\WXWork\1688854991299446\Cache\File\2023-04\02.SourceCode\02.SourceCode\BCCommon\Glorysoft.BC.Server\bin\Debug\ConnectionDLL\Glorysoft.Connection.Melsec.dll]
2023-04-26 09:42:41,153 [Start Init Connection DLL.....]
2023-04-26 09:42:41,192 [Loading new  ConnectionDll£ºGlorysoft.Connection.SEMI£¬D:\WXWork\1688854991299446\Cache\File\2023-04\02.SourceCode\02.SourceCode\BCCommon\Glorysoft.BC.Server\bin\Debug\ConnectionDLL\Glorysoft.Connection.SEMI.dll]
2023-04-26 09:42:41,192 [Register ConnectionDll£ºGlorysoft.Connection.SEMI£¬D:\WXWork\1688854991299446\Cache\File\2023-04\02.SourceCode\02.SourceCode\BCCommon\Glorysoft.BC.Server\bin\Debug\ConnectionDLL\Glorysoft.Connection.SEMI.dll]
2023-04-26 09:42:41,612 [Init Connections. Sucessfully]
2023-04-26 09:42:41,614 [Start Init External Service.....]
2023-04-26 09:42:41,683 [Loading new Dll£ºGlorysoft.BC.Db.Service£¬D:\WXWork\1688854991299446\Cache\File\2023-04\02.SourceCode\02.SourceCode\BCCommon\Glorysoft.BC.Server\bin\Debug\PluginsDLL\Glorysoft.BC.Db.Service.dll]
2023-04-26 09:42:41,890 [Register Interface Successfully.£ºGlorysoft.BC.Db.Service£¬D:\WXWork\1688854991299446\Cache\File\2023-04\02.SourceCode\02.SourceCode\BCCommon\Glorysoft.BC.Server\bin\Debug\PluginsDLL\Glorysoft.BC.Db.Service.dll]
2023-04-26 09:42:41,890 [Start Init External Service.....]
2023-04-26 09:42:41,989 [Loading new Dll£ºGlorysoft.BC.EQP.Service£¬D:\WXWork\1688854991299446\Cache\File\2023-04\02.SourceCode\02.SourceCode\BCCommon\Glorysoft.BC.Server\bin\Debug\PluginsDLL\Glorysoft.BC.EQP.Service.dll]
2023-04-26 09:42:41,997 [Register Interface Successfully.£ºGlorysoft.BC.EQP.Service£¬D:\WXWork\1688854991299446\Cache\File\2023-04\02.SourceCode\02.SourceCode\BCCommon\Glorysoft.BC.Server\bin\Debug\PluginsDLL\Glorysoft.BC.EQP.Service.dll]
2023-04-26 09:42:41,997 [Start Init External Service.....]
2023-04-26 09:42:42,013 [Loading new Dll£ºGlorysoft.BC.Logic.Service£¬D:\WXWork\1688854991299446\Cache\File\2023-04\02.SourceCode\02.SourceCode\BCCommon\Glorysoft.BC.Server\bin\Debug\PluginsDLL\Glorysoft.BC.Logic.Service.dll]
2023-04-26 09:42:42,019 [Register Interface Successfully.£ºGlorysoft.BC.Logic.Service£¬D:\WXWork\1688854991299446\Cache\File\2023-04\02.SourceCode\02.SourceCode\BCCommon\Glorysoft.BC.Server\bin\Debug\PluginsDLL\Glorysoft.BC.Logic.Service.dll]
2023-04-26 09:42:42,019 [Start Init External Service.....]
2023-04-26 09:42:42,066 [Loading new Dll£ºGlorysoft.BC.SECS.Service£¬D:\WXWork\1688854991299446\Cache\File\2023-04\02.SourceCode\02.SourceCode\BCCommon\Glorysoft.BC.Server\bin\Debug\PluginsDLL\Glorysoft.BC.SECS.Service.dll]
2023-04-26 09:42:42,088 [Register Interface Successfully.£ºGlorysoft.BC.SECS.Service£¬D:\WXWork\1688854991299446\Cache\File\2023-04\02.SourceCode\02.SourceCode\BCCommon\Glorysoft.BC.Server\bin\Debug\PluginsDLL\Glorysoft.BC.SECS.Service.dll]
2023-04-26 09:42:42,088 [Start Init External Services.]
2023-04-26 09:42:42,088 [Initialization Successfully]
2023-04-26 09:42:44,052 [Start Open All Connection.]
2023-04-26 09:42:44,085 [Open Connection Succesfully.]-[Connection:TEST01.]
2023-04-26 09:42:44,087 [Open Connection Succesfully.]-[Connection:TEST01.]
2023-04-26 09:42:44,241 [Open Connection Succesfully.]-[Connection:Loader.]
2023-04-26 09:42:44,241 [Open Connection Succesfully.]-[Connection:Loader.]
2023-04-26 09:42:44,241 [Open All Connection Successfully.]
2023-04-26 09:46:48,737 [Init Logger Success:Framework]
2023-04-26 09:46:48,741 [Start Initializeing]
2023-04-26 09:46:48,741 [Start Init Connections.]
2023-04-26 09:46:48,745 [Start Init Connection DLL.....]
2023-04-26 09:46:48,963 [Loading new  ConnectionDll£ºGlorysoft.Connection.DB£¬D:\WXWork\1688854991299446\Cache\File\2023-04\02.SourceCode\02.SourceCode\BCCommon\Glorysoft.BC.Server\bin\Debug\ConnectionDLL\Glorysoft.Connection.DB.dll]
2023-04-26 09:46:49,031 [Register ConnectionDll£ºGlorysoft.Connection.DB£¬D:\WXWork\1688854991299446\Cache\File\2023-04\02.SourceCode\02.SourceCode\BCCommon\Glorysoft.BC.Server\bin\Debug\ConnectionDLL\Glorysoft.Connection.DB.dll]
2023-04-26 09:46:49,031 [Start Init Connection DLL.....]
2023-04-26 09:46:49,086 [Loading new  ConnectionDll£ºGlorysoft.Connection.Melsec£¬D:\WXWork\1688854991299446\Cache\File\2023-04\02.SourceCode\02.SourceCode\BCCommon\Glorysoft.BC.Server\bin\Debug\ConnectionDLL\Glorysoft.Connection.Melsec.dll]
2023-04-26 09:46:49,087 [Register ConnectionDll£ºGlorysoft.Connection.Melsec£¬D:\WXWork\1688854991299446\Cache\File\2023-04\02.SourceCode\02.SourceCode\BCCommon\Glorysoft.BC.Server\bin\Debug\ConnectionDLL\Glorysoft.Connection.Melsec.dll]
2023-04-26 09:46:49,087 [Start Init Connection DLL.....]
2023-04-26 09:46:49,126 [Loading new  ConnectionDll£ºGlorysoft.Connection.SEMI£¬D:\WXWork\1688854991299446\Cache\File\2023-04\02.SourceCode\02.SourceCode\BCCommon\Glorysoft.BC.Server\bin\Debug\ConnectionDLL\Glorysoft.Connection.SEMI.dll]
2023-04-26 09:46:49,127 [Register ConnectionDll£ºGlorysoft.Connection.SEMI£¬D:\WXWork\1688854991299446\Cache\File\2023-04\02.SourceCode\02.SourceCode\BCCommon\Glorysoft.BC.Server\bin\Debug\ConnectionDLL\Glorysoft.Connection.SEMI.dll]
2023-04-26 09:46:49,230 [Init Connections. Sucessfully]
2023-04-26 09:46:49,231 [Start Init External Service.....]
2023-04-26 09:46:49,316 [Loading new Dll£ºGlorysoft.BC.Db.Service£¬D:\WXWork\1688854991299446\Cache\File\2023-04\02.SourceCode\02.SourceCode\BCCommon\Glorysoft.BC.Server\bin\Debug\PluginsDLL\Glorysoft.BC.Db.Service.dll]
2023-04-26 09:46:49,341 [Register Interface Successfully.£ºGlorysoft.BC.Db.Service£¬D:\WXWork\1688854991299446\Cache\File\2023-04\02.SourceCode\02.SourceCode\BCCommon\Glorysoft.BC.Server\bin\Debug\PluginsDLL\Glorysoft.BC.Db.Service.dll]
2023-04-26 09:46:49,342 [Start Init External Service.....]
2023-04-26 09:46:49,409 [Loading new Dll£ºGlorysoft.BC.EQP.Service£¬D:\WXWork\1688854991299446\Cache\File\2023-04\02.SourceCode\02.SourceCode\BCCommon\Glorysoft.BC.Server\bin\Debug\PluginsDLL\Glorysoft.BC.EQP.Service.dll]
2023-04-26 09:46:49,416 [Register Interface Successfully.£ºGlorysoft.BC.EQP.Service£¬D:\WXWork\1688854991299446\Cache\File\2023-04\02.SourceCode\02.SourceCode\BCCommon\Glorysoft.BC.Server\bin\Debug\PluginsDLL\Glorysoft.BC.EQP.Service.dll]
2023-04-26 09:46:49,416 [Start Init External Service.....]
2023-04-26 09:46:49,432 [Loading new Dll£ºGlorysoft.BC.Logic.Service£¬D:\WXWork\1688854991299446\Cache\File\2023-04\02.SourceCode\02.SourceCode\BCCommon\Glorysoft.BC.Server\bin\Debug\PluginsDLL\Glorysoft.BC.Logic.Service.dll]
2023-04-26 09:46:49,441 [Register Interface Successfully.£ºGlorysoft.BC.Logic.Service£¬D:\WXWork\1688854991299446\Cache\File\2023-04\02.SourceCode\02.SourceCode\BCCommon\Glorysoft.BC.Server\bin\Debug\PluginsDLL\Glorysoft.BC.Logic.Service.dll]
2023-04-26 09:46:49,441 [Start Init External Service.....]
2023-04-26 09:46:49,492 [Loading new Dll£ºGlorysoft.BC.SECS.Service£¬D:\WXWork\1688854991299446\Cache\File\2023-04\02.SourceCode\02.SourceCode\BCCommon\Glorysoft.BC.Server\bin\Debug\PluginsDLL\Glorysoft.BC.SECS.Service.dll]
2023-04-26 09:46:49,501 [Register Interface Successfully.£ºGlorysoft.BC.SECS.Service£¬D:\WXWork\1688854991299446\Cache\File\2023-04\02.SourceCode\02.SourceCode\BCCommon\Glorysoft.BC.Server\bin\Debug\PluginsDLL\Glorysoft.BC.SECS.Service.dll]
2023-04-26 09:46:49,501 [Start Init External Services.]
2023-04-26 09:46:49,501 [Initialization Successfully]
2023-04-26 09:46:51,099 [Start Open All Connection.]
2023-04-26 09:46:51,131 [Open Connection Succesfully.]-[Connection:TEST01.]
2023-04-26 09:46:51,131 [Open Connection Succesfully.]-[Connection:TEST01.]
2023-04-26 09:46:51,285 [Open Connection Succesfully.]-[Connection:Loader.]
2023-04-26 09:46:51,285 [Open Connection Succesfully.]-[Connection:Loader.]
2023-04-26 09:46:51,285 [Open All Connection Successfully.]
2023-04-26 10:00:11,325 [Init Logger Success:Framework]
2023-04-26 10:00:11,330 [Start Initializeing]
2023-04-26 10:00:11,330 [Start Init Connections.]
2023-04-26 10:00:11,333 [Start Init Connection DLL.....]
2023-04-26 10:00:11,515 [Loading new  ConnectionDll£ºGlorysoft.Connection.DB£¬D:\WXWork\1688854991299446\Cache\File\2023-04\02.SourceCode\02.SourceCode\BCCommon\Glorysoft.BC.Server\bin\Debug\ConnectionDLL\Glorysoft.Connection.DB.dll]
2023-04-26 10:00:11,580 [Register ConnectionDll£ºGlorysoft.Connection.DB£¬D:\WXWork\1688854991299446\Cache\File\2023-04\02.SourceCode\02.SourceCode\BCCommon\Glorysoft.BC.Server\bin\Debug\ConnectionDLL\Glorysoft.Connection.DB.dll]
2023-04-26 10:00:11,580 [Start Init Connection DLL.....]
2023-04-26 10:00:11,623 [Loading new  ConnectionDll£ºGlorysoft.Connection.Melsec£¬D:\WXWork\1688854991299446\Cache\File\2023-04\02.SourceCode\02.SourceCode\BCCommon\Glorysoft.BC.Server\bin\Debug\ConnectionDLL\Glorysoft.Connection.Melsec.dll]
2023-04-26 10:00:11,624 [Register ConnectionDll£ºGlorysoft.Connection.Melsec£¬D:\WXWork\1688854991299446\Cache\File\2023-04\02.SourceCode\02.SourceCode\BCCommon\Glorysoft.BC.Server\bin\Debug\ConnectionDLL\Glorysoft.Connection.Melsec.dll]
2023-04-26 10:00:11,624 [Start Init Connection DLL.....]
2023-04-26 10:00:11,662 [Loading new  ConnectionDll£ºGlorysoft.Connection.SEMI£¬D:\WXWork\1688854991299446\Cache\File\2023-04\02.SourceCode\02.SourceCode\BCCommon\Glorysoft.BC.Server\bin\Debug\ConnectionDLL\Glorysoft.Connection.SEMI.dll]
2023-04-26 10:00:11,662 [Register ConnectionDll£ºGlorysoft.Connection.SEMI£¬D:\WXWork\1688854991299446\Cache\File\2023-04\02.SourceCode\02.SourceCode\BCCommon\Glorysoft.BC.Server\bin\Debug\ConnectionDLL\Glorysoft.Connection.SEMI.dll]
2023-04-26 10:00:12,085 [Init Connections. Sucessfully]
2023-04-26 10:00:12,087 [Start Init External Service.....]
2023-04-26 10:00:12,158 [Loading new Dll£ºGlorysoft.BC.Db.Service£¬D:\WXWork\1688854991299446\Cache\File\2023-04\02.SourceCode\02.SourceCode\BCCommon\Glorysoft.BC.Server\bin\Debug\PluginsDLL\Glorysoft.BC.Db.Service.dll]
2023-04-26 10:00:12,367 [Register Interface Successfully.£ºGlorysoft.BC.Db.Service£¬D:\WXWork\1688854991299446\Cache\File\2023-04\02.SourceCode\02.SourceCode\BCCommon\Glorysoft.BC.Server\bin\Debug\PluginsDLL\Glorysoft.BC.Db.Service.dll]
2023-04-26 10:00:12,367 [Start Init External Service.....]
2023-04-26 10:00:12,458 [Loading new Dll£ºGlorysoft.BC.EQP.Service£¬D:\WXWork\1688854991299446\Cache\File\2023-04\02.SourceCode\02.SourceCode\BCCommon\Glorysoft.BC.Server\bin\Debug\PluginsDLL\Glorysoft.BC.EQP.Service.dll]
2023-04-26 10:00:12,466 [Register Interface Successfully.£ºGlorysoft.BC.EQP.Service£¬D:\WXWork\1688854991299446\Cache\File\2023-04\02.SourceCode\02.SourceCode\BCCommon\Glorysoft.BC.Server\bin\Debug\PluginsDLL\Glorysoft.BC.EQP.Service.dll]
2023-04-26 10:00:12,466 [Start Init External Service.....]
2023-04-26 10:00:12,546 [Loading new Dll£ºGlorysoft.BC.Logic.Service£¬D:\WXWork\1688854991299446\Cache\File\2023-04\02.SourceCode\02.SourceCode\BCCommon\Glorysoft.BC.Server\bin\Debug\PluginsDLL\Glorysoft.BC.Logic.Service.dll]
2023-04-26 10:00:12,552 [Register Interface Successfully.£ºGlorysoft.BC.Logic.Service£¬D:\WXWork\1688854991299446\Cache\File\2023-04\02.SourceCode\02.SourceCode\BCCommon\Glorysoft.BC.Server\bin\Debug\PluginsDLL\Glorysoft.BC.Logic.Service.dll]
2023-04-26 10:00:12,552 [Start Init External Service.....]
2023-04-26 10:00:12,595 [Loading new Dll£ºGlorysoft.BC.SECS.Service£¬D:\WXWork\1688854991299446\Cache\File\2023-04\02.SourceCode\02.SourceCode\BCCommon\Glorysoft.BC.Server\bin\Debug\PluginsDLL\Glorysoft.BC.SECS.Service.dll]
2023-04-26 10:00:12,615 [Register Interface Successfully.£ºGlorysoft.BC.SECS.Service£¬D:\WXWork\1688854991299446\Cache\File\2023-04\02.SourceCode\02.SourceCode\BCCommon\Glorysoft.BC.Server\bin\Debug\PluginsDLL\Glorysoft.BC.SECS.Service.dll]
2023-04-26 10:00:12,615 [Start Init External Services.]
2023-04-26 10:00:12,615 [Initialization Successfully]
2023-04-26 10:00:14,587 [Start Open All Connection.]
2023-04-26 10:00:14,625 [Open Connection Succesfully.]-[Connection:TEST01.]
2023-04-26 10:00:14,625 [Open Connection Succesfully.]-[Connection:TEST01.]
2023-04-26 10:00:14,782 [Open Connection Succesfully.]-[Connection:Loader.]
2023-04-26 10:00:14,782 [Open Connection Succesfully.]-[Connection:Loader.]
2023-04-26 10:00:14,782 [Open All Connection Successfully.]
2023-04-26 10:11:22,807 [Init Logger Success:Framework]
2023-04-26 10:11:22,810 [Start Initializeing]
2023-04-26 10:11:22,810 [Start Init Connections.]
2023-04-26 10:11:22,813 [Start Init Connection DLL.....]
2023-04-26 10:11:23,005 [Loading new  ConnectionDll£ºGlorysoft.Connection.DB£¬D:\WXWork\1688854991299446\Cache\File\2023-04\02.SourceCode\02.SourceCode\BCCommon\Glorysoft.BC.Server\bin\Debug\ConnectionDLL\Glorysoft.Connection.DB.dll]
2023-04-26 10:11:23,071 [Register ConnectionDll£ºGlorysoft.Connection.DB£¬D:\WXWork\1688854991299446\Cache\File\2023-04\02.SourceCode\02.SourceCode\BCCommon\Glorysoft.BC.Server\bin\Debug\ConnectionDLL\Glorysoft.Connection.DB.dll]
2023-04-26 10:11:23,071 [Start Init Connection DLL.....]
2023-04-26 10:11:23,116 [Loading new  ConnectionDll£ºGlorysoft.Connection.Melsec£¬D:\WXWork\1688854991299446\Cache\File\2023-04\02.SourceCode\02.SourceCode\BCCommon\Glorysoft.BC.Server\bin\Debug\ConnectionDLL\Glorysoft.Connection.Melsec.dll]
2023-04-26 10:11:23,117 [Register ConnectionDll£ºGlorysoft.Connection.Melsec£¬D:\WXWork\1688854991299446\Cache\File\2023-04\02.SourceCode\02.SourceCode\BCCommon\Glorysoft.BC.Server\bin\Debug\ConnectionDLL\Glorysoft.Connection.Melsec.dll]
2023-04-26 10:11:23,117 [Start Init Connection DLL.....]
2023-04-26 10:11:23,156 [Loading new  ConnectionDll£ºGlorysoft.Connection.SEMI£¬D:\WXWork\1688854991299446\Cache\File\2023-04\02.SourceCode\02.SourceCode\BCCommon\Glorysoft.BC.Server\bin\Debug\ConnectionDLL\Glorysoft.Connection.SEMI.dll]
2023-04-26 10:11:23,156 [Register ConnectionDll£ºGlorysoft.Connection.SEMI£¬D:\WXWork\1688854991299446\Cache\File\2023-04\02.SourceCode\02.SourceCode\BCCommon\Glorysoft.BC.Server\bin\Debug\ConnectionDLL\Glorysoft.Connection.SEMI.dll]
2023-04-26 10:11:23,562 [Init Connections. Sucessfully]
2023-04-26 10:11:23,563 [Start Init External Service.....]
2023-04-26 10:11:23,636 [Loading new Dll£ºGlorysoft.BC.Db.Service£¬D:\WXWork\1688854991299446\Cache\File\2023-04\02.SourceCode\02.SourceCode\BCCommon\Glorysoft.BC.Server\bin\Debug\PluginsDLL\Glorysoft.BC.Db.Service.dll]
2023-04-26 10:11:23,840 [Register Interface Successfully.£ºGlorysoft.BC.Db.Service£¬D:\WXWork\1688854991299446\Cache\File\2023-04\02.SourceCode\02.SourceCode\BCCommon\Glorysoft.BC.Server\bin\Debug\PluginsDLL\Glorysoft.BC.Db.Service.dll]
2023-04-26 10:11:23,840 [Start Init External Service.....]
2023-04-26 10:11:23,942 [Loading new Dll£ºGlorysoft.BC.EQP.Service£¬D:\WXWork\1688854991299446\Cache\File\2023-04\02.SourceCode\02.SourceCode\BCCommon\Glorysoft.BC.Server\bin\Debug\PluginsDLL\Glorysoft.BC.EQP.Service.dll]
2023-04-26 10:11:23,949 [Register Interface Successfully.£ºGlorysoft.BC.EQP.Service£¬D:\WXWork\1688854991299446\Cache\File\2023-04\02.SourceCode\02.SourceCode\BCCommon\Glorysoft.BC.Server\bin\Debug\PluginsDLL\Glorysoft.BC.EQP.Service.dll]
2023-04-26 10:11:23,949 [Start Init External Service.....]
2023-04-26 10:11:24,024 [Loading new Dll£ºGlorysoft.BC.Logic.Service£¬D:\WXWork\1688854991299446\Cache\File\2023-04\02.SourceCode\02.SourceCode\BCCommon\Glorysoft.BC.Server\bin\Debug\PluginsDLL\Glorysoft.BC.Logic.Service.dll]
2023-04-26 10:11:24,029 [Register Interface Successfully.£ºGlorysoft.BC.Logic.Service£¬D:\WXWork\1688854991299446\Cache\File\2023-04\02.SourceCode\02.SourceCode\BCCommon\Glorysoft.BC.Server\bin\Debug\PluginsDLL\Glorysoft.BC.Logic.Service.dll]
2023-04-26 10:11:24,029 [Start Init External Service.....]
2023-04-26 10:11:24,073 [Loading new Dll£ºGlorysoft.BC.SECS.Service£¬D:\WXWork\1688854991299446\Cache\File\2023-04\02.SourceCode\02.SourceCode\BCCommon\Glorysoft.BC.Server\bin\Debug\PluginsDLL\Glorysoft.BC.SECS.Service.dll]
2023-04-26 10:11:24,098 [Register Interface Successfully.£ºGlorysoft.BC.SECS.Service£¬D:\WXWork\1688854991299446\Cache\File\2023-04\02.SourceCode\02.SourceCode\BCCommon\Glorysoft.BC.Server\bin\Debug\PluginsDLL\Glorysoft.BC.SECS.Service.dll]
2023-04-26 10:11:24,098 [Start Init External Services.]
2023-04-26 10:11:24,098 [Initialization Successfully]
2023-04-26 10:11:26,088 [Start Open All Connection.]
2023-04-26 10:11:26,121 [Open Connection Succesfully.]-[Connection:TEST01.]
2023-04-26 10:11:26,122 [Open Connection Succesfully.]-[Connection:TEST01.]
2023-04-26 10:11:26,278 [Open Connection Succesfully.]-[Connection:Loader.]
2023-04-26 10:11:26,279 [Open Connection Succesfully.]-[Connection:Loader.]
2023-04-26 10:11:26,279 [Open All Connection Successfully.]
2023-04-26 10:48:52,107 [Init Logger Success:Framework]
2023-04-26 10:48:52,111 [Start Initializeing]
2023-04-26 10:48:52,111 [Start Init Connections.]
2023-04-26 10:48:52,113 [Start Init Connection DLL.....]
2023-04-26 10:48:52,343 [Loading new  ConnectionDll£ºGlorysoft.Connection.DB£¬D:\WXWork\1688854991299446\Cache\File\2023-04\02.SourceCode\02.SourceCode\BCCommon\Glorysoft.BC.Server\bin\Debug\ConnectionDLL\Glorysoft.Connection.DB.dll]
2023-04-26 10:48:52,425 [Register ConnectionDll£ºGlorysoft.Connection.DB£¬D:\WXWork\1688854991299446\Cache\File\2023-04\02.SourceCode\02.SourceCode\BCCommon\Glorysoft.BC.Server\bin\Debug\ConnectionDLL\Glorysoft.Connection.DB.dll]
2023-04-26 10:48:52,425 [Start Init Connection DLL.....]
2023-04-26 10:48:52,483 [Loading new  ConnectionDll£ºGlorysoft.Connection.Melsec£¬D:\WXWork\1688854991299446\Cache\File\2023-04\02.SourceCode\02.SourceCode\BCCommon\Glorysoft.BC.Server\bin\Debug\ConnectionDLL\Glorysoft.Connection.Melsec.dll]
2023-04-26 10:48:52,484 [Register ConnectionDll£ºGlorysoft.Connection.Melsec£¬D:\WXWork\1688854991299446\Cache\File\2023-04\02.SourceCode\02.SourceCode\BCCommon\Glorysoft.BC.Server\bin\Debug\ConnectionDLL\Glorysoft.Connection.Melsec.dll]
2023-04-26 10:48:52,484 [Start Init Connection DLL.....]
2023-04-26 10:48:52,536 [Loading new  ConnectionDll£ºGlorysoft.Connection.SEMI£¬D:\WXWork\1688854991299446\Cache\File\2023-04\02.SourceCode\02.SourceCode\BCCommon\Glorysoft.BC.Server\bin\Debug\ConnectionDLL\Glorysoft.Connection.SEMI.dll]
2023-04-26 10:48:52,537 [Register ConnectionDll£ºGlorysoft.Connection.SEMI£¬D:\WXWork\1688854991299446\Cache\File\2023-04\02.SourceCode\02.SourceCode\BCCommon\Glorysoft.BC.Server\bin\Debug\ConnectionDLL\Glorysoft.Connection.SEMI.dll]
2023-04-26 10:48:52,654 [Init Connections. Sucessfully]
2023-04-26 10:48:52,655 [Start Init External Service.....]
2023-04-26 10:48:52,745 [Loading new Dll£ºGlorysoft.BC.Db.Service£¬D:\WXWork\1688854991299446\Cache\File\2023-04\02.SourceCode\02.SourceCode\BCCommon\Glorysoft.BC.Server\bin\Debug\PluginsDLL\Glorysoft.BC.Db.Service.dll]
2023-04-26 10:48:52,771 [Register Interface Successfully.£ºGlorysoft.BC.Db.Service£¬D:\WXWork\1688854991299446\Cache\File\2023-04\02.SourceCode\02.SourceCode\BCCommon\Glorysoft.BC.Server\bin\Debug\PluginsDLL\Glorysoft.BC.Db.Service.dll]
2023-04-26 10:48:52,771 [Start Init External Service.....]
2023-04-26 10:48:52,830 [Loading new Dll£ºGlorysoft.BC.EQP.Service£¬D:\WXWork\1688854991299446\Cache\File\2023-04\02.SourceCode\02.SourceCode\BCCommon\Glorysoft.BC.Server\bin\Debug\PluginsDLL\Glorysoft.BC.EQP.Service.dll]
2023-04-26 10:48:52,840 [Register Interface Successfully.£ºGlorysoft.BC.EQP.Service£¬D:\WXWork\1688854991299446\Cache\File\2023-04\02.SourceCode\02.SourceCode\BCCommon\Glorysoft.BC.Server\bin\Debug\PluginsDLL\Glorysoft.BC.EQP.Service.dll]
2023-04-26 10:48:52,840 [Start Init External Service.....]
2023-04-26 10:48:52,954 [Loading new Dll£ºGlorysoft.BC.Logic.Service£¬D:\WXWork\1688854991299446\Cache\File\2023-04\02.SourceCode\02.SourceCode\BCCommon\Glorysoft.BC.Server\bin\Debug\PluginsDLL\Glorysoft.BC.Logic.Service.dll]
2023-04-26 10:48:52,960 [Register Interface Successfully.£ºGlorysoft.BC.Logic.Service£¬D:\WXWork\1688854991299446\Cache\File\2023-04\02.SourceCode\02.SourceCode\BCCommon\Glorysoft.BC.Server\bin\Debug\PluginsDLL\Glorysoft.BC.Logic.Service.dll]
2023-04-26 10:48:52,960 [Start Init External Service.....]
2023-04-26 10:48:53,090 [Loading new Dll£ºGlorysoft.BC.SECS.Service£¬D:\WXWork\1688854991299446\Cache\File\2023-04\02.SourceCode\02.SourceCode\BCCommon\Glorysoft.BC.Server\bin\Debug\PluginsDLL\Glorysoft.BC.SECS.Service.dll]
2023-04-26 10:48:53,104 [Register Interface Successfully.£ºGlorysoft.BC.SECS.Service£¬D:\WXWork\1688854991299446\Cache\File\2023-04\02.SourceCode\02.SourceCode\BCCommon\Glorysoft.BC.Server\bin\Debug\PluginsDLL\Glorysoft.BC.SECS.Service.dll]
2023-04-26 10:48:53,104 [Start Init External Services.]
2023-04-26 10:48:53,104 [Initialization Successfully]
2023-04-26 10:48:54,700 [Start Open All Connection.]
2023-04-26 10:48:54,741 [Open Connection Succesfully.]-[Connection:TEST01.]
2023-04-26 10:48:54,741 [Open Connection Succesfully.]-[Connection:TEST01.]
2023-04-26 10:48:54,885 [Open Connection Succesfully.]-[Connection:Loader.]
2023-04-26 10:48:54,885 [Open Connection Succesfully.]-[Connection:Loader.]
2023-04-26 10:48:54,885 [Open All Connection Successfully.]
2023-04-26 10:52:51,698 [Init Logger Success:Framework]
2023-04-26 10:52:51,701 [Start Initializeing]
2023-04-26 10:52:51,701 [Start Init Connections.]
2023-04-26 10:52:51,704 [Start Init Connection DLL.....]
2023-04-26 10:52:51,888 [Loading new  ConnectionDll£ºGlorysoft.Connection.DB£¬D:\WXWork\1688854991299446\Cache\File\2023-04\02.SourceCode\02.SourceCode\BCCommon\Glorysoft.BC.Server\bin\Debug\ConnectionDLL\Glorysoft.Connection.DB.dll]
2023-04-26 10:52:51,954 [Register ConnectionDll£ºGlorysoft.Connection.DB£¬D:\WXWork\1688854991299446\Cache\File\2023-04\02.SourceCode\02.SourceCode\BCCommon\Glorysoft.BC.Server\bin\Debug\ConnectionDLL\Glorysoft.Connection.DB.dll]
2023-04-26 10:52:51,954 [Start Init Connection DLL.....]
2023-04-26 10:52:51,998 [Loading new  ConnectionDll£ºGlorysoft.Connection.Melsec£¬D:\WXWork\1688854991299446\Cache\File\2023-04\02.SourceCode\02.SourceCode\BCCommon\Glorysoft.BC.Server\bin\Debug\ConnectionDLL\Glorysoft.Connection.Melsec.dll]
2023-04-26 10:52:51,998 [Register ConnectionDll£ºGlorysoft.Connection.Melsec£¬D:\WXWork\1688854991299446\Cache\File\2023-04\02.SourceCode\02.SourceCode\BCCommon\Glorysoft.BC.Server\bin\Debug\ConnectionDLL\Glorysoft.Connection.Melsec.dll]
2023-04-26 10:52:51,998 [Start Init Connection DLL.....]
2023-04-26 10:52:52,037 [Loading new  ConnectionDll£ºGlorysoft.Connection.SEMI£¬D:\WXWork\1688854991299446\Cache\File\2023-04\02.SourceCode\02.SourceCode\BCCommon\Glorysoft.BC.Server\bin\Debug\ConnectionDLL\Glorysoft.Connection.SEMI.dll]
2023-04-26 10:52:52,037 [Register ConnectionDll£ºGlorysoft.Connection.SEMI£¬D:\WXWork\1688854991299446\Cache\File\2023-04\02.SourceCode\02.SourceCode\BCCommon\Glorysoft.BC.Server\bin\Debug\ConnectionDLL\Glorysoft.Connection.SEMI.dll]
2023-04-26 10:52:52,478 [Init Connections. Sucessfully]
2023-04-26 10:52:52,479 [Start Init External Service.....]
2023-04-26 10:52:52,552 [Loading new Dll£ºGlorysoft.BC.Db.Service£¬D:\WXWork\1688854991299446\Cache\File\2023-04\02.SourceCode\02.SourceCode\BCCommon\Glorysoft.BC.Server\bin\Debug\PluginsDLL\Glorysoft.BC.Db.Service.dll]
2023-04-26 10:52:52,755 [Register Interface Successfully.£ºGlorysoft.BC.Db.Service£¬D:\WXWork\1688854991299446\Cache\File\2023-04\02.SourceCode\02.SourceCode\BCCommon\Glorysoft.BC.Server\bin\Debug\PluginsDLL\Glorysoft.BC.Db.Service.dll]
2023-04-26 10:52:52,755 [Start Init External Service.....]
2023-04-26 10:52:52,850 [Loading new Dll£ºGlorysoft.BC.EQP.Service£¬D:\WXWork\1688854991299446\Cache\File\2023-04\02.SourceCode\02.SourceCode\BCCommon\Glorysoft.BC.Server\bin\Debug\PluginsDLL\Glorysoft.BC.EQP.Service.dll]
2023-04-26 10:52:52,858 [Register Interface Successfully.£ºGlorysoft.BC.EQP.Service£¬D:\WXWork\1688854991299446\Cache\File\2023-04\02.SourceCode\02.SourceCode\BCCommon\Glorysoft.BC.Server\bin\Debug\PluginsDLL\Glorysoft.BC.EQP.Service.dll]
2023-04-26 10:52:52,858 [Start Init External Service.....]
2023-04-26 10:52:52,929 [Loading new Dll£ºGlorysoft.BC.Logic.Service£¬D:\WXWork\1688854991299446\Cache\File\2023-04\02.SourceCode\02.SourceCode\BCCommon\Glorysoft.BC.Server\bin\Debug\PluginsDLL\Glorysoft.BC.Logic.Service.dll]
2023-04-26 10:52:52,935 [Register Interface Successfully.£ºGlorysoft.BC.Logic.Service£¬D:\WXWork\1688854991299446\Cache\File\2023-04\02.SourceCode\02.SourceCode\BCCommon\Glorysoft.BC.Server\bin\Debug\PluginsDLL\Glorysoft.BC.Logic.Service.dll]
2023-04-26 10:52:52,935 [Start Init External Service.....]
2023-04-26 10:52:52,986 [Loading new Dll£ºGlorysoft.BC.SECS.Service£¬D:\WXWork\1688854991299446\Cache\File\2023-04\02.SourceCode\02.SourceCode\BCCommon\Glorysoft.BC.Server\bin\Debug\PluginsDLL\Glorysoft.BC.SECS.Service.dll]
2023-04-26 10:52:53,007 [Register Interface Successfully.£ºGlorysoft.BC.SECS.Service£¬D:\WXWork\1688854991299446\Cache\File\2023-04\02.SourceCode\02.SourceCode\BCCommon\Glorysoft.BC.Server\bin\Debug\PluginsDLL\Glorysoft.BC.SECS.Service.dll]
2023-04-26 10:52:53,008 [Start Init External Services.]
2023-04-26 10:52:53,008 [Initialization Successfully]
2023-04-26 10:52:54,996 [Start Open All Connection.]
2023-04-26 10:52:55,030 [Open Connection Succesfully.]-[Connection:TEST01.]
2023-04-26 10:52:55,031 [Open Connection Succesfully.]-[Connection:TEST01.]
2023-04-26 10:52:55,177 [Open Connection Succesfully.]-[Connection:Loader.]
2023-04-26 10:52:55,177 [Open Connection Succesfully.]-[Connection:Loader.]
2023-04-26 10:52:55,177 [Open All Connection Successfully.]
2023-04-26 14:07:42,885 [Init Logger Success:Framework]
2023-04-26 14:07:42,888 [Start Initializeing]
2023-04-26 14:07:42,889 [Start Init Connections.]
2023-04-26 14:07:42,891 [Start Init Connection DLL.....]
2023-04-26 14:07:43,132 [Loading new  ConnectionDll£ºGlorysoft.Connection.DB£¬D:\WXWork\1688854991299446\Cache\File\2023-04\02.SourceCode\02.SourceCode\BCCommon\Glorysoft.BC.Server\bin\Debug\ConnectionDLL\Glorysoft.Connection.DB.dll]
2023-04-26 14:07:43,201 [Register ConnectionDll£ºGlorysoft.Connection.DB£¬D:\WXWork\1688854991299446\Cache\File\2023-04\02.SourceCode\02.SourceCode\BCCommon\Glorysoft.BC.Server\bin\Debug\ConnectionDLL\Glorysoft.Connection.DB.dll]
2023-04-26 14:07:43,201 [Start Init Connection DLL.....]
2023-04-26 14:07:43,256 [Loading new  ConnectionDll£ºGlorysoft.Connection.Melsec£¬D:\WXWork\1688854991299446\Cache\File\2023-04\02.SourceCode\02.SourceCode\BCCommon\Glorysoft.BC.Server\bin\Debug\ConnectionDLL\Glorysoft.Connection.Melsec.dll]
2023-04-26 14:07:43,257 [Register ConnectionDll£ºGlorysoft.Connection.Melsec£¬D:\WXWork\1688854991299446\Cache\File\2023-04\02.SourceCode\02.SourceCode\BCCommon\Glorysoft.BC.Server\bin\Debug\ConnectionDLL\Glorysoft.Connection.Melsec.dll]
2023-04-26 14:07:43,257 [Start Init Connection DLL.....]
2023-04-26 14:07:43,299 [Loading new  ConnectionDll£ºGlorysoft.Connection.SEMI£¬D:\WXWork\1688854991299446\Cache\File\2023-04\02.SourceCode\02.SourceCode\BCCommon\Glorysoft.BC.Server\bin\Debug\ConnectionDLL\Glorysoft.Connection.SEMI.dll]
2023-04-26 14:07:43,299 [Register ConnectionDll£ºGlorysoft.Connection.SEMI£¬D:\WXWork\1688854991299446\Cache\File\2023-04\02.SourceCode\02.SourceCode\BCCommon\Glorysoft.BC.Server\bin\Debug\ConnectionDLL\Glorysoft.Connection.SEMI.dll]
2023-04-26 14:07:43,765 [Init Connections. Sucessfully]
2023-04-26 14:07:43,766 [Start Init External Service.....]
2023-04-26 14:07:43,854 [Loading new Dll£ºGlorysoft.BC.Db.Service£¬D:\WXWork\1688854991299446\Cache\File\2023-04\02.SourceCode\02.SourceCode\BCCommon\Glorysoft.BC.Server\bin\Debug\PluginsDLL\Glorysoft.BC.Db.Service.dll]
2023-04-26 14:07:44,103 [Register Interface Successfully.£ºGlorysoft.BC.Db.Service£¬D:\WXWork\1688854991299446\Cache\File\2023-04\02.SourceCode\02.SourceCode\BCCommon\Glorysoft.BC.Server\bin\Debug\PluginsDLL\Glorysoft.BC.Db.Service.dll]
2023-04-26 14:07:44,103 [Start Init External Service.....]
2023-04-26 14:07:44,218 [Loading new Dll£ºGlorysoft.BC.EQP.Service£¬D:\WXWork\1688854991299446\Cache\File\2023-04\02.SourceCode\02.SourceCode\BCCommon\Glorysoft.BC.Server\bin\Debug\PluginsDLL\Glorysoft.BC.EQP.Service.dll]
2023-04-26 14:07:44,230 [Register Interface Successfully.£ºGlorysoft.BC.EQP.Service£¬D:\WXWork\1688854991299446\Cache\File\2023-04\02.SourceCode\02.SourceCode\BCCommon\Glorysoft.BC.Server\bin\Debug\PluginsDLL\Glorysoft.BC.EQP.Service.dll]
2023-04-26 14:07:44,230 [Start Init External Service.....]
2023-04-26 14:07:44,308 [Loading new Dll£ºGlorysoft.BC.Logic.Service£¬D:\WXWork\1688854991299446\Cache\File\2023-04\02.SourceCode\02.SourceCode\BCCommon\Glorysoft.BC.Server\bin\Debug\PluginsDLL\Glorysoft.BC.Logic.Service.dll]
2023-04-26 14:07:44,313 [Register Interface Successfully.£ºGlorysoft.BC.Logic.Service£¬D:\WXWork\1688854991299446\Cache\File\2023-04\02.SourceCode\02.SourceCode\BCCommon\Glorysoft.BC.Server\bin\Debug\PluginsDLL\Glorysoft.BC.Logic.Service.dll]
2023-04-26 14:07:44,313 [Start Init External Service.....]
2023-04-26 14:07:44,368 [Loading new Dll£ºGlorysoft.BC.SECS.Service£¬D:\WXWork\1688854991299446\Cache\File\2023-04\02.SourceCode\02.SourceCode\BCCommon\Glorysoft.BC.Server\bin\Debug\PluginsDLL\Glorysoft.BC.SECS.Service.dll]
2023-04-26 14:07:44,391 [Register Interface Successfully.£ºGlorysoft.BC.SECS.Service£¬D:\WXWork\1688854991299446\Cache\File\2023-04\02.SourceCode\02.SourceCode\BCCommon\Glorysoft.BC.Server\bin\Debug\PluginsDLL\Glorysoft.BC.SECS.Service.dll]
2023-04-26 14:07:44,391 [Start Init External Services.]
2023-04-26 14:07:44,392 [Initialization Successfully]
2023-04-26 14:07:46,468 [Start Open All Connection.]
2023-04-26 14:07:46,504 [Open Connection Succesfully.]-[Connection:TEST01.]
2023-04-26 14:07:46,504 [Open Connection Succesfully.]-[Connection:TEST01.]
2023-04-26 14:07:46,668 [Open Connection Succesfully.]-[Connection:Loader.]
2023-04-26 14:07:46,668 [Open Connection Succesfully.]-[Connection:Loader.]
2023-04-26 14:07:46,668 [Open All Connection Successfully.]
2023-04-26 14:22:14,164 [Init Logger Success:Framework]
2023-04-26 14:22:14,169 [Start Initializeing]
2023-04-26 14:22:14,169 [Start Init Connections.]
2023-04-26 14:22:14,172 [Start Init Connection DLL.....]
2023-04-26 14:22:14,554 [Loading new  ConnectionDll£ºGlorysoft.Connection.DB£¬D:\WXWork\1688854991299446\Cache\File\2023-04\02.SourceCode\02.SourceCode\BCCommon\Glorysoft.BC.Server\bin\Debug\ConnectionDLL\Glorysoft.Connection.DB.dll]
2023-04-26 14:22:14,649 [Register ConnectionDll£ºGlorysoft.Connection.DB£¬D:\WXWork\1688854991299446\Cache\File\2023-04\02.SourceCode\02.SourceCode\BCCommon\Glorysoft.BC.Server\bin\Debug\ConnectionDLL\Glorysoft.Connection.DB.dll]
2023-04-26 14:22:14,649 [Start Init Connection DLL.....]
2023-04-26 14:22:14,744 [Loading new  ConnectionDll£ºGlorysoft.Connection.Melsec£¬D:\WXWork\1688854991299446\Cache\File\2023-04\02.SourceCode\02.SourceCode\BCCommon\Glorysoft.BC.Server\bin\Debug\ConnectionDLL\Glorysoft.Connection.Melsec.dll]
2023-04-26 14:22:14,746 [Register ConnectionDll£ºGlorysoft.Connection.Melsec£¬D:\WXWork\1688854991299446\Cache\File\2023-04\02.SourceCode\02.SourceCode\BCCommon\Glorysoft.BC.Server\bin\Debug\ConnectionDLL\Glorysoft.Connection.Melsec.dll]
2023-04-26 14:22:14,746 [Start Init Connection DLL.....]
2023-04-26 14:22:14,834 [Loading new  ConnectionDll£ºGlorysoft.Connection.SEMI£¬D:\WXWork\1688854991299446\Cache\File\2023-04\02.SourceCode\02.SourceCode\BCCommon\Glorysoft.BC.Server\bin\Debug\ConnectionDLL\Glorysoft.Connection.SEMI.dll]
2023-04-26 14:22:14,834 [Register ConnectionDll£ºGlorysoft.Connection.SEMI£¬D:\WXWork\1688854991299446\Cache\File\2023-04\02.SourceCode\02.SourceCode\BCCommon\Glorysoft.BC.Server\bin\Debug\ConnectionDLL\Glorysoft.Connection.SEMI.dll]
2023-04-26 14:22:14,959 [Init Connections. Sucessfully]
2023-04-26 14:22:14,961 [Start Init External Service.....]
2023-04-26 14:22:15,126 [Loading new Dll£ºGlorysoft.BC.Db.Service£¬D:\WXWork\1688854991299446\Cache\File\2023-04\02.SourceCode\02.SourceCode\BCCommon\Glorysoft.BC.Server\bin\Debug\PluginsDLL\Glorysoft.BC.Db.Service.dll]
2023-04-26 14:22:15,166 [Register Interface Successfully.£ºGlorysoft.BC.Db.Service£¬D:\WXWork\1688854991299446\Cache\File\2023-04\02.SourceCode\02.SourceCode\BCCommon\Glorysoft.BC.Server\bin\Debug\PluginsDLL\Glorysoft.BC.Db.Service.dll]
2023-04-26 14:22:15,166 [Start Init External Service.....]
2023-04-26 14:22:15,294 [Loading new Dll£ºGlorysoft.BC.EQP.Service£¬D:\WXWork\1688854991299446\Cache\File\2023-04\02.SourceCode\02.SourceCode\BCCommon\Glorysoft.BC.Server\bin\Debug\PluginsDLL\Glorysoft.BC.EQP.Service.dll]
2023-04-26 14:22:15,306 [Register Interface Successfully.£ºGlorysoft.BC.EQP.Service£¬D:\WXWork\1688854991299446\Cache\File\2023-04\02.SourceCode\02.SourceCode\BCCommon\Glorysoft.BC.Server\bin\Debug\PluginsDLL\Glorysoft.BC.EQP.Service.dll]
2023-04-26 14:22:15,306 [Start Init External Service.....]
2023-04-26 14:22:15,481 [Loading new Dll£ºGlorysoft.BC.Logic.Service£¬D:\WXWork\1688854991299446\Cache\File\2023-04\02.SourceCode\02.SourceCode\BCCommon\Glorysoft.BC.Server\bin\Debug\PluginsDLL\Glorysoft.BC.Logic.Service.dll]
2023-04-26 14:22:15,488 [Register Interface Successfully.£ºGlorysoft.BC.Logic.Service£¬D:\WXWork\1688854991299446\Cache\File\2023-04\02.SourceCode\02.SourceCode\BCCommon\Glorysoft.BC.Server\bin\Debug\PluginsDLL\Glorysoft.BC.Logic.Service.dll]
2023-04-26 14:22:15,488 [Start Init External Service.....]
2023-04-26 14:22:15,614 [Loading new Dll£ºGlorysoft.BC.SECS.Service£¬D:\WXWork\1688854991299446\Cache\File\2023-04\02.SourceCode\02.SourceCode\BCCommon\Glorysoft.BC.Server\bin\Debug\PluginsDLL\Glorysoft.BC.SECS.Service.dll]
2023-04-26 14:22:15,622 [Register Interface Successfully.£ºGlorysoft.BC.SECS.Service£¬D:\WXWork\1688854991299446\Cache\File\2023-04\02.SourceCode\02.SourceCode\BCCommon\Glorysoft.BC.Server\bin\Debug\PluginsDLL\Glorysoft.BC.SECS.Service.dll]
2023-04-26 14:22:15,622 [Start Init External Services.]
2023-04-26 14:22:15,622 [Initialization Successfully]
2023-04-26 14:22:18,029 [Start Open All Connection.]
2023-04-26 14:22:18,076 [Open Connection Succesfully.]-[Connection:TEST01.]
2023-04-26 14:22:18,082 [Open Connection Succesfully.]-[Connection:TEST01.]
2023-04-26 14:22:18,261 [Open Connection Succesfully.]-[Connection:Loader.]
2023-04-26 14:22:18,261 [Open Connection Succesfully.]-[Connection:Loader.]
2023-04-26 14:22:18,261 [Open All Connection Successfully.]
2023-04-26 15:07:04,723 [Init Logger Success:Framework]
2023-04-26 15:07:04,728 [Start Initializeing]
2023-04-26 15:07:04,728 [Start Init Connections.]
2023-04-26 15:07:04,734 [Start Init Connection DLL.....]
2023-04-26 15:07:05,199 [Loading new  ConnectionDll£ºGlorysoft.Connection.DB£¬D:\WXWork\1688854991299446\Cache\File\2023-04\02.SourceCode\02.SourceCode\BCCommon\Glorysoft.BC.Server\bin\Debug\ConnectionDLL\Glorysoft.Connection.DB.dll]
2023-04-26 15:07:05,292 [Register ConnectionDll£ºGlorysoft.Connection.DB£¬D:\WXWork\1688854991299446\Cache\File\2023-04\02.SourceCode\02.SourceCode\BCCommon\Glorysoft.BC.Server\bin\Debug\ConnectionDLL\Glorysoft.Connection.DB.dll]
2023-04-26 15:07:05,293 [Start Init Connection DLL.....]
2023-04-26 15:07:05,410 [Loading new  ConnectionDll£ºGlorysoft.Connection.Melsec£¬D:\WXWork\1688854991299446\Cache\File\2023-04\02.SourceCode\02.SourceCode\BCCommon\Glorysoft.BC.Server\bin\Debug\ConnectionDLL\Glorysoft.Connection.Melsec.dll]
2023-04-26 15:07:05,411 [Register ConnectionDll£ºGlorysoft.Connection.Melsec£¬D:\WXWork\1688854991299446\Cache\File\2023-04\02.SourceCode\02.SourceCode\BCCommon\Glorysoft.BC.Server\bin\Debug\ConnectionDLL\Glorysoft.Connection.Melsec.dll]
2023-04-26 15:07:05,411 [Start Init Connection DLL.....]
2023-04-26 15:07:05,500 [Loading new  ConnectionDll£ºGlorysoft.Connection.SEMI£¬D:\WXWork\1688854991299446\Cache\File\2023-04\02.SourceCode\02.SourceCode\BCCommon\Glorysoft.BC.Server\bin\Debug\ConnectionDLL\Glorysoft.Connection.SEMI.dll]
2023-04-26 15:07:05,501 [Register ConnectionDll£ºGlorysoft.Connection.SEMI£¬D:\WXWork\1688854991299446\Cache\File\2023-04\02.SourceCode\02.SourceCode\BCCommon\Glorysoft.BC.Server\bin\Debug\ConnectionDLL\Glorysoft.Connection.SEMI.dll]
2023-04-26 15:07:06,352 [Init Connections. Sucessfully]
2023-04-26 15:07:06,353 [Start Init External Service.....]
2023-04-26 15:07:06,542 [Loading new Dll£ºGlorysoft.BC.Db.Service£¬D:\WXWork\1688854991299446\Cache\File\2023-04\02.SourceCode\02.SourceCode\BCCommon\Glorysoft.BC.Server\bin\Debug\PluginsDLL\Glorysoft.BC.Db.Service.dll]
2023-04-26 15:07:07,017 [Register Interface Successfully.£ºGlorysoft.BC.Db.Service£¬D:\WXWork\1688854991299446\Cache\File\2023-04\02.SourceCode\02.SourceCode\BCCommon\Glorysoft.BC.Server\bin\Debug\PluginsDLL\Glorysoft.BC.Db.Service.dll]
2023-04-26 15:07:07,017 [Start Init External Service.....]
2023-04-26 15:07:07,233 [Loading new Dll£ºGlorysoft.BC.EQP.Service£¬D:\WXWork\1688854991299446\Cache\File\2023-04\02.SourceCode\02.SourceCode\BCCommon\Glorysoft.BC.Server\bin\Debug\PluginsDLL\Glorysoft.BC.EQP.Service.dll]
2023-04-26 15:07:07,245 [Register Interface Successfully.£ºGlorysoft.BC.EQP.Service£¬D:\WXWork\1688854991299446\Cache\File\2023-04\02.SourceCode\02.SourceCode\BCCommon\Glorysoft.BC.Server\bin\Debug\PluginsDLL\Glorysoft.BC.EQP.Service.dll]
2023-04-26 15:07:07,245 [Start Init External Service.....]
2023-04-26 15:07:07,423 [Loading new Dll£ºGlorysoft.BC.Logic.Service£¬D:\WXWork\1688854991299446\Cache\File\2023-04\02.SourceCode\02.SourceCode\BCCommon\Glorysoft.BC.Server\bin\Debug\PluginsDLL\Glorysoft.BC.Logic.Service.dll]
2023-04-26 15:07:07,430 [Register Interface Successfully.£ºGlorysoft.BC.Logic.Service£¬D:\WXWork\1688854991299446\Cache\File\2023-04\02.SourceCode\02.SourceCode\BCCommon\Glorysoft.BC.Server\bin\Debug\PluginsDLL\Glorysoft.BC.Logic.Service.dll]
2023-04-26 15:07:07,430 [Start Init External Service.....]
2023-04-26 15:07:07,547 [Loading new Dll£ºGlorysoft.BC.SECS.Service£¬D:\WXWork\1688854991299446\Cache\File\2023-04\02.SourceCode\02.SourceCode\BCCommon\Glorysoft.BC.Server\bin\Debug\PluginsDLL\Glorysoft.BC.SECS.Service.dll]
2023-04-26 15:07:07,597 [Register Interface Successfully.£ºGlorysoft.BC.SECS.Service£¬D:\WXWork\1688854991299446\Cache\File\2023-04\02.SourceCode\02.SourceCode\BCCommon\Glorysoft.BC.Server\bin\Debug\PluginsDLL\Glorysoft.BC.SECS.Service.dll]
2023-04-26 15:07:07,597 [Start Init External Services.]
2023-04-26 15:07:07,597 [Initialization Successfully]
2023-04-26 15:07:10,759 [Start Open All Connection.]
2023-04-26 15:07:10,821 [Open Connection Succesfully.]-[Connection:TEST01.]
2023-04-26 15:07:10,821 [Open Connection Succesfully.]-[Connection:TEST01.]
2023-04-26 15:07:10,997 [Open Connection Succesfully.]-[Connection:Loader.]
2023-04-26 15:07:10,997 [Open Connection Succesfully.]-[Connection:Loader.]
2023-04-26 15:07:10,997 [Open All Connection Successfully.]
2023-04-26 15:16:13,902 [Init Logger Success:Framework]
2023-04-26 15:16:13,907 [Start Initializeing]
2023-04-26 15:16:13,908 [Start Init Connections.]
2023-04-26 15:16:13,912 [Start Init Connection DLL.....]
2023-04-26 15:16:14,342 [Loading new  ConnectionDll£ºGlorysoft.Connection.DB£¬D:\WXWork\1688854991299446\Cache\File\2023-04\02.SourceCode\02.SourceCode\BCCommon\Glorysoft.BC.Server\bin\Debug\ConnectionDLL\Glorysoft.Connection.DB.dll]
2023-04-26 15:16:14,441 [Register ConnectionDll£ºGlorysoft.Connection.DB£¬D:\WXWork\1688854991299446\Cache\File\2023-04\02.SourceCode\02.SourceCode\BCCommon\Glorysoft.BC.Server\bin\Debug\ConnectionDLL\Glorysoft.Connection.DB.dll]
2023-04-26 15:16:14,441 [Start Init Connection DLL.....]
2023-04-26 15:16:14,573 [Loading new  ConnectionDll£ºGlorysoft.Connection.Melsec£¬D:\WXWork\1688854991299446\Cache\File\2023-04\02.SourceCode\02.SourceCode\BCCommon\Glorysoft.BC.Server\bin\Debug\ConnectionDLL\Glorysoft.Connection.Melsec.dll]
2023-04-26 15:16:14,573 [Register ConnectionDll£ºGlorysoft.Connection.Melsec£¬D:\WXWork\1688854991299446\Cache\File\2023-04\02.SourceCode\02.SourceCode\BCCommon\Glorysoft.BC.Server\bin\Debug\ConnectionDLL\Glorysoft.Connection.Melsec.dll]
2023-04-26 15:16:14,573 [Start Init Connection DLL.....]
2023-04-26 15:16:14,681 [Loading new  ConnectionDll£ºGlorysoft.Connection.SEMI£¬D:\WXWork\1688854991299446\Cache\File\2023-04\02.SourceCode\02.SourceCode\BCCommon\Glorysoft.BC.Server\bin\Debug\ConnectionDLL\Glorysoft.Connection.SEMI.dll]
2023-04-26 15:16:14,682 [Register ConnectionDll£ºGlorysoft.Connection.SEMI£¬D:\WXWork\1688854991299446\Cache\File\2023-04\02.SourceCode\02.SourceCode\BCCommon\Glorysoft.BC.Server\bin\Debug\ConnectionDLL\Glorysoft.Connection.SEMI.dll]
2023-04-26 15:16:15,604 [Init Connections. Sucessfully]
2023-04-26 15:16:15,607 [Start Init External Service.....]
2023-04-26 15:16:15,766 [Loading new Dll£ºGlorysoft.BC.Db.Service£¬D:\WXWork\1688854991299446\Cache\File\2023-04\02.SourceCode\02.SourceCode\BCCommon\Glorysoft.BC.Server\bin\Debug\PluginsDLL\Glorysoft.BC.Db.Service.dll]
2023-04-26 15:16:16,236 [Register Interface Successfully.£ºGlorysoft.BC.Db.Service£¬D:\WXWork\1688854991299446\Cache\File\2023-04\02.SourceCode\02.SourceCode\BCCommon\Glorysoft.BC.Server\bin\Debug\PluginsDLL\Glorysoft.BC.Db.Service.dll]
2023-04-26 15:16:16,236 [Start Init External Service.....]
2023-04-26 15:16:16,458 [Loading new Dll£ºGlorysoft.BC.EQP.Service£¬D:\WXWork\1688854991299446\Cache\File\2023-04\02.SourceCode\02.SourceCode\BCCommon\Glorysoft.BC.Server\bin\Debug\PluginsDLL\Glorysoft.BC.EQP.Service.dll]
2023-04-26 15:16:16,469 [Register Interface Successfully.£ºGlorysoft.BC.EQP.Service£¬D:\WXWork\1688854991299446\Cache\File\2023-04\02.SourceCode\02.SourceCode\BCCommon\Glorysoft.BC.Server\bin\Debug\PluginsDLL\Glorysoft.BC.EQP.Service.dll]
2023-04-26 15:16:16,469 [Start Init External Service.....]
2023-04-26 15:16:16,648 [Loading new Dll£ºGlorysoft.BC.Logic.Service£¬D:\WXWork\1688854991299446\Cache\File\2023-04\02.SourceCode\02.SourceCode\BCCommon\Glorysoft.BC.Server\bin\Debug\PluginsDLL\Glorysoft.BC.Logic.Service.dll]
2023-04-26 15:16:16,654 [Register Interface Successfully.£ºGlorysoft.BC.Logic.Service£¬D:\WXWork\1688854991299446\Cache\File\2023-04\02.SourceCode\02.SourceCode\BCCommon\Glorysoft.BC.Server\bin\Debug\PluginsDLL\Glorysoft.BC.Logic.Service.dll]
2023-04-26 15:16:16,655 [Start Init External Service.....]
2023-04-26 15:16:16,767 [Loading new Dll£ºGlorysoft.BC.SECS.Service£¬D:\WXWork\1688854991299446\Cache\File\2023-04\02.SourceCode\02.SourceCode\BCCommon\Glorysoft.BC.Server\bin\Debug\PluginsDLL\Glorysoft.BC.SECS.Service.dll]
2023-04-26 15:16:16,815 [Register Interface Successfully.£ºGlorysoft.BC.SECS.Service£¬D:\WXWork\1688854991299446\Cache\File\2023-04\02.SourceCode\02.SourceCode\BCCommon\Glorysoft.BC.Server\bin\Debug\PluginsDLL\Glorysoft.BC.SECS.Service.dll]
2023-04-26 15:16:16,815 [Start Init External Services.]
2023-04-26 15:16:16,815 [Initialization Successfully]
2023-04-26 15:16:19,882 [Start Open All Connection.]
2023-04-26 15:16:19,934 [Open Connection Succesfully.]-[Connection:TEST01.]
2023-04-26 15:16:19,939 [Open Connection Succesfully.]-[Connection:TEST01.]
2023-04-26 15:16:20,120 [Open Connection Succesfully.]-[Connection:Loader.]
2023-04-26 15:16:20,120 [Open Connection Succesfully.]-[Connection:Loader.]
2023-04-26 15:16:20,120 [Open All Connection Successfully.]
2023-04-26 15:18:52,660 [Init Logger Success:Framework]
2023-04-26 15:18:52,666 [Start Initializeing]
2023-04-26 15:18:52,666 [Start Init Connections.]
2023-04-26 15:18:52,669 [Start Init Connection DLL.....]
2023-04-26 15:18:53,121 [Loading new  ConnectionDll£ºGlorysoft.Connection.DB£¬D:\WXWork\1688854991299446\Cache\File\2023-04\02.SourceCode\02.SourceCode\BCCommon\Glorysoft.BC.Server\bin\Debug\ConnectionDLL\Glorysoft.Connection.DB.dll]
2023-04-26 15:18:53,217 [Register ConnectionDll£ºGlorysoft.Connection.DB£¬D:\WXWork\1688854991299446\Cache\File\2023-04\02.SourceCode\02.SourceCode\BCCommon\Glorysoft.BC.Server\bin\Debug\ConnectionDLL\Glorysoft.Connection.DB.dll]
2023-04-26 15:18:53,217 [Start Init Connection DLL.....]
2023-04-26 15:18:53,329 [Loading new  ConnectionDll£ºGlorysoft.Connection.Melsec£¬D:\WXWork\1688854991299446\Cache\File\2023-04\02.SourceCode\02.SourceCode\BCCommon\Glorysoft.BC.Server\bin\Debug\ConnectionDLL\Glorysoft.Connection.Melsec.dll]
2023-04-26 15:18:53,330 [Register ConnectionDll£ºGlorysoft.Connection.Melsec£¬D:\WXWork\1688854991299446\Cache\File\2023-04\02.SourceCode\02.SourceCode\BCCommon\Glorysoft.BC.Server\bin\Debug\ConnectionDLL\Glorysoft.Connection.Melsec.dll]
2023-04-26 15:18:53,330 [Start Init Connection DLL.....]
2023-04-26 15:18:53,418 [Loading new  ConnectionDll£ºGlorysoft.Connection.SEMI£¬D:\WXWork\1688854991299446\Cache\File\2023-04\02.SourceCode\02.SourceCode\BCCommon\Glorysoft.BC.Server\bin\Debug\ConnectionDLL\Glorysoft.Connection.SEMI.dll]
2023-04-26 15:18:53,419 [Register ConnectionDll£ºGlorysoft.Connection.SEMI£¬D:\WXWork\1688854991299446\Cache\File\2023-04\02.SourceCode\02.SourceCode\BCCommon\Glorysoft.BC.Server\bin\Debug\ConnectionDLL\Glorysoft.Connection.SEMI.dll]
2023-04-26 15:18:54,314 [Init Connections. Sucessfully]
2023-04-26 15:18:54,316 [Start Init External Service.....]
2023-04-26 15:18:54,495 [Loading new Dll£ºGlorysoft.BC.Db.Service£¬D:\WXWork\1688854991299446\Cache\File\2023-04\02.SourceCode\02.SourceCode\BCCommon\Glorysoft.BC.Server\bin\Debug\PluginsDLL\Glorysoft.BC.Db.Service.dll]
2023-04-26 15:18:54,992 [Register Interface Successfully.£ºGlorysoft.BC.Db.Service£¬D:\WXWork\1688854991299446\Cache\File\2023-04\02.SourceCode\02.SourceCode\BCCommon\Glorysoft.BC.Server\bin\Debug\PluginsDLL\Glorysoft.BC.Db.Service.dll]
2023-04-26 15:18:54,993 [Start Init External Service.....]
2023-04-26 15:18:55,228 [Loading new Dll£ºGlorysoft.BC.EQP.Service£¬D:\WXWork\1688854991299446\Cache\File\2023-04\02.SourceCode\02.SourceCode\BCCommon\Glorysoft.BC.Server\bin\Debug\PluginsDLL\Glorysoft.BC.EQP.Service.dll]
2023-04-26 15:18:55,246 [Register Interface Successfully.£ºGlorysoft.BC.EQP.Service£¬D:\WXWork\1688854991299446\Cache\File\2023-04\02.SourceCode\02.SourceCode\BCCommon\Glorysoft.BC.Server\bin\Debug\PluginsDLL\Glorysoft.BC.EQP.Service.dll]
2023-04-26 15:18:55,247 [Start Init External Service.....]
2023-04-26 15:18:55,416 [Loading new Dll£ºGlorysoft.BC.Logic.Service£¬D:\WXWork\1688854991299446\Cache\File\2023-04\02.SourceCode\02.SourceCode\BCCommon\Glorysoft.BC.Server\bin\Debug\PluginsDLL\Glorysoft.BC.Logic.Service.dll]
2023-04-26 15:18:55,423 [Register Interface Successfully.£ºGlorysoft.BC.Logic.Service£¬D:\WXWork\1688854991299446\Cache\File\2023-04\02.SourceCode\02.SourceCode\BCCommon\Glorysoft.BC.Server\bin\Debug\PluginsDLL\Glorysoft.BC.Logic.Service.dll]
2023-04-26 15:18:55,423 [Start Init External Service.....]
2023-04-26 15:18:55,532 [Loading new Dll£ºGlorysoft.BC.SECS.Service£¬D:\WXWork\1688854991299446\Cache\File\2023-04\02.SourceCode\02.SourceCode\BCCommon\Glorysoft.BC.Server\bin\Debug\PluginsDLL\Glorysoft.BC.SECS.Service.dll]
2023-04-26 15:18:55,581 [Register Interface Successfully.£ºGlorysoft.BC.SECS.Service£¬D:\WXWork\1688854991299446\Cache\File\2023-04\02.SourceCode\02.SourceCode\BCCommon\Glorysoft.BC.Server\bin\Debug\PluginsDLL\Glorysoft.BC.SECS.Service.dll]
2023-04-26 15:18:55,581 [Start Init External Services.]
2023-04-26 15:18:55,581 [Initialization Successfully]
2023-04-26 15:18:58,799 [Start Open All Connection.]
2023-04-26 15:18:58,861 [Open Connection Succesfully.]-[Connection:TEST01.]
2023-04-26 15:18:58,861 [Open Connection Succesfully.]-[Connection:TEST01.]
2023-04-26 15:18:59,034 [Open Connection Succesfully.]-[Connection:Loader.]
2023-04-26 15:18:59,034 [Open Connection Succesfully.]-[Connection:Loader.]
2023-04-26 15:18:59,034 [Open All Connection Successfully.]
2023-04-26 15:25:32,043 [Init Logger Success:Framework]
2023-04-26 15:25:32,049 [Start Initializeing]
2023-04-26 15:25:32,049 [Start Init Connections.]
2023-04-26 15:25:32,051 [Start Init Connection DLL.....]
2023-04-26 15:25:32,482 [Loading new  ConnectionDll£ºGlorysoft.Connection.DB£¬D:\WXWork\1688854991299446\Cache\File\2023-04\02.SourceCode\02.SourceCode\BCCommon\Glorysoft.BC.Server\bin\Debug\ConnectionDLL\Glorysoft.Connection.DB.dll]
2023-04-26 15:25:32,581 [Register ConnectionDll£ºGlorysoft.Connection.DB£¬D:\WXWork\1688854991299446\Cache\File\2023-04\02.SourceCode\02.SourceCode\BCCommon\Glorysoft.BC.Server\bin\Debug\ConnectionDLL\Glorysoft.Connection.DB.dll]
2023-04-26 15:25:32,582 [Start Init Connection DLL.....]
2023-04-26 15:25:32,685 [Loading new  ConnectionDll£ºGlorysoft.Connection.Melsec£¬D:\WXWork\1688854991299446\Cache\File\2023-04\02.SourceCode\02.SourceCode\BCCommon\Glorysoft.BC.Server\bin\Debug\ConnectionDLL\Glorysoft.Connection.Melsec.dll]
2023-04-26 15:25:32,686 [Register ConnectionDll£ºGlorysoft.Connection.Melsec£¬D:\WXWork\1688854991299446\Cache\File\2023-04\02.SourceCode\02.SourceCode\BCCommon\Glorysoft.BC.Server\bin\Debug\ConnectionDLL\Glorysoft.Connection.Melsec.dll]
2023-04-26 15:25:32,686 [Start Init Connection DLL.....]
2023-04-26 15:25:32,766 [Loading new  ConnectionDll£ºGlorysoft.Connection.SEMI£¬D:\WXWork\1688854991299446\Cache\File\2023-04\02.SourceCode\02.SourceCode\BCCommon\Glorysoft.BC.Server\bin\Debug\ConnectionDLL\Glorysoft.Connection.SEMI.dll]
2023-04-26 15:25:32,766 [Register ConnectionDll£ºGlorysoft.Connection.SEMI£¬D:\WXWork\1688854991299446\Cache\File\2023-04\02.SourceCode\02.SourceCode\BCCommon\Glorysoft.BC.Server\bin\Debug\ConnectionDLL\Glorysoft.Connection.SEMI.dll]
2023-04-26 15:25:33,662 [Init Connections. Sucessfully]
2023-04-26 15:25:33,664 [Start Init External Service.....]
2023-04-26 15:25:33,831 [Loading new Dll£ºGlorysoft.BC.Db.Service£¬D:\WXWork\1688854991299446\Cache\File\2023-04\02.SourceCode\02.SourceCode\BCCommon\Glorysoft.BC.Server\bin\Debug\PluginsDLL\Glorysoft.BC.Db.Service.dll]
2023-04-26 15:25:34,347 [Register Interface Successfully.£ºGlorysoft.BC.Db.Service£¬D:\WXWork\1688854991299446\Cache\File\2023-04\02.SourceCode\02.SourceCode\BCCommon\Glorysoft.BC.Server\bin\Debug\PluginsDLL\Glorysoft.BC.Db.Service.dll]
2023-04-26 15:25:34,347 [Start Init External Service.....]
2023-04-26 15:25:34,572 [Loading new Dll£ºGlorysoft.BC.EQP.Service£¬D:\WXWork\1688854991299446\Cache\File\2023-04\02.SourceCode\02.SourceCode\BCCommon\Glorysoft.BC.Server\bin\Debug\PluginsDLL\Glorysoft.BC.EQP.Service.dll]
2023-04-26 15:25:34,587 [Register Interface Successfully.£ºGlorysoft.BC.EQP.Service£¬D:\WXWork\1688854991299446\Cache\File\2023-04\02.SourceCode\02.SourceCode\BCCommon\Glorysoft.BC.Server\bin\Debug\PluginsDLL\Glorysoft.BC.EQP.Service.dll]
2023-04-26 15:25:34,587 [Start Init External Service.....]
2023-04-26 15:25:34,779 [Loading new Dll£ºGlorysoft.BC.Logic.Service£¬D:\WXWork\1688854991299446\Cache\File\2023-04\02.SourceCode\02.SourceCode\BCCommon\Glorysoft.BC.Server\bin\Debug\PluginsDLL\Glorysoft.BC.Logic.Service.dll]
2023-04-26 15:25:34,785 [Register Interface Successfully.£ºGlorysoft.BC.Logic.Service£¬D:\WXWork\1688854991299446\Cache\File\2023-04\02.SourceCode\02.SourceCode\BCCommon\Glorysoft.BC.Server\bin\Debug\PluginsDLL\Glorysoft.BC.Logic.Service.dll]
2023-04-26 15:25:34,785 [Start Init External Service.....]
2023-04-26 15:25:34,888 [Loading new Dll£ºGlorysoft.BC.SECS.Service£¬D:\WXWork\1688854991299446\Cache\File\2023-04\02.SourceCode\02.SourceCode\BCCommon\Glorysoft.BC.Server\bin\Debug\PluginsDLL\Glorysoft.BC.SECS.Service.dll]
2023-04-26 15:25:34,941 [Register Interface Successfully.£ºGlorysoft.BC.SECS.Service£¬D:\WXWork\1688854991299446\Cache\File\2023-04\02.SourceCode\02.SourceCode\BCCommon\Glorysoft.BC.Server\bin\Debug\PluginsDLL\Glorysoft.BC.SECS.Service.dll]
2023-04-26 15:25:34,941 [Start Init External Services.]
2023-04-26 15:25:34,941 [Initialization Successfully]
2023-04-26 15:25:38,665 [Start Open All Connection.]
2023-04-26 15:25:38,715 [Open Connection Succesfully.]-[Connection:TEST01.]
2023-04-26 15:25:38,715 [Open Connection Succesfully.]-[Connection:TEST01.]
2023-04-26 15:25:38,899 [Open Connection Succesfully.]-[Connection:Loader.]
2023-04-26 15:25:38,899 [Open Connection Succesfully.]-[Connection:Loader.]
2023-04-26 15:25:38,899 [Open All Connection Successfully.]
2023-04-26 15:28:03,673 [Init Logger Success:Framework]
2023-04-26 15:28:03,678 [Start Initializeing]
2023-04-26 15:28:03,679 [Start Init Connections.]
2023-04-26 15:28:03,682 [Start Init Connection DLL.....]
2023-04-26 15:28:04,139 [Loading new  ConnectionDll£ºGlorysoft.Connection.DB£¬D:\WXWork\1688854991299446\Cache\File\2023-04\02.SourceCode\02.SourceCode\BCCommon\Glorysoft.BC.Server\bin\Debug\ConnectionDLL\Glorysoft.Connection.DB.dll]
2023-04-26 15:28:04,229 [Register ConnectionDll£ºGlorysoft.Connection.DB£¬D:\WXWork\1688854991299446\Cache\File\2023-04\02.SourceCode\02.SourceCode\BCCommon\Glorysoft.BC.Server\bin\Debug\ConnectionDLL\Glorysoft.Connection.DB.dll]
2023-04-26 15:28:04,229 [Start Init Connection DLL.....]
2023-04-26 15:28:04,342 [Loading new  ConnectionDll£ºGlorysoft.Connection.Melsec£¬D:\WXWork\1688854991299446\Cache\File\2023-04\02.SourceCode\02.SourceCode\BCCommon\Glorysoft.BC.Server\bin\Debug\ConnectionDLL\Glorysoft.Connection.Melsec.dll]
2023-04-26 15:28:04,343 [Register ConnectionDll£ºGlorysoft.Connection.Melsec£¬D:\WXWork\1688854991299446\Cache\File\2023-04\02.SourceCode\02.SourceCode\BCCommon\Glorysoft.BC.Server\bin\Debug\ConnectionDLL\Glorysoft.Connection.Melsec.dll]
2023-04-26 15:28:04,343 [Start Init Connection DLL.....]
2023-04-26 15:28:04,440 [Loading new  ConnectionDll£ºGlorysoft.Connection.SEMI£¬D:\WXWork\1688854991299446\Cache\File\2023-04\02.SourceCode\02.SourceCode\BCCommon\Glorysoft.BC.Server\bin\Debug\ConnectionDLL\Glorysoft.Connection.SEMI.dll]
2023-04-26 15:28:04,441 [Register ConnectionDll£ºGlorysoft.Connection.SEMI£¬D:\WXWork\1688854991299446\Cache\File\2023-04\02.SourceCode\02.SourceCode\BCCommon\Glorysoft.BC.Server\bin\Debug\ConnectionDLL\Glorysoft.Connection.SEMI.dll]
2023-04-26 15:28:05,400 [Init Connections. Sucessfully]
2023-04-26 15:28:05,402 [Start Init External Service.....]
2023-04-26 15:28:05,587 [Loading new Dll£ºGlorysoft.BC.Db.Service£¬D:\WXWork\1688854991299446\Cache\File\2023-04\02.SourceCode\02.SourceCode\BCCommon\Glorysoft.BC.Server\bin\Debug\PluginsDLL\Glorysoft.BC.Db.Service.dll]
2023-04-26 15:28:06,084 [Register Interface Successfully.£ºGlorysoft.BC.Db.Service£¬D:\WXWork\1688854991299446\Cache\File\2023-04\02.SourceCode\02.SourceCode\BCCommon\Glorysoft.BC.Server\bin\Debug\PluginsDLL\Glorysoft.BC.Db.Service.dll]
2023-04-26 15:28:06,084 [Start Init External Service.....]
2023-04-26 15:28:06,330 [Loading new Dll£ºGlorysoft.BC.EQP.Service£¬D:\WXWork\1688854991299446\Cache\File\2023-04\02.SourceCode\02.SourceCode\BCCommon\Glorysoft.BC.Server\bin\Debug\PluginsDLL\Glorysoft.BC.EQP.Service.dll]
2023-04-26 15:28:06,342 [Register Interface Successfully.£ºGlorysoft.BC.EQP.Service£¬D:\WXWork\1688854991299446\Cache\File\2023-04\02.SourceCode\02.SourceCode\BCCommon\Glorysoft.BC.Server\bin\Debug\PluginsDLL\Glorysoft.BC.EQP.Service.dll]
2023-04-26 15:28:06,343 [Start Init External Service.....]
2023-04-26 15:28:06,545 [Loading new Dll£ºGlorysoft.BC.Logic.Service£¬D:\WXWork\1688854991299446\Cache\File\2023-04\02.SourceCode\02.SourceCode\BCCommon\Glorysoft.BC.Server\bin\Debug\PluginsDLL\Glorysoft.BC.Logic.Service.dll]
2023-04-26 15:28:06,550 [Register Interface Successfully.£ºGlorysoft.BC.Logic.Service£¬D:\WXWork\1688854991299446\Cache\File\2023-04\02.SourceCode\02.SourceCode\BCCommon\Glorysoft.BC.Server\bin\Debug\PluginsDLL\Glorysoft.BC.Logic.Service.dll]
2023-04-26 15:28:06,552 [Start Init External Service.....]
2023-04-26 15:28:06,668 [Loading new Dll£ºGlorysoft.BC.SECS.Service£¬D:\WXWork\1688854991299446\Cache\File\2023-04\02.SourceCode\02.SourceCode\BCCommon\Glorysoft.BC.Server\bin\Debug\PluginsDLL\Glorysoft.BC.SECS.Service.dll]
2023-04-26 15:28:06,706 [Register Interface Successfully.£ºGlorysoft.BC.SECS.Service£¬D:\WXWork\1688854991299446\Cache\File\2023-04\02.SourceCode\02.SourceCode\BCCommon\Glorysoft.BC.Server\bin\Debug\PluginsDLL\Glorysoft.BC.SECS.Service.dll]
2023-04-26 15:28:06,707 [Start Init External Services.]
2023-04-26 15:28:06,707 [Initialization Successfully]
2023-04-26 15:28:09,838 [Start Open All Connection.]
2023-04-26 15:28:09,891 [Open Connection Succesfully.]-[Connection:TEST01.]
2023-04-26 15:28:09,892 [Open Connection Succesfully.]-[Connection:TEST01.]
2023-04-26 15:28:10,081 [Open Connection Succesfully.]-[Connection:Loader.]
2023-04-26 15:28:10,081 [Open Connection Succesfully.]-[Connection:Loader.]
2023-04-26 15:28:10,081 [Open All Connection Successfully.]
2023-04-26 15:31:45,910 [Init Logger Success:Framework]
2023-04-26 15:31:45,915 [Start Initializeing]
2023-04-26 15:31:45,915 [Start Init Connections.]
2023-04-26 15:31:45,920 [Start Init Connection DLL.....]
2023-04-26 15:31:46,359 [Loading new  ConnectionDll£ºGlorysoft.Connection.DB£¬D:\WXWork\1688854991299446\Cache\File\2023-04\02.SourceCode\02.SourceCode\BCCommon\Glorysoft.BC.Server\bin\Debug\ConnectionDLL\Glorysoft.Connection.DB.dll]
2023-04-26 15:31:46,461 [Register ConnectionDll£ºGlorysoft.Connection.DB£¬D:\WXWork\1688854991299446\Cache\File\2023-04\02.SourceCode\02.SourceCode\BCCommon\Glorysoft.BC.Server\bin\Debug\ConnectionDLL\Glorysoft.Connection.DB.dll]
2023-04-26 15:31:46,461 [Start Init Connection DLL.....]
2023-04-26 15:31:46,568 [Loading new  ConnectionDll£ºGlorysoft.Connection.Melsec£¬D:\WXWork\1688854991299446\Cache\File\2023-04\02.SourceCode\02.SourceCode\BCCommon\Glorysoft.BC.Server\bin\Debug\ConnectionDLL\Glorysoft.Connection.Melsec.dll]
2023-04-26 15:31:46,570 [Register ConnectionDll£ºGlorysoft.Connection.Melsec£¬D:\WXWork\1688854991299446\Cache\File\2023-04\02.SourceCode\02.SourceCode\BCCommon\Glorysoft.BC.Server\bin\Debug\ConnectionDLL\Glorysoft.Connection.Melsec.dll]
2023-04-26 15:31:46,570 [Start Init Connection DLL.....]
2023-04-26 15:31:46,658 [Loading new  ConnectionDll£ºGlorysoft.Connection.SEMI£¬D:\WXWork\1688854991299446\Cache\File\2023-04\02.SourceCode\02.SourceCode\BCCommon\Glorysoft.BC.Server\bin\Debug\ConnectionDLL\Glorysoft.Connection.SEMI.dll]
2023-04-26 15:31:46,659 [Register ConnectionDll£ºGlorysoft.Connection.SEMI£¬D:\WXWork\1688854991299446\Cache\File\2023-04\02.SourceCode\02.SourceCode\BCCommon\Glorysoft.BC.Server\bin\Debug\ConnectionDLL\Glorysoft.Connection.SEMI.dll]
2023-04-26 15:31:47,559 [Init Connections. Sucessfully]
2023-04-26 15:31:47,561 [Start Init External Service.....]
2023-04-26 15:31:47,732 [Loading new Dll£ºGlorysoft.BC.Db.Service£¬D:\WXWork\1688854991299446\Cache\File\2023-04\02.SourceCode\02.SourceCode\BCCommon\Glorysoft.BC.Server\bin\Debug\PluginsDLL\Glorysoft.BC.Db.Service.dll]
2023-04-26 15:31:48,225 [Register Interface Successfully.£ºGlorysoft.BC.Db.Service£¬D:\WXWork\1688854991299446\Cache\File\2023-04\02.SourceCode\02.SourceCode\BCCommon\Glorysoft.BC.Server\bin\Debug\PluginsDLL\Glorysoft.BC.Db.Service.dll]
2023-04-26 15:31:48,225 [Start Init External Service.....]
2023-04-26 15:31:48,460 [Loading new Dll£ºGlorysoft.BC.EQP.Service£¬D:\WXWork\1688854991299446\Cache\File\2023-04\02.SourceCode\02.SourceCode\BCCommon\Glorysoft.BC.Server\bin\Debug\PluginsDLL\Glorysoft.BC.EQP.Service.dll]
2023-04-26 15:31:48,479 [Register Interface Successfully.£ºGlorysoft.BC.EQP.Service£¬D:\WXWork\1688854991299446\Cache\File\2023-04\02.SourceCode\02.SourceCode\BCCommon\Glorysoft.BC.Server\bin\Debug\PluginsDLL\Glorysoft.BC.EQP.Service.dll]
2023-04-26 15:31:48,480 [Start Init External Service.....]
2023-04-26 15:31:48,690 [Loading new Dll£ºGlorysoft.BC.Logic.Service£¬D:\WXWork\1688854991299446\Cache\File\2023-04\02.SourceCode\02.SourceCode\BCCommon\Glorysoft.BC.Server\bin\Debug\PluginsDLL\Glorysoft.BC.Logic.Service.dll]
2023-04-26 15:31:48,699 [Register Interface Successfully.£ºGlorysoft.BC.Logic.Service£¬D:\WXWork\1688854991299446\Cache\File\2023-04\02.SourceCode\02.SourceCode\BCCommon\Glorysoft.BC.Server\bin\Debug\PluginsDLL\Glorysoft.BC.Logic.Service.dll]
2023-04-26 15:31:48,699 [Start Init External Service.....]
2023-04-26 15:31:48,810 [Loading new Dll£ºGlorysoft.BC.SECS.Service£¬D:\WXWork\1688854991299446\Cache\File\2023-04\02.SourceCode\02.SourceCode\BCCommon\Glorysoft.BC.Server\bin\Debug\PluginsDLL\Glorysoft.BC.SECS.Service.dll]
2023-04-26 15:31:48,859 [Register Interface Successfully.£ºGlorysoft.BC.SECS.Service£¬D:\WXWork\1688854991299446\Cache\File\2023-04\02.SourceCode\02.SourceCode\BCCommon\Glorysoft.BC.Server\bin\Debug\PluginsDLL\Glorysoft.BC.SECS.Service.dll]
2023-04-26 15:31:48,859 [Start Init External Services.]
2023-04-26 15:31:48,859 [Initialization Successfully]
2023-04-26 15:31:52,060 [Start Open All Connection.]
2023-04-26 15:31:52,110 [Open Connection Succesfully.]-[Connection:TEST01.]
2023-04-26 15:31:52,112 [Open Connection Succesfully.]-[Connection:TEST01.]
2023-04-26 15:31:52,288 [Open Connection Succesfully.]-[Connection:Loader.]
2023-04-26 15:31:52,288 [Open Connection Succesfully.]-[Connection:Loader.]
2023-04-26 15:31:52,288 [Open All Connection Successfully.]
2023-04-26 15:52:41,149 [Init Logger Success:Framework]
2023-04-26 15:52:41,153 [Start Initializeing]
2023-04-26 15:52:41,153 [Start Init Connections.]
2023-04-26 15:52:41,158 [Start Init Connection DLL.....]
2023-04-26 15:52:41,590 [Loading new  ConnectionDll£ºGlorysoft.Connection.DB£¬D:\WXWork\1688854991299446\Cache\File\2023-04\02.SourceCode\02.SourceCode\BCCommon\Glorysoft.BC.Server\bin\Debug\ConnectionDLL\Glorysoft.Connection.DB.dll]
2023-04-26 15:52:41,787 [Register ConnectionDll£ºGlorysoft.Connection.DB£¬D:\WXWork\1688854991299446\Cache\File\2023-04\02.SourceCode\02.SourceCode\BCCommon\Glorysoft.BC.Server\bin\Debug\ConnectionDLL\Glorysoft.Connection.DB.dll]
2023-04-26 15:52:41,787 [Start Init Connection DLL.....]
2023-04-26 15:52:41,899 [Loading new  ConnectionDll£ºGlorysoft.Connection.Melsec£¬D:\WXWork\1688854991299446\Cache\File\2023-04\02.SourceCode\02.SourceCode\BCCommon\Glorysoft.BC.Server\bin\Debug\ConnectionDLL\Glorysoft.Connection.Melsec.dll]
2023-04-26 15:52:41,900 [Register ConnectionDll£ºGlorysoft.Connection.Melsec£¬D:\WXWork\1688854991299446\Cache\File\2023-04\02.SourceCode\02.SourceCode\BCCommon\Glorysoft.BC.Server\bin\Debug\ConnectionDLL\Glorysoft.Connection.Melsec.dll]
2023-04-26 15:52:41,900 [Start Init Connection DLL.....]
2023-04-26 15:52:41,987 [Loading new  ConnectionDll£ºGlorysoft.Connection.SEMI£¬D:\WXWork\1688854991299446\Cache\File\2023-04\02.SourceCode\02.SourceCode\BCCommon\Glorysoft.BC.Server\bin\Debug\ConnectionDLL\Glorysoft.Connection.SEMI.dll]
2023-04-26 15:52:41,988 [Register ConnectionDll£ºGlorysoft.Connection.SEMI£¬D:\WXWork\1688854991299446\Cache\File\2023-04\02.SourceCode\02.SourceCode\BCCommon\Glorysoft.BC.Server\bin\Debug\ConnectionDLL\Glorysoft.Connection.SEMI.dll]
2023-04-26 15:52:42,936 [Init Connections. Sucessfully]
2023-04-26 15:52:42,937 [Start Init External Service.....]
2023-04-26 15:52:43,110 [Loading new Dll£ºGlorysoft.BC.Db.Service£¬D:\WXWork\1688854991299446\Cache\File\2023-04\02.SourceCode\02.SourceCode\BCCommon\Glorysoft.BC.Server\bin\Debug\PluginsDLL\Glorysoft.BC.Db.Service.dll]
2023-04-26 15:52:43,612 [Register Interface Successfully.£ºGlorysoft.BC.Db.Service£¬D:\WXWork\1688854991299446\Cache\File\2023-04\02.SourceCode\02.SourceCode\BCCommon\Glorysoft.BC.Server\bin\Debug\PluginsDLL\Glorysoft.BC.Db.Service.dll]
2023-04-26 15:52:43,612 [Start Init External Service.....]
2023-04-26 15:52:43,848 [Loading new Dll£ºGlorysoft.BC.EQP.Service£¬D:\WXWork\1688854991299446\Cache\File\2023-04\02.SourceCode\02.SourceCode\BCCommon\Glorysoft.BC.Server\bin\Debug\PluginsDLL\Glorysoft.BC.EQP.Service.dll]
2023-04-26 15:52:43,860 [Register Interface Successfully.£ºGlorysoft.BC.EQP.Service£¬D:\WXWork\1688854991299446\Cache\File\2023-04\02.SourceCode\02.SourceCode\BCCommon\Glorysoft.BC.Server\bin\Debug\PluginsDLL\Glorysoft.BC.EQP.Service.dll]
2023-04-26 15:52:43,860 [Start Init External Service.....]
2023-04-26 15:52:44,047 [Loading new Dll£ºGlorysoft.BC.Logic.Service£¬D:\WXWork\1688854991299446\Cache\File\2023-04\02.SourceCode\02.SourceCode\BCCommon\Glorysoft.BC.Server\bin\Debug\PluginsDLL\Glorysoft.BC.Logic.Service.dll]
2023-04-26 15:52:44,052 [Register Interface Successfully.£ºGlorysoft.BC.Logic.Service£¬D:\WXWork\1688854991299446\Cache\File\2023-04\02.SourceCode\02.SourceCode\BCCommon\Glorysoft.BC.Server\bin\Debug\PluginsDLL\Glorysoft.BC.Logic.Service.dll]
2023-04-26 15:52:44,052 [Start Init External Service.....]
2023-04-26 15:52:44,148 [Loading new Dll£ºGlorysoft.BC.SECS.Service£¬D:\WXWork\1688854991299446\Cache\File\2023-04\02.SourceCode\02.SourceCode\BCCommon\Glorysoft.BC.Server\bin\Debug\PluginsDLL\Glorysoft.BC.SECS.Service.dll]
2023-04-26 15:52:44,199 [Register Interface Successfully.£ºGlorysoft.BC.SECS.Service£¬D:\WXWork\1688854991299446\Cache\File\2023-04\02.SourceCode\02.SourceCode\BCCommon\Glorysoft.BC.Server\bin\Debug\PluginsDLL\Glorysoft.BC.SECS.Service.dll]
2023-04-26 15:52:44,199 [Start Init External Services.]
2023-04-26 15:52:44,199 [Initialization Successfully]
2023-04-26 15:52:47,604 [Start Open All Connection.]
2023-04-26 15:52:47,656 [Open Connection Succesfully.]-[Connection:TEST01.]
2023-04-26 15:52:47,656 [Open Connection Succesfully.]-[Connection:TEST01.]
2023-04-26 15:52:47,837 [Open Connection Succesfully.]-[Connection:Loader.]
2023-04-26 15:52:47,837 [Open Connection Succesfully.]-[Connection:Loader.]
2023-04-26 15:52:47,837 [Open All Connection Successfully.]
2023-04-26 16:23:59,958 [Init Logger Success:Framework]
2023-04-26 16:23:59,963 [Start Initializeing]
2023-04-26 16:23:59,963 [Start Init Connections.]
2023-04-26 16:23:59,966 [Start Init Connection DLL.....]
2023-04-26 16:24:00,219 [Loading new  ConnectionDll£ºGlorysoft.Connection.DB£¬D:\WXWork\1688854991299446\Cache\File\2023-04\02.SourceCode\02.SourceCode\BCCommon\Glorysoft.BC.Server\bin\Debug\ConnectionDLL\Glorysoft.Connection.DB.dll]
2023-04-26 16:24:00,289 [Register ConnectionDll£ºGlorysoft.Connection.DB£¬D:\WXWork\1688854991299446\Cache\File\2023-04\02.SourceCode\02.SourceCode\BCCommon\Glorysoft.BC.Server\bin\Debug\ConnectionDLL\Glorysoft.Connection.DB.dll]
2023-04-26 16:24:00,290 [Start Init Connection DLL.....]
2023-04-26 16:24:00,345 [Loading new  ConnectionDll£ºGlorysoft.Connection.Melsec£¬D:\WXWork\1688854991299446\Cache\File\2023-04\02.SourceCode\02.SourceCode\BCCommon\Glorysoft.BC.Server\bin\Debug\ConnectionDLL\Glorysoft.Connection.Melsec.dll]
2023-04-26 16:24:00,346 [Register ConnectionDll£ºGlorysoft.Connection.Melsec£¬D:\WXWork\1688854991299446\Cache\File\2023-04\02.SourceCode\02.SourceCode\BCCommon\Glorysoft.BC.Server\bin\Debug\ConnectionDLL\Glorysoft.Connection.Melsec.dll]
2023-04-26 16:24:00,346 [Start Init Connection DLL.....]
2023-04-26 16:24:00,387 [Loading new  ConnectionDll£ºGlorysoft.Connection.SEMI£¬D:\WXWork\1688854991299446\Cache\File\2023-04\02.SourceCode\02.SourceCode\BCCommon\Glorysoft.BC.Server\bin\Debug\ConnectionDLL\Glorysoft.Connection.SEMI.dll]
2023-04-26 16:24:00,387 [Register ConnectionDll£ºGlorysoft.Connection.SEMI£¬D:\WXWork\1688854991299446\Cache\File\2023-04\02.SourceCode\02.SourceCode\BCCommon\Glorysoft.BC.Server\bin\Debug\ConnectionDLL\Glorysoft.Connection.SEMI.dll]
2023-04-26 16:24:00,796 [Init Connections. Sucessfully]
2023-04-26 16:24:00,797 [Start Init External Service.....]
2023-04-26 16:24:00,885 [Loading new Dll£ºGlorysoft.BC.Db.Service£¬D:\WXWork\1688854991299446\Cache\File\2023-04\02.SourceCode\02.SourceCode\BCCommon\Glorysoft.BC.Server\bin\Debug\PluginsDLL\Glorysoft.BC.Db.Service.dll]
2023-04-26 16:24:01,093 [Register Interface Successfully.£ºGlorysoft.BC.Db.Service£¬D:\WXWork\1688854991299446\Cache\File\2023-04\02.SourceCode\02.SourceCode\BCCommon\Glorysoft.BC.Server\bin\Debug\PluginsDLL\Glorysoft.BC.Db.Service.dll]
2023-04-26 16:24:01,093 [Start Init External Service.....]
2023-04-26 16:24:01,198 [Loading new Dll£ºGlorysoft.BC.EQP.Service£¬D:\WXWork\1688854991299446\Cache\File\2023-04\02.SourceCode\02.SourceCode\BCCommon\Glorysoft.BC.Server\bin\Debug\PluginsDLL\Glorysoft.BC.EQP.Service.dll]
2023-04-26 16:24:01,208 [Register Interface Successfully.£ºGlorysoft.BC.EQP.Service£¬D:\WXWork\1688854991299446\Cache\File\2023-04\02.SourceCode\02.SourceCode\BCCommon\Glorysoft.BC.Server\bin\Debug\PluginsDLL\Glorysoft.BC.EQP.Service.dll]
2023-04-26 16:24:01,208 [Start Init External Service.....]
2023-04-26 16:24:01,291 [Loading new Dll£ºGlorysoft.BC.Logic.Service£¬D:\WXWork\1688854991299446\Cache\File\2023-04\02.SourceCode\02.SourceCode\BCCommon\Glorysoft.BC.Server\bin\Debug\PluginsDLL\Glorysoft.BC.Logic.Service.dll]
2023-04-26 16:24:01,297 [Register Interface Successfully.£ºGlorysoft.BC.Logic.Service£¬D:\WXWork\1688854991299446\Cache\File\2023-04\02.SourceCode\02.SourceCode\BCCommon\Glorysoft.BC.Server\bin\Debug\PluginsDLL\Glorysoft.BC.Logic.Service.dll]
2023-04-26 16:24:01,297 [Start Init External Service.....]
2023-04-26 16:24:01,350 [Loading new Dll£ºGlorysoft.BC.SECS.Service£¬D:\WXWork\1688854991299446\Cache\File\2023-04\02.SourceCode\02.SourceCode\BCCommon\Glorysoft.BC.Server\bin\Debug\PluginsDLL\Glorysoft.BC.SECS.Service.dll]
2023-04-26 16:24:01,373 [Register Interface Successfully.£ºGlorysoft.BC.SECS.Service£¬D:\WXWork\1688854991299446\Cache\File\2023-04\02.SourceCode\02.SourceCode\BCCommon\Glorysoft.BC.Server\bin\Debug\PluginsDLL\Glorysoft.BC.SECS.Service.dll]
2023-04-26 16:24:01,373 [Start Init External Services.]
2023-04-26 16:24:01,373 [Initialization Successfully]
2023-04-26 16:24:03,412 [Start Open All Connection.]
2023-04-26 16:24:03,447 [Open Connection Succesfully.]-[Connection:TEST01.]
2023-04-26 16:24:03,447 [Open Connection Succesfully.]-[Connection:TEST01.]
2023-04-26 16:24:03,592 [Open Connection Succesfully.]-[Connection:Loader.]
2023-04-26 16:24:03,592 [Open Connection Succesfully.]-[Connection:Loader.]
2023-04-26 16:24:03,592 [Open All Connection Successfully.]
2023-04-26 21:48:36,959 [Init Logger Success:Framework]
2023-04-26 21:48:36,964 [Start Initializeing]
2023-04-26 21:48:36,964 [Start Init Connections.]
2023-04-26 21:48:36,967 [Start Init Connection DLL.....]
2023-04-26 21:48:37,212 [Loading new  ConnectionDll£ºGlorysoft.Connection.DB£¬D:\WXWork\1688854991299446\Cache\File\2023-04\02.SourceCode\02.SourceCode\BCCommon\Glorysoft.BC.Server\bin\Debug\ConnectionDLL\Glorysoft.Connection.DB.dll]
2023-04-26 21:48:37,293 [Register ConnectionDll£ºGlorysoft.Connection.DB£¬D:\WXWork\1688854991299446\Cache\File\2023-04\02.SourceCode\02.SourceCode\BCCommon\Glorysoft.BC.Server\bin\Debug\ConnectionDLL\Glorysoft.Connection.DB.dll]
2023-04-26 21:48:37,293 [Start Init Connection DLL.....]
2023-04-26 21:48:37,354 [Loading new  ConnectionDll£ºGlorysoft.Connection.Melsec£¬D:\WXWork\1688854991299446\Cache\File\2023-04\02.SourceCode\02.SourceCode\BCCommon\Glorysoft.BC.Server\bin\Debug\ConnectionDLL\Glorysoft.Connection.Melsec.dll]
2023-04-26 21:48:37,355 [Register ConnectionDll£ºGlorysoft.Connection.Melsec£¬D:\WXWork\1688854991299446\Cache\File\2023-04\02.SourceCode\02.SourceCode\BCCommon\Glorysoft.BC.Server\bin\Debug\ConnectionDLL\Glorysoft.Connection.Melsec.dll]
2023-04-26 21:48:37,356 [Start Init Connection DLL.....]
2023-04-26 21:48:37,400 [Loading new  ConnectionDll£ºGlorysoft.Connection.SEMI£¬D:\WXWork\1688854991299446\Cache\File\2023-04\02.SourceCode\02.SourceCode\BCCommon\Glorysoft.BC.Server\bin\Debug\ConnectionDLL\Glorysoft.Connection.SEMI.dll]
2023-04-26 21:48:37,400 [Register ConnectionDll£ºGlorysoft.Connection.SEMI£¬D:\WXWork\1688854991299446\Cache\File\2023-04\02.SourceCode\02.SourceCode\BCCommon\Glorysoft.BC.Server\bin\Debug\ConnectionDLL\Glorysoft.Connection.SEMI.dll]
2023-04-26 21:48:37,938 [Init Connections. Sucessfully]
2023-04-26 21:48:37,940 [Start Init External Service.....]
2023-04-26 21:48:38,038 [Loading new Dll£ºGlorysoft.BC.Db.Service£¬D:\WXWork\1688854991299446\Cache\File\2023-04\02.SourceCode\02.SourceCode\BCCommon\Glorysoft.BC.Server\bin\Debug\PluginsDLL\Glorysoft.BC.Db.Service.dll]
2023-04-26 21:48:38,302 [Register Interface Successfully.£ºGlorysoft.BC.Db.Service£¬D:\WXWork\1688854991299446\Cache\File\2023-04\02.SourceCode\02.SourceCode\BCCommon\Glorysoft.BC.Server\bin\Debug\PluginsDLL\Glorysoft.BC.Db.Service.dll]
2023-04-26 21:48:38,302 [Start Init External Service.....]
2023-04-26 21:48:38,432 [Loading new Dll£ºGlorysoft.BC.EQP.Service£¬D:\WXWork\1688854991299446\Cache\File\2023-04\02.SourceCode\02.SourceCode\BCCommon\Glorysoft.BC.Server\bin\Debug\PluginsDLL\Glorysoft.BC.EQP.Service.dll]
2023-04-26 21:48:38,441 [Register Interface Successfully.£ºGlorysoft.BC.EQP.Service£¬D:\WXWork\1688854991299446\Cache\File\2023-04\02.SourceCode\02.SourceCode\BCCommon\Glorysoft.BC.Server\bin\Debug\PluginsDLL\Glorysoft.BC.EQP.Service.dll]
2023-04-26 21:48:38,441 [Start Init External Service.....]
2023-04-26 21:48:38,556 [Loading new Dll£ºGlorysoft.BC.Logic.Service£¬D:\WXWork\1688854991299446\Cache\File\2023-04\02.SourceCode\02.SourceCode\BCCommon\Glorysoft.BC.Server\bin\Debug\PluginsDLL\Glorysoft.BC.Logic.Service.dll]
2023-04-26 21:48:38,560 [Register Interface Successfully.£ºGlorysoft.BC.Logic.Service£¬D:\WXWork\1688854991299446\Cache\File\2023-04\02.SourceCode\02.SourceCode\BCCommon\Glorysoft.BC.Server\bin\Debug\PluginsDLL\Glorysoft.BC.Logic.Service.dll]
2023-04-26 21:48:38,560 [Start Init External Service.....]
2023-04-26 21:48:38,634 [Loading new Dll£ºGlorysoft.BC.SECS.Service£¬D:\WXWork\1688854991299446\Cache\File\2023-04\02.SourceCode\02.SourceCode\BCCommon\Glorysoft.BC.Server\bin\Debug\PluginsDLL\Glorysoft.BC.SECS.Service.dll]
2023-04-26 21:48:38,662 [Register Interface Successfully.£ºGlorysoft.BC.SECS.Service£¬D:\WXWork\1688854991299446\Cache\File\2023-04\02.SourceCode\02.SourceCode\BCCommon\Glorysoft.BC.Server\bin\Debug\PluginsDLL\Glorysoft.BC.SECS.Service.dll]
2023-04-26 21:48:38,662 [Start Init External Services.]
2023-04-26 21:48:38,662 [Initialization Successfully]
2023-04-26 21:48:41,150 [Start Open All Connection.]
2023-04-26 21:48:41,197 [Open Connection Succesfully.]-[Connection:TEST01.]
2023-04-26 21:48:41,198 [Open Connection Succesfully.]-[Connection:TEST01.]
2023-04-26 21:48:41,376 [Open Connection Succesfully.]-[Connection:Loader.]
2023-04-26 21:48:41,376 [Open Connection Succesfully.]-[Connection:Loader.]
2023-04-26 21:48:41,376 [Open All Connection Successfully.]
