2023-04-25 15:45:02,066 [Load Flow][ASY1]--[MachineStatusChangeReport]--[MachineStatusEvent]--[MachineStatusChangeReport]--[1]
2023-04-25 15:45:02,066 [Load Flow][ASY1]--[CIMMessageConfirmReport]--[MachineStatusEvent]--[CIMMessageConfirmReport]--[1]
2023-04-25 15:45:02,066 [Load Flow][ASY1]--[DateTimeRequest]--[MachineStatusEvent]--[DateTimeRequest]--[1]
2023-04-25 15:45:02,077 [Load Flow][ASY1]--[VCRStatusReport]--[MachineStatusEvent]--[VCRStatusReport]--[1]
2023-04-25 15:45:02,077 [Load Flow][ASY1]--[VCRReadCompleteReport]--[MachineStatusEvent]--[VCRReadCompleteReport]--[1]
2023-04-25 15:45:02,077 [Load Flow][ASY1]--[JobJudgeResultReport]--[MachineStatusEvent]--[JobJudgeResultReport]--[1]
2023-04-25 15:45:02,085 [Load Flow][ASY1]--[DummyJobRequest]--[MachineStatusEvent]--[DummyJobRequest]--[1]
2023-04-25 15:45:02,085 [Load Flow][ASY1]--[MachineModeChangeReport]--[MachineStatusEvent]--[MachineModeChangeReport]--[1]
2023-04-25 15:45:02,085 [Load Flow][ASY1]--[LoadingStopRequest]--[MachineStatusEvent]--[LoadingStopRequest]--[1]
2023-04-25 15:45:02,085 [Load Flow][ASY1]--[CSTMoveInReport]--[MachineStatusEvent]--[CSTMoveInReport]--[1]
2023-04-25 15:45:02,085 [Load Flow][ASY1]--[CSTMoveOutReport]--[MachineStatusEvent]--[CSTMoveOutReport]--[1]
2023-04-25 15:45:02,085 [Load Flow][ASY1]--[IonizerStatusReport]--[MachineStatusEvent]--[IonizerStatusReport]--[1]
2023-04-25 15:45:02,085 [Load Flow][ASY1]--[CoolingCompleteReport]--[MachineStatusEvent]--[CoolingCompleteReport]--[1]
2023-04-25 15:45:02,085 [Load Flow][ASY1]--[OperatorLoginReport]--[MachineStatusEvent]--[OperatorLoginReport]--[1]
2023-04-25 15:45:02,085 [Load Flow][ASY1]--[CrateDataMapRequest]--[MachineStatusEvent]--[CrateDataMapRequest]--[1]
2023-04-25 15:45:02,085 [Load Flow][ASY1]--[CheckLotBindingRequest]--[MachineStatusEvent]--[CheckLotBindingRequest]--[1]
2023-04-25 15:45:02,085 [Load Flow][ASY1]--[ReceivedJobReport1]--[MachineJobEvent]--[ReceivedJobReport1]--[1]
2023-04-25 15:45:02,085 [Load Flow][ASY1]--[SentOutJobReport1]--[MachineJobEvent]--[SentOutJobReport1]--[1]
2023-04-25 15:45:02,085 [Load Flow][ASY1]--[SentOutJobReport2]--[MachineJobEvent]--[SentOutJobReport2]--[1]
2023-04-25 15:45:02,085 [Load Flow][ASY1]--[JobManualMoveReport]--[JobEvent]--[JobManualMoveReport]--[1]
2023-04-25 15:45:02,085 [Load Flow][ASY1]--[JobDataChangeReport]--[JobEvent]--[JobDataChangeReport]--[1]
2023-04-25 15:45:02,085 [Load Flow][ASY1]--[JobDataRequest]--[JobEvent]--[JobDataRequest]--[1]
2023-04-25 15:45:02,085 [Load Flow][ASY1]--[ProcessStartReport]--[JobEvent]--[ProcessStartReport]--[1]
2023-04-25 15:45:02,085 [Load Flow][ASY1]--[ProcessEndReport]--[JobEvent]--[ProcessEndReport]--[1]
2023-04-25 15:45:02,085 [Load Flow][ASY1]--[AlarmReport1]--[AlarmEvent]--[AlarmReport1]--[1]
2023-04-25 15:45:02,085 [Load Flow][ASY1]--[AlarmReport2]--[AlarmEvent]--[AlarmReport2]--[1]
2023-04-25 15:45:02,085 [Load Flow][ASY1]--[AlarmReport3]--[AlarmEvent]--[AlarmReport3]--[1]
2023-04-25 15:45:02,085 [Load Flow][ASY1]--[AlarmReport4]--[AlarmEvent]--[AlarmReport4]--[1]
2023-04-25 15:45:02,085 [Load Flow][ASY1]--[AlarmReport5]--[AlarmEvent]--[AlarmReport5]--[1]
2023-04-25 15:45:02,085 [Load Flow][ASY1]--[AutoRecipeChangeModeReport]--[RecipeEvent]--[AutoRecipeChangeModeReport]--[1]
2023-04-25 15:45:02,085 [Load Flow][ASY1]--[CurrentRecipeNumberChangeReport]--[RecipeEvent]--[CurrentRecipeNumberChangeReport]--[1]
2023-04-25 15:45:02,085 [Load Flow][ASY1]--[RecipeChangeReport]--[RecipeEvent]--[RecipeChangeReport]--[1]
2023-04-25 15:45:02,085 [Load Flow][ASY1]--[RecipeLayerInfoReport]--[RecipeEvent]--[RecipeLayerInfoReport]--[1]
2023-04-25 15:45:02,085 [Load Flow][ASY1]--[MaterialStatusChangeReport1]--[MachineMaterialEvent]--[MaterialStatusChangeReport1]--[1]
2023-04-25 15:45:02,085 [Load Flow][ASY1]--[MaterialLifeTimeOverReport1]--[MachineMaterialEvent]--[MaterialLifeTimeOverReport1]--[1]
2023-04-25 15:45:02,085 [Load Flow][ASY1]--[MaterialCountChangeReport1]--[MachineMaterialEvent]--[MaterialCountChangeReport1]--[1]
2023-04-25 15:45:02,085 [Load Flow][ASY1]--[MaterialAssemblyReport1]--[MachineMaterialEvent]--[MaterialAssemblyReport1]--[1]
2023-04-25 15:45:02,085 [Load Flow][ASY1]--[StoredJobReport1]--[StoredJobEvent]--[StoredJobReport1]--[1]
2023-04-25 15:45:02,085 [Load Flow][ASY1]--[StoredJobReport2]--[StoredJobEvent]--[StoredJobReport2]--[1]
2023-04-25 15:45:02,085 [Load Flow][ASY1]--[StoredJobReport3]--[StoredJobEvent]--[StoredJobReport3]--[1]
2023-04-25 15:45:02,086 [Load Flow][ASY1]--[StoredJobReport4]--[StoredJobEvent]--[StoredJobReport4]--[1]
2023-04-25 15:45:02,086 [Load Flow][ASY1]--[StoredJobReport5]--[StoredJobEvent]--[StoredJobReport5]--[1]
2023-04-25 15:45:02,086 [Load Flow][ASY1]--[StoredJobReport6]--[StoredJobEvent]--[StoredJobReport6]--[1]
2023-04-25 15:45:02,086 [Load Flow][ASY1]--[StoredJobReport7]--[StoredJobEvent]--[StoredJobReport7]--[1]
2023-04-25 15:45:02,086 [Load Flow][ASY1]--[StoredJobReport8]--[StoredJobEvent]--[StoredJobReport8]--[1]
2023-04-25 15:45:02,086 [Load Flow][ASY1]--[StoredJobReport9]--[StoredJobEvent]--[StoredJobReport9]--[1]
2023-04-25 15:45:02,086 [Load Flow][ASY1]--[FetchedOutJobReport1]--[FetchedJobEvent]--[FetchedOutJobReport1]--[1]
2023-04-25 15:45:02,086 [Load Flow][ASY1]--[FetchedOutJobReport2]--[FetchedJobEvent]--[FetchedOutJobReport2]--[1]
2023-04-25 15:45:02,086 [Load Flow][ASY1]--[FetchedOutJobReport3]--[FetchedJobEvent]--[FetchedOutJobReport3]--[1]
2023-04-25 15:45:02,086 [Load Flow][ASY1]--[FetchedOutJobReport4]--[FetchedJobEvent]--[FetchedOutJobReport4]--[1]
2023-04-25 15:45:02,086 [Load Flow][ASY1]--[FetchedOutJobReport5]--[FetchedJobEvent]--[FetchedOutJobReport5]--[1]
2023-04-25 15:45:02,086 [Load Flow][ASY1]--[FetchedOutJobReport6]--[FetchedJobEvent]--[FetchedOutJobReport6]--[1]
2023-04-25 15:45:02,086 [Load Flow][ASY1]--[FetchedOutJobReport7]--[FetchedJobEvent]--[FetchedOutJobReport7]--[1]
2023-04-25 15:45:02,086 [Load Flow][ASY1]--[FetchedOutJobReport8]--[FetchedJobEvent]--[FetchedOutJobReport8]--[1]
2023-04-25 15:45:02,086 [Load Flow][ASY1]--[FetchedOutJobReport9]--[FetchedJobEvent]--[FetchedOutJobReport9]--[1]
2023-04-25 15:45:02,086 [Load Flow][ASY1]--[DVDataReport]--[VariableDataEvent]--[DVDataReport]--[1]
2023-04-25 15:45:02,086 [Load Flow][ASY1]--[CVDataReport]--[VariableDataEvent]--[CVDataReport]--[1]
2023-04-25 15:45:02,086 [Load Flow][ASY1]--[AbnormalCodeReport]--[MachineSpecialEvent]--[AbnormalCodeReport]--[1]
2023-04-25 15:45:02,086 [Load Flow][ASY1]--[PSHReport]--[MachineSpecialEvent]--[PSHReport]--[1]
2023-04-25 15:45:02,086 [Load Flow][ASY1]--[PanelProcessStartRequest]--[MachineSpecialEvent]--[PanelProcessStartRequest]--[1]
2023-04-25 15:45:02,086 [Load Flow][ASY1]--[DefectCodeReport]--[MachineSpecialEvent]--[DefectCodeReport]--[1]
2023-04-25 15:45:02,086 [Load Flow][ASY1]--[TransferBoxReport]--[MachineSpecialEvent]--[TransferBoxReport]--[1]
2023-04-25 15:45:02,086 [Load Flow][ASY1]--[MaterialJobDataRequest]--[MachineSpecialEvent]--[MaterialJobDataRequest]--[1]
2023-04-25 15:45:02,086 [Load Flow][ASY1]--[PanelProcessEndRequest]--[MachineSpecialEvent]--[PanelProcessEndRequest]--[1]
2023-04-25 15:45:02,086 [Load Flow][ASY1]--[PSHRequest]--[CellSpecialEvent]--[PSHRequest]--[1]
2023-04-25 15:45:02,086 [Load Flow][ASY1]--[OCIDRequest]--[CellSpecialEvent]--[OCIDRequest]--[1]
2023-04-25 15:45:02,086 [Load Flow][ASY1]--[BoxWeightCheckReport]--[CellSpecialEvent]--[BoxWeightCheckReport]--[1]
2023-04-25 15:45:02,086 [Load Flow][ASY1]--[JobAssemblyReport]--[CellSpecialEvent]--[JobAssemblyReport]--[1]
2023-04-25 15:45:02,086 [Load Flow][ASY1]--[CellMaterialAssemblyReport]--[CellSpecialEvent]--[CellMaterialAssemblyReport]--[1]
2023-04-25 15:45:02,086 [Load Flow][ASY1]--[MaterialLotInfoRequest]--[CellSpecialEvent]--[MaterialLotInfoRequest]--[1]
2023-04-25 15:45:02,086 [Load Flow][ASY1]--[CutManualMoveReport]--[CellSpecialEvent]--[CutManualMoveReport]--[1]
2023-04-25 15:45:02,086 [Load Flow][ASY1]--[OCIDChangeReport]--[CellSpecialEvent]--[OCIDChangeReport]--[1]
2023-04-25 15:45:02,086 [Load Flow][ASY1]--[Port1IndexerOperationModeChangeReport]--[Port1Event]--[Port1IndexerOperationModeChangeReport]--[1]
2023-04-25 15:45:02,086 [Load Flow][ASY1]--[Port1CSTOperationModeChangeReport]--[Port1Event]--[Port1CSTOperationModeChangeReport]--[1]
2023-04-25 15:45:02,086 [Load Flow][ASY1]--[Port1PortTypeChangeReport]--[Port1Event]--[Port1PortTypeChangeReport]--[1]
2023-04-25 15:45:02,086 [Load Flow][ASY1]--[Port1PortTypeAutoChangeModeReport]--[Port1Event]--[Port1PortTypeAutoChangeModeReport]--[1]
2023-04-25 15:45:02,086 [Load Flow][ASY1]--[Port1PortModeChangeReport]--[Port1Event]--[Port1PortModeChangeReport]--[1]
2023-04-25 15:45:02,086 [Load Flow][ASY1]--[Port1PortTransferModeChangeReport]--[Port1Event]--[Port1PortTransferModeChangeReport]--[1]
2023-04-25 15:45:02,086 [Load Flow][ASY1]--[Port1PortGradeChangeReport]--[Port1Event]--[Port1PortGradeChangeReport]--[1]
2023-04-25 15:45:02,086 [Load Flow][ASY1]--[Port1PortOperationModeChangeReport]--[Port1Event]--[Port1PortOperationModeChangeReport]--[1]
2023-04-25 15:45:02,086 [Load Flow][ASY1]--[Port1PortCassetteTypeChangeReport]--[Port1Event]--[Port1PortCassetteTypeChangeReport]--[1]
2023-04-25 15:45:02,086 [Load Flow][ASY1]--[Port1PortStatusChangeReport]--[Port1Event]--[Port1PortStatusChangeReport]--[1]
2023-04-25 15:45:02,086 [Load Flow][ASY1]--[Port1PortQTimeTimeOutReport]--[Port1Event]--[Port1PortQTimeTimeOutReport]--[1]
2023-04-25 15:45:02,086 [Load Flow][ASY1]--[Port1PortQTimeChangeReport]--[Port1Event]--[Port1PortQTimeChangeReport]--[1]
2023-04-25 15:45:02,086 [Load Flow][ASY1]--[Port1CassetteProcessStartReport]--[Port1Event]--[Port1CassetteProcessStartReport]--[1]
2023-04-25 15:45:02,086 [Load Flow][ASY1]--[Port1CassetteProcessEndReport]--[Port1Event]--[Port1CassetteProcessEndReport]--[1]
2023-04-25 15:45:02,086 [Load Flow][ASY1]--[Port1EnableModeChangeReport]--[Port1Event]--[Port1EnableModeChangeReport]--[1]
2023-04-25 15:45:02,087 [Load Flow][ASY1]--[Port1PauseModeChangeReport]--[Port1Event]--[Port1PauseModeChangeReport]--[1]
2023-04-25 15:45:02,087 [Load Flow][ASY1]--[Port2IndexerOperationModeChangeReport]--[Port2Event]--[Port2IndexerOperationModeChangeReport]--[1]
2023-04-25 15:45:02,087 [Load Flow][ASY1]--[Port2CSTOperationModeChangeReport]--[Port2Event]--[Port2CSTOperationModeChangeReport]--[1]
2023-04-25 15:45:02,087 [Load Flow][ASY1]--[Port2PortTypeChangeReport]--[Port2Event]--[Port2PortTypeChangeReport]--[1]
2023-04-25 15:45:02,087 [Load Flow][ASY1]--[Port2PortTypeAutoChangeModeReport]--[Port2Event]--[Port2PortTypeAutoChangeModeReport]--[1]
2023-04-25 15:45:02,087 [Load Flow][ASY1]--[Port2PortModeChangeReport]--[Port2Event]--[Port2PortModeChangeReport]--[1]
2023-04-25 15:45:02,087 [Load Flow][ASY1]--[Port2PortTransferModeChangeReport]--[Port2Event]--[Port2PortTransferModeChangeReport]--[1]
2023-04-25 15:45:02,087 [Load Flow][ASY1]--[Port2PortGradeChangeReport]--[Port2Event]--[Port2PortGradeChangeReport]--[1]
2023-04-25 15:45:02,087 [Load Flow][ASY1]--[Port2PortOperationModeChangeReport]--[Port2Event]--[Port2PortOperationModeChangeReport]--[1]
2023-04-25 15:45:02,087 [Load Flow][ASY1]--[Port2PortCassetteTypeChangeReport]--[Port2Event]--[Port2PortCassetteTypeChangeReport]--[1]
2023-04-25 15:45:02,087 [Load Flow][ASY1]--[Port2PortStatusChangeReport]--[Port2Event]--[Port2PortStatusChangeReport]--[1]
2023-04-25 15:45:02,087 [Load Flow][ASY1]--[Port2PortQTimeTimeOutReport]--[Port2Event]--[Port2PortQTimeTimeOutReport]--[1]
2023-04-25 15:45:02,087 [Load Flow][ASY1]--[Port2PortQTimeChangeReport]--[Port2Event]--[Port2PortQTimeChangeReport]--[1]
2023-04-25 15:45:02,087 [Load Flow][ASY1]--[Port2CassetteProcessStartReport]--[Port2Event]--[Port2CassetteProcessStartReport]--[1]
2023-04-25 15:45:02,087 [Load Flow][ASY1]--[Port2CassetteProcessEndReport]--[Port2Event]--[Port2CassetteProcessEndReport]--[1]
2023-04-25 15:45:02,087 [Load Flow][ASY1]--[Port2EnableModeChangeReport]--[Port2Event]--[Port2EnableModeChangeReport]--[1]
2023-04-25 15:45:02,087 [Load Flow][ASY1]--[Port2PauseModeChangeReport]--[Port2Event]--[Port2PauseModeChangeReport]--[1]
2023-04-25 15:45:02,087 [Load Flow][ASY1]--[Port3IndexerOperationModeChangeReport]--[Port3Event]--[Port3IndexerOperationModeChangeReport]--[1]
2023-04-25 15:45:02,087 [Load Flow][ASY1]--[Port3CSTOperationModeChangeReport]--[Port3Event]--[Port3CSTOperationModeChangeReport]--[1]
2023-04-25 15:45:02,087 [Load Flow][ASY1]--[Port3PortTypeChangeReport]--[Port3Event]--[Port3PortTypeChangeReport]--[1]
2023-04-25 15:45:02,087 [Load Flow][ASY1]--[Port3PortTypeAutoChangeModeReport]--[Port3Event]--[Port3PortTypeAutoChangeModeReport]--[1]
2023-04-25 15:45:02,087 [Load Flow][ASY1]--[Port3PortModeChangeReport]--[Port3Event]--[Port3PortModeChangeReport]--[1]
2023-04-25 15:45:02,087 [Load Flow][ASY1]--[Port3PortTransferModeChangeReport]--[Port3Event]--[Port3PortTransferModeChangeReport]--[1]
2023-04-25 15:45:02,087 [Load Flow][ASY1]--[Port3PortGradeChangeReport]--[Port3Event]--[Port3PortGradeChangeReport]--[1]
2023-04-25 15:45:02,087 [Load Flow][ASY1]--[Port3PortOperationModeChangeReport]--[Port3Event]--[Port3PortOperationModeChangeReport]--[1]
2023-04-25 15:45:02,087 [Load Flow][ASY1]--[Port3PortCassetteTypeChangeReport]--[Port3Event]--[Port3PortCassetteTypeChangeReport]--[1]
2023-04-25 15:45:02,087 [Load Flow][ASY1]--[Port3PortStatusChangeReport]--[Port3Event]--[Port3PortStatusChangeReport]--[1]
2023-04-25 15:45:02,087 [Load Flow][ASY1]--[Port3PortQTimeTimeOutReport]--[Port3Event]--[Port3PortQTimeTimeOutReport]--[1]
2023-04-25 15:45:02,087 [Load Flow][ASY1]--[Port3PortQTimeChangeReport]--[Port3Event]--[Port3PortQTimeChangeReport]--[1]
2023-04-25 15:45:02,087 [Load Flow][ASY1]--[Port3CassetteProcessStartReport]--[Port3Event]--[Port3CassetteProcessStartReport]--[1]
2023-04-25 15:45:02,087 [Load Flow][ASY1]--[Port3CassetteProcessEndReport]--[Port3Event]--[Port3CassetteProcessEndReport]--[1]
2023-04-25 15:45:02,087 [Load Flow][ASY1]--[Port3EnableModeChangeReport]--[Port3Event]--[Port3EnableModeChangeReport]--[1]
2023-04-25 15:45:02,087 [Load Flow][ASY1]--[Port3PauseModeChangeReport]--[Port3Event]--[Port3PauseModeChangeReport]--[1]
2023-04-25 15:45:02,087 [Load Flow][ASY1]--[Port4IndexerOperationModeChangeReport]--[Port4Event]--[Port4IndexerOperationModeChangeReport]--[1]
2023-04-25 15:45:02,087 [Load Flow][ASY1]--[Port4CSTOperationModeChangeReport]--[Port4Event]--[Port4CSTOperationModeChangeReport]--[1]
2023-04-25 15:45:02,087 [Load Flow][ASY1]--[Port4PortTypeChangeReport]--[Port4Event]--[Port4PortTypeChangeReport]--[1]
2023-04-25 15:45:02,087 [Load Flow][ASY1]--[Port4PortTypeAutoChangeModeReport]--[Port4Event]--[Port4PortTypeAutoChangeModeReport]--[1]
2023-04-25 15:45:02,087 [Load Flow][ASY1]--[Port4PortModeChangeReport]--[Port4Event]--[Port4PortModeChangeReport]--[1]
2023-04-25 15:45:02,087 [Load Flow][ASY1]--[Port4PortTransferModeChangeReport]--[Port4Event]--[Port4PortTransferModeChangeReport]--[1]
2023-04-25 15:45:02,087 [Load Flow][ASY1]--[Port4PortGradeChangeReport]--[Port4Event]--[Port4PortGradeChangeReport]--[1]
2023-04-25 15:45:02,087 [Load Flow][ASY1]--[Port4PortOperationModeChangeReport]--[Port4Event]--[Port4PortOperationModeChangeReport]--[1]
2023-04-25 15:45:02,087 [Load Flow][ASY1]--[Port4PortCassetteTypeChangeReport]--[Port4Event]--[Port4PortCassetteTypeChangeReport]--[1]
2023-04-25 15:45:02,087 [Load Flow][ASY1]--[Port4PortStatusChangeReport]--[Port4Event]--[Port4PortStatusChangeReport]--[1]
2023-04-25 15:45:02,087 [Load Flow][ASY1]--[Port4PortQTimeTimeOutReport]--[Port4Event]--[Port4PortQTimeTimeOutReport]--[1]
2023-04-25 15:45:02,087 [Load Flow][ASY1]--[Port4PortQTimeChangeReport]--[Port4Event]--[Port4PortQTimeChangeReport]--[1]
2023-04-25 15:45:02,087 [Load Flow][ASY1]--[Port4CassetteProcessStartReport]--[Port4Event]--[Port4CassetteProcessStartReport]--[1]
2023-04-25 15:45:02,088 [Load Flow][ASY1]--[Port4CassetteProcessEndReport]--[Port4Event]--[Port4CassetteProcessEndReport]--[1]
2023-04-25 15:45:02,088 [Load Flow][ASY1]--[Port4EnableModeChangeReport]--[Port4Event]--[Port4EnableModeChangeReport]--[1]
2023-04-25 15:45:02,088 [Load Flow][ASY1]--[Port4PauseModeChangeReport]--[Port4Event]--[Port4PauseModeChangeReport]--[1]
2023-04-25 15:45:02,088 [Load Flow][ASY1]--[CIMModeChangeCommandBlock]--[CIMModeChangeCommandBlock]--[]--[0]
2023-04-25 15:45:02,088 [Load Flow][ASY1]--[CIMMessageSetCommandBlock]--[CIMMessageSetCommandBlock]--[]--[0]
2023-04-25 15:45:02,088 [Load Flow][ASY1]--[CIMMessageClearCommandBlock]--[CIMMessageClearCommandBlock]--[]--[0]
2023-04-25 15:45:02,088 [Load Flow][ASY1]--[DateTimeSetCommandBlock]--[DateTimeSetCommandBlock]--[]--[0]
2023-04-25 15:45:02,088 [Load Flow][ASY1]--[MachineModeChangeCommandBlock]--[MachineModeChangeCommandBlock]--[]--[0]
2023-04-25 15:45:02,088 [Load Flow][ASY1]--[MixRunUnitCountRequestBlock]--[MixRunUnitCountRequestBlock]--[]--[0]
2023-04-25 15:45:02,088 [Load Flow][ASY1]--[SetLastJobCommandBlock]--[SetLastJobCommandBlock]--[]--[0]
2023-04-25 15:45:02,088 [Load Flow][ASY1]--[LoadingStopChangeCommandBlock]--[LoadingStopChangeCommandBlock]--[]--[0]
2023-04-25 15:45:02,088 [Load Flow][ASY1]--[JobReservationCommandBlock]--[JobReservationCommandBlock]--[]--[0]
2023-04-25 15:45:02,088 [Load Flow][ASY1]--[RecipeRegisterCheckCommandBlock]--[RecipeRegisterCheckCommandBlock]--[]--[0]
2023-04-25 15:45:02,088 [Load Flow][ASY1]--[RecipeLayerInfoRequestBlock]--[RecipeLayerInfoRequestBlock]--[]--[0]
2023-04-25 15:45:02,088 [Load Flow][ASY1]--[RecipeLayerInfoDownloadBlock]--[RecipeLayerInfoDownloadBlock]--[]--[0]
2023-04-25 15:45:02,088 [Load Flow][ASY1]--[RecipeStepCountRequestBlock]--[RecipeStepCountRequestBlock]--[]--[0]
2023-04-25 15:45:02,088 [Load Flow][ASY1]--[RecipeParameterRequestCommandBlock]--[RecipeParameterRequestCommandBlock]--[]--[0]
2023-04-25 15:45:02,088 [Load Flow][ASY1]--[RecipeParameterDataDownloadBlock]--[RecipeParameterDataDownloadBlock]--[]--[0]
2023-04-25 15:45:02,088 [Load Flow][ASY1]--[MaterialControlCommandBlock]--[MaterialControlCommandBlock]--[]--[0]
2023-04-25 15:45:02,088 [Load Flow][ASY1]--[CVReportTimeChangeCommandBlock]--[CVReportTimeChangeCommandBlock]--[]--[0]
2023-04-25 15:45:02,088 [Load Flow][ASY1]--[Port1CassetteMapDownloadCommandBlock]--[Port1CassetteMapDownloadCommandBlock]--[]--[0]
2023-04-25 15:45:02,088 [Load Flow][ASY1]--[Port2CassetteMapDownloadCommandBlock]--[Port2CassetteMapDownloadCommandBlock]--[]--[0]
2023-04-25 15:45:02,088 [Load Flow][ASY1]--[Port3CassetteMapDownloadCommandBlock]--[Port3CassetteMapDownloadCommandBlock]--[]--[0]
2023-04-25 15:45:02,088 [Load Flow][ASY1]--[Port4CassetteMapDownloadCommandBlock]--[Port4CassetteMapDownloadCommandBlock]--[]--[0]
2023-04-25 15:45:02,088 [Load Flow][ASY1]--[Port5CassetteMapDownloadCommandBlock]--[Port5CassetteMapDownloadCommandBlock]--[]--[0]
2023-04-25 15:45:02,088 [Load Flow][ASY1]--[Port6CassetteMapDownloadCommandBlock]--[Port6CassetteMapDownloadCommandBlock]--[]--[0]
2023-04-25 15:45:02,088 [Load Flow][ASY1]--[Port7CassetteMapDownloadCommandBlock]--[Port7CassetteMapDownloadCommandBlock]--[]--[0]
2023-04-25 15:45:02,088 [Load Flow][ASY1]--[Port8CassetteMapDownloadCommandBlock]--[Port8CassetteMapDownloadCommandBlock]--[]--[0]
2023-04-25 15:45:02,088 [Load Flow][ASY1]--[Port1PortTypeChangeCommandBlock]--[Port1PortTypeChangeCommandBlock]--[]--[0]
2023-04-25 15:45:02,088 [Load Flow][ASY1]--[Port1PortTypeAutoChangeModeCommandBlock]--[Port1PortTypeAutoChangeModeCommandBlock]--[]--[0]
2023-04-25 15:45:02,088 [Load Flow][ASY1]--[Port1PortModeChangeCommandBlock]--[Port1PortModeChangeCommandBlock]--[]--[0]
2023-04-25 15:45:02,088 [Load Flow][ASY1]--[Port1PortTransferModeChangeCommandBlock]--[Port1PortTransferModeChangeCommandBlock]--[]--[0]
2023-04-25 15:45:02,088 [Load Flow][ASY1]--[Port1PortGradeChangeCommandBlock]--[Port1PortGradeChangeCommandBlock]--[]--[0]
2023-04-25 15:45:02,088 [Load Flow][ASY1]--[Port1PortOperationModeChangeCommandBlock]--[Port1PortOperationModeChangeCommandBlock]--[]--[0]
2023-04-25 15:45:02,088 [Load Flow][ASY1]--[Port1PortCassetteTypeChangeCommandBlock]--[Port1PortCassetteTypeChangeCommandBlock]--[]--[0]
2023-04-25 15:45:02,088 [Load Flow][ASY1]--[Port1PortControlCommandBlock]--[Port1PortControlCommandBlock]--[]--[0]
2023-04-25 15:45:02,088 [Load Flow][ASY1]--[Port1CassetteControlCommandBlock]--[Port1CassetteControlCommandBlock]--[]--[0]
2023-04-25 15:45:02,088 [Load Flow][ASY1]--[Port1EnableModeChangeCommandBlock]--[Port1EnableModeChangeCommandBlock]--[]--[0]
2023-04-25 15:45:02,088 [Load Flow][ASY1]--[Port1PauseModeChangeCommandBlock]--[Port1PauseModeChangeCommandBlock]--[]--[0]
2023-04-25 15:45:02,088 [Load Flow][ASY1]--[Port1QTimeChangeCommandBlock]--[Port1QTimeChangeCommandBlock]--[]--[0]
2023-04-25 15:45:02,088 [Load Flow][ASY1]--[Port2PortTypeChangeCommandBlock]--[Port2PortTypeChangeCommandBlock]--[]--[0]
2023-04-25 15:45:02,088 [Load Flow][ASY1]--[Port2PortTypeAutoChangeModeCommandBlock]--[Port2PortTypeAutoChangeModeCommandBlock]--[]--[0]
2023-04-25 15:45:02,088 [Load Flow][ASY1]--[Port2PortModeChangeCommandBlock]--[Port2PortModeChangeCommandBlock]--[]--[0]
2023-04-25 15:45:02,088 [Load Flow][ASY1]--[Port2PortTransferModeChangeCommandBlock]--[Port2PortTransferModeChangeCommandBlock]--[]--[0]
2023-04-25 15:45:02,088 [Load Flow][ASY1]--[Port2PortGradeChangeCommandBlock]--[Port2PortGradeChangeCommandBlock]--[]--[0]
2023-04-25 15:45:02,088 [Load Flow][ASY1]--[Port2PortOperationModeChangeCommandBlock]--[Port2PortOperationModeChangeCommandBlock]--[]--[0]
2023-04-25 15:45:02,088 [Load Flow][ASY1]--[Port2PortCassetteTypeChangeCommandBlock]--[Port2PortCassetteTypeChangeCommandBlock]--[]--[0]
2023-04-25 15:45:02,089 [Load Flow][ASY1]--[Port2PortControlCommandBlock]--[Port2PortControlCommandBlock]--[]--[0]
2023-04-25 15:45:02,089 [Load Flow][ASY1]--[Port2CassetteControlCommandBlock]--[Port2CassetteControlCommandBlock]--[]--[0]
2023-04-25 15:45:02,089 [Load Flow][ASY1]--[Port2EnableModeChangeCommandBlock]--[Port2EnableModeChangeCommandBlock]--[]--[0]
2023-04-25 15:45:02,089 [Load Flow][ASY1]--[Port2PauseModeChangeCommandBlock]--[Port2PauseModeChangeCommandBlock]--[]--[0]
2023-04-25 15:45:02,089 [Load Flow][ASY1]--[Port2QTimeChangeCommandBlock]--[Port2QTimeChangeCommandBlock]--[]--[0]
2023-04-25 15:45:02,089 [Load Flow][ASY1]--[Port3PortTypeChangeCommandBlock]--[Port3PortTypeChangeCommandBlock]--[]--[0]
2023-04-25 15:45:02,089 [Load Flow][ASY1]--[Port3PortTypeAutoChangeModeCommandBlock]--[Port3PortTypeAutoChangeModeCommandBlock]--[]--[0]
2023-04-25 15:45:02,089 [Load Flow][ASY1]--[Port3PortModeChangeCommandBlock]--[Port3PortModeChangeCommandBlock]--[]--[0]
2023-04-25 15:45:02,089 [Load Flow][ASY1]--[Port3PortTransferModeChangeCommandBlock]--[Port3PortTransferModeChangeCommandBlock]--[]--[0]
2023-04-25 15:45:02,089 [Load Flow][ASY1]--[Port3PortGradeChangeCommandBlock]--[Port3PortGradeChangeCommandBlock]--[]--[0]
2023-04-25 15:45:02,089 [Load Flow][ASY1]--[Port3PortOperationModeChangeCommandBlock]--[Port3PortOperationModeChangeCommandBlock]--[]--[0]
2023-04-25 15:45:02,089 [Load Flow][ASY1]--[Port3PortCassetteTypeChangeCommandBlock]--[Port3PortCassetteTypeChangeCommandBlock]--[]--[0]
2023-04-25 15:45:02,089 [Load Flow][ASY1]--[Port3PortControlCommandBlock]--[Port3PortControlCommandBlock]--[]--[0]
2023-04-25 15:45:02,089 [Load Flow][ASY1]--[Port3CassetteControlCommandBlock]--[Port3CassetteControlCommandBlock]--[]--[0]
2023-04-25 15:45:02,089 [Load Flow][ASY1]--[Port3EnableModeChangeCommandBlock]--[Port3EnableModeChangeCommandBlock]--[]--[0]
2023-04-25 15:45:02,089 [Load Flow][ASY1]--[Port3PauseModeChangeCommandBlock]--[Port3PauseModeChangeCommandBlock]--[]--[0]
2023-04-25 15:45:02,089 [Load Flow][ASY1]--[Port3QTimeChangeCommandBlock]--[Port3QTimeChangeCommandBlock]--[]--[0]
2023-04-25 15:45:02,089 [Load Flow][ASY1]--[Port4PortTypeChangeCommandBlock]--[Port4PortTypeChangeCommandBlock]--[]--[0]
2023-04-25 15:45:02,089 [Load Flow][ASY1]--[Port4PortTypeAutoChangeModeCommandBlock]--[Port4PortTypeAutoChangeModeCommandBlock]--[]--[0]
2023-04-25 15:45:02,089 [Load Flow][ASY1]--[Port4PortModeChangeCommandBlock]--[Port4PortModeChangeCommandBlock]--[]--[0]
2023-04-25 15:45:02,089 [Load Flow][ASY1]--[Port4PortTransferModeChangeCommandBlock]--[Port4PortTransferModeChangeCommandBlock]--[]--[0]
2023-04-25 15:45:02,089 [Load Flow][ASY1]--[Port4PortGradeChangeCommandBlock]--[Port4PortGradeChangeCommandBlock]--[]--[0]
2023-04-25 15:45:02,089 [Load Flow][ASY1]--[Port4PortOperationModeChangeCommandBlock]--[Port4PortOperationModeChangeCommandBlock]--[]--[0]
2023-04-25 15:45:02,089 [Load Flow][ASY1]--[Port4PortCassetteTypeChangeCommandBlock]--[Port4PortCassetteTypeChangeCommandBlock]--[]--[0]
2023-04-25 15:45:02,089 [Load Flow][ASY1]--[Port4PortControlCommandBlock]--[Port4PortControlCommandBlock]--[]--[0]
2023-04-25 15:45:02,089 [Load Flow][ASY1]--[Port4CassetteControlCommandBlock]--[Port4CassetteControlCommandBlock]--[]--[0]
2023-04-25 15:45:02,089 [Load Flow][ASY1]--[Port4EnableModeChangeCommandBlock]--[Port4EnableModeChangeCommandBlock]--[]--[0]
2023-04-25 15:45:02,089 [Load Flow][ASY1]--[Port4PauseModeChangeCommandBlock]--[Port4PauseModeChangeCommandBlock]--[]--[0]
2023-04-25 15:45:02,089 [Load Flow][ASY1]--[Port4QTimeChangeCommandBlock]--[Port4QTimeChangeCommandBlock]--[]--[0]
2023-04-25 15:45:02,102 TCP Driver created. 50611656
2023-04-25 15:45:02,590 ASY1 Created.
2023-04-25 15:46:54,621 Communicator terminate...
2023-04-25 15:46:55,624 Close Socket Resource : OMRON.Compolet.Variable.VariableCompolet
2023-04-25 15:46:55,626 Close Socket Resource : OMRON.Compolet.Variable.VariableCompolet disposed
2023-04-25 15:46:55,626 Close Socket Resource : OMRON.Compolet.CIP.CommonCompolet
2023-04-25 15:46:55,627 Close Socket Resource : OMRON.Compolet.CIP.CommonCompolet disposed
2023-04-25 16:11:54,847 [Load Flow][ASY1]--[MachineStatusChangeReport]--[MachineStatusEvent]--[MachineStatusChangeReport]--[1]
2023-04-25 16:11:54,847 [Load Flow][ASY1]--[CIMMessageConfirmReport]--[MachineStatusEvent]--[CIMMessageConfirmReport]--[1]
2023-04-25 16:11:54,847 [Load Flow][ASY1]--[DateTimeRequest]--[MachineStatusEvent]--[DateTimeRequest]--[1]
2023-04-25 16:11:54,847 [Load Flow][ASY1]--[VCRStatusReport]--[MachineStatusEvent]--[VCRStatusReport]--[1]
2023-04-25 16:11:54,847 [Load Flow][ASY1]--[VCRReadCompleteReport]--[MachineStatusEvent]--[VCRReadCompleteReport]--[1]
2023-04-25 16:11:54,847 [Load Flow][ASY1]--[JobJudgeResultReport]--[MachineStatusEvent]--[JobJudgeResultReport]--[1]
2023-04-25 16:11:54,847 [Load Flow][ASY1]--[DummyJobRequest]--[MachineStatusEvent]--[DummyJobRequest]--[1]
2023-04-25 16:11:54,847 [Load Flow][ASY1]--[MachineModeChangeReport]--[MachineStatusEvent]--[MachineModeChangeReport]--[1]
2023-04-25 16:11:54,847 [Load Flow][ASY1]--[LoadingStopRequest]--[MachineStatusEvent]--[LoadingStopRequest]--[1]
2023-04-25 16:11:54,847 [Load Flow][ASY1]--[CSTMoveInReport]--[MachineStatusEvent]--[CSTMoveInReport]--[1]
2023-04-25 16:11:54,847 [Load Flow][ASY1]--[CSTMoveOutReport]--[MachineStatusEvent]--[CSTMoveOutReport]--[1]
2023-04-25 16:11:54,847 [Load Flow][ASY1]--[IonizerStatusReport]--[MachineStatusEvent]--[IonizerStatusReport]--[1]
2023-04-25 16:11:54,847 [Load Flow][ASY1]--[CoolingCompleteReport]--[MachineStatusEvent]--[CoolingCompleteReport]--[1]
2023-04-25 16:11:54,847 [Load Flow][ASY1]--[OperatorLoginReport]--[MachineStatusEvent]--[OperatorLoginReport]--[1]
2023-04-25 16:11:54,847 [Load Flow][ASY1]--[CrateDataMapRequest]--[MachineStatusEvent]--[CrateDataMapRequest]--[1]
2023-04-25 16:11:54,847 [Load Flow][ASY1]--[CheckLotBindingRequest]--[MachineStatusEvent]--[CheckLotBindingRequest]--[1]
2023-04-25 16:11:54,847 [Load Flow][ASY1]--[ReceivedJobReport1]--[MachineJobEvent]--[ReceivedJobReport1]--[1]
2023-04-25 16:11:54,847 [Load Flow][ASY1]--[SentOutJobReport1]--[MachineJobEvent]--[SentOutJobReport1]--[1]
2023-04-25 16:11:54,847 [Load Flow][ASY1]--[SentOutJobReport2]--[MachineJobEvent]--[SentOutJobReport2]--[1]
2023-04-25 16:11:54,847 [Load Flow][ASY1]--[JobManualMoveReport]--[JobEvent]--[JobManualMoveReport]--[1]
2023-04-25 16:11:54,847 [Load Flow][ASY1]--[JobDataChangeReport]--[JobEvent]--[JobDataChangeReport]--[1]
2023-04-25 16:11:54,847 [Load Flow][ASY1]--[JobDataRequest]--[JobEvent]--[JobDataRequest]--[1]
2023-04-25 16:11:54,847 [Load Flow][ASY1]--[ProcessStartReport]--[JobEvent]--[ProcessStartReport]--[1]
2023-04-25 16:11:54,847 [Load Flow][ASY1]--[ProcessEndReport]--[JobEvent]--[ProcessEndReport]--[1]
2023-04-25 16:11:54,847 [Load Flow][ASY1]--[AlarmReport1]--[AlarmEvent]--[AlarmReport1]--[1]
2023-04-25 16:11:54,848 [Load Flow][ASY1]--[AlarmReport2]--[AlarmEvent]--[AlarmReport2]--[1]
2023-04-25 16:11:54,848 [Load Flow][ASY1]--[AlarmReport3]--[AlarmEvent]--[AlarmReport3]--[1]
2023-04-25 16:11:54,848 [Load Flow][ASY1]--[AlarmReport4]--[AlarmEvent]--[AlarmReport4]--[1]
2023-04-25 16:11:54,848 [Load Flow][ASY1]--[AlarmReport5]--[AlarmEvent]--[AlarmReport5]--[1]
2023-04-25 16:11:54,848 [Load Flow][ASY1]--[AutoRecipeChangeModeReport]--[RecipeEvent]--[AutoRecipeChangeModeReport]--[1]
2023-04-25 16:11:54,848 [Load Flow][ASY1]--[CurrentRecipeNumberChangeReport]--[RecipeEvent]--[CurrentRecipeNumberChangeReport]--[1]
2023-04-25 16:11:54,848 [Load Flow][ASY1]--[RecipeChangeReport]--[RecipeEvent]--[RecipeChangeReport]--[1]
2023-04-25 16:11:54,848 [Load Flow][ASY1]--[RecipeLayerInfoReport]--[RecipeEvent]--[RecipeLayerInfoReport]--[1]
2023-04-25 16:11:54,848 [Load Flow][ASY1]--[MaterialStatusChangeReport1]--[MachineMaterialEvent]--[MaterialStatusChangeReport1]--[1]
2023-04-25 16:11:54,848 [Load Flow][ASY1]--[MaterialLifeTimeOverReport1]--[MachineMaterialEvent]--[MaterialLifeTimeOverReport1]--[1]
2023-04-25 16:11:54,848 [Load Flow][ASY1]--[MaterialCountChangeReport1]--[MachineMaterialEvent]--[MaterialCountChangeReport1]--[1]
2023-04-25 16:11:54,848 [Load Flow][ASY1]--[MaterialAssemblyReport1]--[MachineMaterialEvent]--[MaterialAssemblyReport1]--[1]
2023-04-25 16:11:54,848 [Load Flow][ASY1]--[StoredJobReport1]--[StoredJobEvent]--[StoredJobReport1]--[1]
2023-04-25 16:11:54,848 [Load Flow][ASY1]--[StoredJobReport2]--[StoredJobEvent]--[StoredJobReport2]--[1]
2023-04-25 16:11:54,848 [Load Flow][ASY1]--[StoredJobReport3]--[StoredJobEvent]--[StoredJobReport3]--[1]
2023-04-25 16:11:54,848 [Load Flow][ASY1]--[StoredJobReport4]--[StoredJobEvent]--[StoredJobReport4]--[1]
2023-04-25 16:11:54,848 [Load Flow][ASY1]--[StoredJobReport5]--[StoredJobEvent]--[StoredJobReport5]--[1]
2023-04-25 16:11:54,848 [Load Flow][ASY1]--[StoredJobReport6]--[StoredJobEvent]--[StoredJobReport6]--[1]
2023-04-25 16:11:54,848 [Load Flow][ASY1]--[StoredJobReport7]--[StoredJobEvent]--[StoredJobReport7]--[1]
2023-04-25 16:11:54,848 [Load Flow][ASY1]--[StoredJobReport8]--[StoredJobEvent]--[StoredJobReport8]--[1]
2023-04-25 16:11:54,848 [Load Flow][ASY1]--[StoredJobReport9]--[StoredJobEvent]--[StoredJobReport9]--[1]
2023-04-25 16:11:54,848 [Load Flow][ASY1]--[FetchedOutJobReport1]--[FetchedJobEvent]--[FetchedOutJobReport1]--[1]
2023-04-25 16:11:54,848 [Load Flow][ASY1]--[FetchedOutJobReport2]--[FetchedJobEvent]--[FetchedOutJobReport2]--[1]
2023-04-25 16:11:54,848 [Load Flow][ASY1]--[FetchedOutJobReport3]--[FetchedJobEvent]--[FetchedOutJobReport3]--[1]
2023-04-25 16:11:54,848 [Load Flow][ASY1]--[FetchedOutJobReport4]--[FetchedJobEvent]--[FetchedOutJobReport4]--[1]
2023-04-25 16:11:54,848 [Load Flow][ASY1]--[FetchedOutJobReport5]--[FetchedJobEvent]--[FetchedOutJobReport5]--[1]
2023-04-25 16:11:54,848 [Load Flow][ASY1]--[FetchedOutJobReport6]--[FetchedJobEvent]--[FetchedOutJobReport6]--[1]
2023-04-25 16:11:54,848 [Load Flow][ASY1]--[FetchedOutJobReport7]--[FetchedJobEvent]--[FetchedOutJobReport7]--[1]
2023-04-25 16:11:54,848 [Load Flow][ASY1]--[FetchedOutJobReport8]--[FetchedJobEvent]--[FetchedOutJobReport8]--[1]
2023-04-25 16:11:54,848 [Load Flow][ASY1]--[FetchedOutJobReport9]--[FetchedJobEvent]--[FetchedOutJobReport9]--[1]
2023-04-25 16:11:54,848 [Load Flow][ASY1]--[DVDataReport]--[VariableDataEvent]--[DVDataReport]--[1]
2023-04-25 16:11:54,848 [Load Flow][ASY1]--[CVDataReport]--[VariableDataEvent]--[CVDataReport]--[1]
2023-04-25 16:11:54,848 [Load Flow][ASY1]--[AbnormalCodeReport]--[MachineSpecialEvent]--[AbnormalCodeReport]--[1]
2023-04-25 16:11:54,848 [Load Flow][ASY1]--[PSHReport]--[MachineSpecialEvent]--[PSHReport]--[1]
2023-04-25 16:11:54,848 [Load Flow][ASY1]--[PanelProcessStartRequest]--[MachineSpecialEvent]--[PanelProcessStartRequest]--[1]
2023-04-25 16:11:54,848 [Load Flow][ASY1]--[DefectCodeReport]--[MachineSpecialEvent]--[DefectCodeReport]--[1]
2023-04-25 16:11:54,848 [Load Flow][ASY1]--[TransferBoxReport]--[MachineSpecialEvent]--[TransferBoxReport]--[1]
2023-04-25 16:11:54,848 [Load Flow][ASY1]--[MaterialJobDataRequest]--[MachineSpecialEvent]--[MaterialJobDataRequest]--[1]
2023-04-25 16:11:54,848 [Load Flow][ASY1]--[PanelProcessEndRequest]--[MachineSpecialEvent]--[PanelProcessEndRequest]--[1]
2023-04-25 16:11:54,848 [Load Flow][ASY1]--[PSHRequest]--[CellSpecialEvent]--[PSHRequest]--[1]
2023-04-25 16:11:54,848 [Load Flow][ASY1]--[OCIDRequest]--[CellSpecialEvent]--[OCIDRequest]--[1]
2023-04-25 16:11:54,848 [Load Flow][ASY1]--[BoxWeightCheckReport]--[CellSpecialEvent]--[BoxWeightCheckReport]--[1]
2023-04-25 16:11:54,848 [Load Flow][ASY1]--[JobAssemblyReport]--[CellSpecialEvent]--[JobAssemblyReport]--[1]
2023-04-25 16:11:54,848 [Load Flow][ASY1]--[CellMaterialAssemblyReport]--[CellSpecialEvent]--[CellMaterialAssemblyReport]--[1]
2023-04-25 16:11:54,849 [Load Flow][ASY1]--[MaterialLotInfoRequest]--[CellSpecialEvent]--[MaterialLotInfoRequest]--[1]
2023-04-25 16:11:54,849 [Load Flow][ASY1]--[CutManualMoveReport]--[CellSpecialEvent]--[CutManualMoveReport]--[1]
2023-04-25 16:11:54,849 [Load Flow][ASY1]--[OCIDChangeReport]--[CellSpecialEvent]--[OCIDChangeReport]--[1]
2023-04-25 16:11:54,849 [Load Flow][ASY1]--[Port1IndexerOperationModeChangeReport]--[Port1Event]--[Port1IndexerOperationModeChangeReport]--[1]
2023-04-25 16:11:54,849 [Load Flow][ASY1]--[Port1CSTOperationModeChangeReport]--[Port1Event]--[Port1CSTOperationModeChangeReport]--[1]
2023-04-25 16:11:54,849 [Load Flow][ASY1]--[Port1PortTypeChangeReport]--[Port1Event]--[Port1PortTypeChangeReport]--[1]
2023-04-25 16:11:54,849 [Load Flow][ASY1]--[Port1PortTypeAutoChangeModeReport]--[Port1Event]--[Port1PortTypeAutoChangeModeReport]--[1]
2023-04-25 16:11:54,849 [Load Flow][ASY1]--[Port1PortModeChangeReport]--[Port1Event]--[Port1PortModeChangeReport]--[1]
2023-04-25 16:11:54,849 [Load Flow][ASY1]--[Port1PortTransferModeChangeReport]--[Port1Event]--[Port1PortTransferModeChangeReport]--[1]
2023-04-25 16:11:54,849 [Load Flow][ASY1]--[Port1PortGradeChangeReport]--[Port1Event]--[Port1PortGradeChangeReport]--[1]
2023-04-25 16:11:54,849 [Load Flow][ASY1]--[Port1PortOperationModeChangeReport]--[Port1Event]--[Port1PortOperationModeChangeReport]--[1]
2023-04-25 16:11:54,849 [Load Flow][ASY1]--[Port1PortCassetteTypeChangeReport]--[Port1Event]--[Port1PortCassetteTypeChangeReport]--[1]
2023-04-25 16:11:54,849 [Load Flow][ASY1]--[Port1PortStatusChangeReport]--[Port1Event]--[Port1PortStatusChangeReport]--[1]
2023-04-25 16:11:54,849 [Load Flow][ASY1]--[Port1PortQTimeTimeOutReport]--[Port1Event]--[Port1PortQTimeTimeOutReport]--[1]
2023-04-25 16:11:54,849 [Load Flow][ASY1]--[Port1PortQTimeChangeReport]--[Port1Event]--[Port1PortQTimeChangeReport]--[1]
2023-04-25 16:11:54,849 [Load Flow][ASY1]--[Port1CassetteProcessStartReport]--[Port1Event]--[Port1CassetteProcessStartReport]--[1]
2023-04-25 16:11:54,849 [Load Flow][ASY1]--[Port1CassetteProcessEndReport]--[Port1Event]--[Port1CassetteProcessEndReport]--[1]
2023-04-25 16:11:54,849 [Load Flow][ASY1]--[Port1EnableModeChangeReport]--[Port1Event]--[Port1EnableModeChangeReport]--[1]
2023-04-25 16:11:54,849 [Load Flow][ASY1]--[Port1PauseModeChangeReport]--[Port1Event]--[Port1PauseModeChangeReport]--[1]
2023-04-25 16:11:54,849 [Load Flow][ASY1]--[Port2IndexerOperationModeChangeReport]--[Port2Event]--[Port2IndexerOperationModeChangeReport]--[1]
2023-04-25 16:11:54,849 [Load Flow][ASY1]--[Port2CSTOperationModeChangeReport]--[Port2Event]--[Port2CSTOperationModeChangeReport]--[1]
2023-04-25 16:11:54,849 [Load Flow][ASY1]--[Port2PortTypeChangeReport]--[Port2Event]--[Port2PortTypeChangeReport]--[1]
2023-04-25 16:11:54,849 [Load Flow][ASY1]--[Port2PortTypeAutoChangeModeReport]--[Port2Event]--[Port2PortTypeAutoChangeModeReport]--[1]
2023-04-25 16:11:54,849 [Load Flow][ASY1]--[Port2PortModeChangeReport]--[Port2Event]--[Port2PortModeChangeReport]--[1]
2023-04-25 16:11:54,849 [Load Flow][ASY1]--[Port2PortTransferModeChangeReport]--[Port2Event]--[Port2PortTransferModeChangeReport]--[1]
2023-04-25 16:11:54,849 [Load Flow][ASY1]--[Port2PortGradeChangeReport]--[Port2Event]--[Port2PortGradeChangeReport]--[1]
2023-04-25 16:11:54,849 [Load Flow][ASY1]--[Port2PortOperationModeChangeReport]--[Port2Event]--[Port2PortOperationModeChangeReport]--[1]
2023-04-25 16:11:54,849 [Load Flow][ASY1]--[Port2PortCassetteTypeChangeReport]--[Port2Event]--[Port2PortCassetteTypeChangeReport]--[1]
2023-04-25 16:11:54,849 [Load Flow][ASY1]--[Port2PortStatusChangeReport]--[Port2Event]--[Port2PortStatusChangeReport]--[1]
2023-04-25 16:11:54,849 [Load Flow][ASY1]--[Port2PortQTimeTimeOutReport]--[Port2Event]--[Port2PortQTimeTimeOutReport]--[1]
2023-04-25 16:11:54,849 [Load Flow][ASY1]--[Port2PortQTimeChangeReport]--[Port2Event]--[Port2PortQTimeChangeReport]--[1]
2023-04-25 16:11:54,849 [Load Flow][ASY1]--[Port2CassetteProcessStartReport]--[Port2Event]--[Port2CassetteProcessStartReport]--[1]
2023-04-25 16:11:54,849 [Load Flow][ASY1]--[Port2CassetteProcessEndReport]--[Port2Event]--[Port2CassetteProcessEndReport]--[1]
2023-04-25 16:11:54,849 [Load Flow][ASY1]--[Port2EnableModeChangeReport]--[Port2Event]--[Port2EnableModeChangeReport]--[1]
2023-04-25 16:11:54,849 [Load Flow][ASY1]--[Port2PauseModeChangeReport]--[Port2Event]--[Port2PauseModeChangeReport]--[1]
2023-04-25 16:11:54,849 [Load Flow][ASY1]--[Port3IndexerOperationModeChangeReport]--[Port3Event]--[Port3IndexerOperationModeChangeReport]--[1]
2023-04-25 16:11:54,849 [Load Flow][ASY1]--[Port3CSTOperationModeChangeReport]--[Port3Event]--[Port3CSTOperationModeChangeReport]--[1]
2023-04-25 16:11:54,849 [Load Flow][ASY1]--[Port3PortTypeChangeReport]--[Port3Event]--[Port3PortTypeChangeReport]--[1]
2023-04-25 16:11:54,849 [Load Flow][ASY1]--[Port3PortTypeAutoChangeModeReport]--[Port3Event]--[Port3PortTypeAutoChangeModeReport]--[1]
2023-04-25 16:11:54,849 [Load Flow][ASY1]--[Port3PortModeChangeReport]--[Port3Event]--[Port3PortModeChangeReport]--[1]
2023-04-25 16:11:54,849 [Load Flow][ASY1]--[Port3PortTransferModeChangeReport]--[Port3Event]--[Port3PortTransferModeChangeReport]--[1]
2023-04-25 16:11:54,849 [Load Flow][ASY1]--[Port3PortGradeChangeReport]--[Port3Event]--[Port3PortGradeChangeReport]--[1]
2023-04-25 16:11:54,849 [Load Flow][ASY1]--[Port3PortOperationModeChangeReport]--[Port3Event]--[Port3PortOperationModeChangeReport]--[1]
2023-04-25 16:11:54,849 [Load Flow][ASY1]--[Port3PortCassetteTypeChangeReport]--[Port3Event]--[Port3PortCassetteTypeChangeReport]--[1]
2023-04-25 16:11:54,849 [Load Flow][ASY1]--[Port3PortStatusChangeReport]--[Port3Event]--[Port3PortStatusChangeReport]--[1]
2023-04-25 16:11:54,849 [Load Flow][ASY1]--[Port3PortQTimeTimeOutReport]--[Port3Event]--[Port3PortQTimeTimeOutReport]--[1]
2023-04-25 16:11:54,850 [Load Flow][ASY1]--[Port3PortQTimeChangeReport]--[Port3Event]--[Port3PortQTimeChangeReport]--[1]
2023-04-25 16:11:54,850 [Load Flow][ASY1]--[Port3CassetteProcessStartReport]--[Port3Event]--[Port3CassetteProcessStartReport]--[1]
2023-04-25 16:11:54,850 [Load Flow][ASY1]--[Port3CassetteProcessEndReport]--[Port3Event]--[Port3CassetteProcessEndReport]--[1]
2023-04-25 16:11:54,850 [Load Flow][ASY1]--[Port3EnableModeChangeReport]--[Port3Event]--[Port3EnableModeChangeReport]--[1]
2023-04-25 16:11:54,850 [Load Flow][ASY1]--[Port3PauseModeChangeReport]--[Port3Event]--[Port3PauseModeChangeReport]--[1]
2023-04-25 16:11:54,850 [Load Flow][ASY1]--[Port4IndexerOperationModeChangeReport]--[Port4Event]--[Port4IndexerOperationModeChangeReport]--[1]
2023-04-25 16:11:54,850 [Load Flow][ASY1]--[Port4CSTOperationModeChangeReport]--[Port4Event]--[Port4CSTOperationModeChangeReport]--[1]
2023-04-25 16:11:54,850 [Load Flow][ASY1]--[Port4PortTypeChangeReport]--[Port4Event]--[Port4PortTypeChangeReport]--[1]
2023-04-25 16:11:54,850 [Load Flow][ASY1]--[Port4PortTypeAutoChangeModeReport]--[Port4Event]--[Port4PortTypeAutoChangeModeReport]--[1]
2023-04-25 16:11:54,850 [Load Flow][ASY1]--[Port4PortModeChangeReport]--[Port4Event]--[Port4PortModeChangeReport]--[1]
2023-04-25 16:11:54,850 [Load Flow][ASY1]--[Port4PortTransferModeChangeReport]--[Port4Event]--[Port4PortTransferModeChangeReport]--[1]
2023-04-25 16:11:54,850 [Load Flow][ASY1]--[Port4PortGradeChangeReport]--[Port4Event]--[Port4PortGradeChangeReport]--[1]
2023-04-25 16:11:54,850 [Load Flow][ASY1]--[Port4PortOperationModeChangeReport]--[Port4Event]--[Port4PortOperationModeChangeReport]--[1]
2023-04-25 16:11:54,850 [Load Flow][ASY1]--[Port4PortCassetteTypeChangeReport]--[Port4Event]--[Port4PortCassetteTypeChangeReport]--[1]
2023-04-25 16:11:54,850 [Load Flow][ASY1]--[Port4PortStatusChangeReport]--[Port4Event]--[Port4PortStatusChangeReport]--[1]
2023-04-25 16:11:54,850 [Load Flow][ASY1]--[Port4PortQTimeTimeOutReport]--[Port4Event]--[Port4PortQTimeTimeOutReport]--[1]
2023-04-25 16:11:54,850 [Load Flow][ASY1]--[Port4PortQTimeChangeReport]--[Port4Event]--[Port4PortQTimeChangeReport]--[1]
2023-04-25 16:11:54,850 [Load Flow][ASY1]--[Port4CassetteProcessStartReport]--[Port4Event]--[Port4CassetteProcessStartReport]--[1]
2023-04-25 16:11:54,850 [Load Flow][ASY1]--[Port4CassetteProcessEndReport]--[Port4Event]--[Port4CassetteProcessEndReport]--[1]
2023-04-25 16:11:54,850 [Load Flow][ASY1]--[Port4EnableModeChangeReport]--[Port4Event]--[Port4EnableModeChangeReport]--[1]
2023-04-25 16:11:54,850 [Load Flow][ASY1]--[Port4PauseModeChangeReport]--[Port4Event]--[Port4PauseModeChangeReport]--[1]
2023-04-25 16:11:54,850 [Load Flow][ASY1]--[CIMModeChangeCommandBlock]--[CIMModeChangeCommandBlock]--[]--[0]
2023-04-25 16:11:54,850 [Load Flow][ASY1]--[CIMMessageSetCommandBlock]--[CIMMessageSetCommandBlock]--[]--[0]
2023-04-25 16:11:54,850 [Load Flow][ASY1]--[CIMMessageClearCommandBlock]--[CIMMessageClearCommandBlock]--[]--[0]
2023-04-25 16:11:54,850 [Load Flow][ASY1]--[DateTimeSetCommandBlock]--[DateTimeSetCommandBlock]--[]--[0]
2023-04-25 16:11:54,850 [Load Flow][ASY1]--[MachineModeChangeCommandBlock]--[MachineModeChangeCommandBlock]--[]--[0]
2023-04-25 16:11:54,850 [Load Flow][ASY1]--[MixRunUnitCountRequestBlock]--[MixRunUnitCountRequestBlock]--[]--[0]
2023-04-25 16:11:54,850 [Load Flow][ASY1]--[SetLastJobCommandBlock]--[SetLastJobCommandBlock]--[]--[0]
2023-04-25 16:11:54,850 [Load Flow][ASY1]--[LoadingStopChangeCommandBlock]--[LoadingStopChangeCommandBlock]--[]--[0]
2023-04-25 16:11:54,850 [Load Flow][ASY1]--[JobReservationCommandBlock]--[JobReservationCommandBlock]--[]--[0]
2023-04-25 16:11:54,850 [Load Flow][ASY1]--[RecipeRegisterCheckCommandBlock]--[RecipeRegisterCheckCommandBlock]--[]--[0]
2023-04-25 16:11:54,850 [Load Flow][ASY1]--[RecipeLayerInfoRequestBlock]--[RecipeLayerInfoRequestBlock]--[]--[0]
2023-04-25 16:11:54,850 [Load Flow][ASY1]--[RecipeLayerInfoDownloadBlock]--[RecipeLayerInfoDownloadBlock]--[]--[0]
2023-04-25 16:11:54,850 [Load Flow][ASY1]--[RecipeStepCountRequestBlock]--[RecipeStepCountRequestBlock]--[]--[0]
2023-04-25 16:11:54,850 [Load Flow][ASY1]--[RecipeParameterRequestCommandBlock]--[RecipeParameterRequestCommandBlock]--[]--[0]
2023-04-25 16:11:54,850 [Load Flow][ASY1]--[RecipeParameterDataDownloadBlock]--[RecipeParameterDataDownloadBlock]--[]--[0]
2023-04-25 16:11:54,850 [Load Flow][ASY1]--[MaterialControlCommandBlock]--[MaterialControlCommandBlock]--[]--[0]
2023-04-25 16:11:54,850 [Load Flow][ASY1]--[CVReportTimeChangeCommandBlock]--[CVReportTimeChangeCommandBlock]--[]--[0]
2023-04-25 16:11:54,850 [Load Flow][ASY1]--[Port1CassetteMapDownloadCommandBlock]--[Port1CassetteMapDownloadCommandBlock]--[]--[0]
2023-04-25 16:11:54,850 [Load Flow][ASY1]--[Port2CassetteMapDownloadCommandBlock]--[Port2CassetteMapDownloadCommandBlock]--[]--[0]
2023-04-25 16:11:54,850 [Load Flow][ASY1]--[Port3CassetteMapDownloadCommandBlock]--[Port3CassetteMapDownloadCommandBlock]--[]--[0]
2023-04-25 16:11:54,850 [Load Flow][ASY1]--[Port4CassetteMapDownloadCommandBlock]--[Port4CassetteMapDownloadCommandBlock]--[]--[0]
2023-04-25 16:11:54,851 [Load Flow][ASY1]--[Port5CassetteMapDownloadCommandBlock]--[Port5CassetteMapDownloadCommandBlock]--[]--[0]
2023-04-25 16:11:54,851 [Load Flow][ASY1]--[Port6CassetteMapDownloadCommandBlock]--[Port6CassetteMapDownloadCommandBlock]--[]--[0]
2023-04-25 16:11:54,851 [Load Flow][ASY1]--[Port7CassetteMapDownloadCommandBlock]--[Port7CassetteMapDownloadCommandBlock]--[]--[0]
2023-04-25 16:11:54,851 [Load Flow][ASY1]--[Port8CassetteMapDownloadCommandBlock]--[Port8CassetteMapDownloadCommandBlock]--[]--[0]
2023-04-25 16:11:54,851 [Load Flow][ASY1]--[Port1PortTypeChangeCommandBlock]--[Port1PortTypeChangeCommandBlock]--[]--[0]
2023-04-25 16:11:54,851 [Load Flow][ASY1]--[Port1PortTypeAutoChangeModeCommandBlock]--[Port1PortTypeAutoChangeModeCommandBlock]--[]--[0]
2023-04-25 16:11:54,851 [Load Flow][ASY1]--[Port1PortModeChangeCommandBlock]--[Port1PortModeChangeCommandBlock]--[]--[0]
2023-04-25 16:11:54,851 [Load Flow][ASY1]--[Port1PortTransferModeChangeCommandBlock]--[Port1PortTransferModeChangeCommandBlock]--[]--[0]
2023-04-25 16:11:54,851 [Load Flow][ASY1]--[Port1PortGradeChangeCommandBlock]--[Port1PortGradeChangeCommandBlock]--[]--[0]
2023-04-25 16:11:54,851 [Load Flow][ASY1]--[Port1PortOperationModeChangeCommandBlock]--[Port1PortOperationModeChangeCommandBlock]--[]--[0]
2023-04-25 16:11:54,851 [Load Flow][ASY1]--[Port1PortCassetteTypeChangeCommandBlock]--[Port1PortCassetteTypeChangeCommandBlock]--[]--[0]
2023-04-25 16:11:54,851 [Load Flow][ASY1]--[Port1PortControlCommandBlock]--[Port1PortControlCommandBlock]--[]--[0]
2023-04-25 16:11:54,851 [Load Flow][ASY1]--[Port1CassetteControlCommandBlock]--[Port1CassetteControlCommandBlock]--[]--[0]
2023-04-25 16:11:54,851 [Load Flow][ASY1]--[Port1EnableModeChangeCommandBlock]--[Port1EnableModeChangeCommandBlock]--[]--[0]
2023-04-25 16:11:54,851 [Load Flow][ASY1]--[Port1PauseModeChangeCommandBlock]--[Port1PauseModeChangeCommandBlock]--[]--[0]
2023-04-25 16:11:54,851 [Load Flow][ASY1]--[Port1QTimeChangeCommandBlock]--[Port1QTimeChangeCommandBlock]--[]--[0]
2023-04-25 16:11:54,851 [Load Flow][ASY1]--[Port2PortTypeChangeCommandBlock]--[Port2PortTypeChangeCommandBlock]--[]--[0]
2023-04-25 16:11:54,851 [Load Flow][ASY1]--[Port2PortTypeAutoChangeModeCommandBlock]--[Port2PortTypeAutoChangeModeCommandBlock]--[]--[0]
2023-04-25 16:11:54,851 [Load Flow][ASY1]--[Port2PortModeChangeCommandBlock]--[Port2PortModeChangeCommandBlock]--[]--[0]
2023-04-25 16:11:54,851 [Load Flow][ASY1]--[Port2PortTransferModeChangeCommandBlock]--[Port2PortTransferModeChangeCommandBlock]--[]--[0]
2023-04-25 16:11:54,851 [Load Flow][ASY1]--[Port2PortGradeChangeCommandBlock]--[Port2PortGradeChangeCommandBlock]--[]--[0]
2023-04-25 16:11:54,851 [Load Flow][ASY1]--[Port2PortOperationModeChangeCommandBlock]--[Port2PortOperationModeChangeCommandBlock]--[]--[0]
2023-04-25 16:11:54,851 [Load Flow][ASY1]--[Port2PortCassetteTypeChangeCommandBlock]--[Port2PortCassetteTypeChangeCommandBlock]--[]--[0]
2023-04-25 16:11:54,851 [Load Flow][ASY1]--[Port2PortControlCommandBlock]--[Port2PortControlCommandBlock]--[]--[0]
2023-04-25 16:11:54,851 [Load Flow][ASY1]--[Port2CassetteControlCommandBlock]--[Port2CassetteControlCommandBlock]--[]--[0]
2023-04-25 16:11:54,851 [Load Flow][ASY1]--[Port2EnableModeChangeCommandBlock]--[Port2EnableModeChangeCommandBlock]--[]--[0]
2023-04-25 16:11:54,851 [Load Flow][ASY1]--[Port2PauseModeChangeCommandBlock]--[Port2PauseModeChangeCommandBlock]--[]--[0]
2023-04-25 16:11:54,851 [Load Flow][ASY1]--[Port2QTimeChangeCommandBlock]--[Port2QTimeChangeCommandBlock]--[]--[0]
2023-04-25 16:11:54,851 [Load Flow][ASY1]--[Port3PortTypeChangeCommandBlock]--[Port3PortTypeChangeCommandBlock]--[]--[0]
2023-04-25 16:11:54,851 [Load Flow][ASY1]--[Port3PortTypeAutoChangeModeCommandBlock]--[Port3PortTypeAutoChangeModeCommandBlock]--[]--[0]
2023-04-25 16:11:54,851 [Load Flow][ASY1]--[Port3PortModeChangeCommandBlock]--[Port3PortModeChangeCommandBlock]--[]--[0]
2023-04-25 16:11:54,851 [Load Flow][ASY1]--[Port3PortTransferModeChangeCommandBlock]--[Port3PortTransferModeChangeCommandBlock]--[]--[0]
2023-04-25 16:11:54,851 [Load Flow][ASY1]--[Port3PortGradeChangeCommandBlock]--[Port3PortGradeChangeCommandBlock]--[]--[0]
2023-04-25 16:11:54,851 [Load Flow][ASY1]--[Port3PortOperationModeChangeCommandBlock]--[Port3PortOperationModeChangeCommandBlock]--[]--[0]
2023-04-25 16:11:54,851 [Load Flow][ASY1]--[Port3PortCassetteTypeChangeCommandBlock]--[Port3PortCassetteTypeChangeCommandBlock]--[]--[0]
2023-04-25 16:11:54,851 [Load Flow][ASY1]--[Port3PortControlCommandBlock]--[Port3PortControlCommandBlock]--[]--[0]
2023-04-25 16:11:54,851 [Load Flow][ASY1]--[Port3CassetteControlCommandBlock]--[Port3CassetteControlCommandBlock]--[]--[0]
2023-04-25 16:11:54,852 [Load Flow][ASY1]--[Port3EnableModeChangeCommandBlock]--[Port3EnableModeChangeCommandBlock]--[]--[0]
2023-04-25 16:11:54,852 [Load Flow][ASY1]--[Port3PauseModeChangeCommandBlock]--[Port3PauseModeChangeCommandBlock]--[]--[0]
2023-04-25 16:11:54,852 [Load Flow][ASY1]--[Port3QTimeChangeCommandBlock]--[Port3QTimeChangeCommandBlock]--[]--[0]
2023-04-25 16:11:54,852 [Load Flow][ASY1]--[Port4PortTypeChangeCommandBlock]--[Port4PortTypeChangeCommandBlock]--[]--[0]
2023-04-25 16:11:54,852 [Load Flow][ASY1]--[Port4PortTypeAutoChangeModeCommandBlock]--[Port4PortTypeAutoChangeModeCommandBlock]--[]--[0]
2023-04-25 16:11:54,852 [Load Flow][ASY1]--[Port4PortModeChangeCommandBlock]--[Port4PortModeChangeCommandBlock]--[]--[0]
2023-04-25 16:11:54,852 [Load Flow][ASY1]--[Port4PortTransferModeChangeCommandBlock]--[Port4PortTransferModeChangeCommandBlock]--[]--[0]
2023-04-25 16:11:54,852 [Load Flow][ASY1]--[Port4PortGradeChangeCommandBlock]--[Port4PortGradeChangeCommandBlock]--[]--[0]
2023-04-25 16:11:54,852 [Load Flow][ASY1]--[Port4PortOperationModeChangeCommandBlock]--[Port4PortOperationModeChangeCommandBlock]--[]--[0]
2023-04-25 16:11:54,852 [Load Flow][ASY1]--[Port4PortCassetteTypeChangeCommandBlock]--[Port4PortCassetteTypeChangeCommandBlock]--[]--[0]
2023-04-25 16:11:54,852 [Load Flow][ASY1]--[Port4PortControlCommandBlock]--[Port4PortControlCommandBlock]--[]--[0]
2023-04-25 16:11:54,852 [Load Flow][ASY1]--[Port4CassetteControlCommandBlock]--[Port4CassetteControlCommandBlock]--[]--[0]
2023-04-25 16:11:54,852 [Load Flow][ASY1]--[Port4EnableModeChangeCommandBlock]--[Port4EnableModeChangeCommandBlock]--[]--[0]
2023-04-25 16:11:54,852 [Load Flow][ASY1]--[Port4PauseModeChangeCommandBlock]--[Port4PauseModeChangeCommandBlock]--[]--[0]
2023-04-25 16:11:54,852 [Load Flow][ASY1]--[Port4QTimeChangeCommandBlock]--[Port4QTimeChangeCommandBlock]--[]--[0]
2023-04-25 16:11:54,861 TCP Driver created. 50611656
2023-04-25 16:11:55,335 ASY1 Created.
2023-04-25 16:12:30,931 Communicator terminate...
2023-04-25 16:12:31,934 Close Socket Resource : OMRON.Compolet.Variable.VariableCompolet
2023-04-25 16:12:31,936 Close Socket Resource : OMRON.Compolet.Variable.VariableCompolet disposed
2023-04-25 16:12:31,936 Close Socket Resource : OMRON.Compolet.CIP.CommonCompolet
2023-04-25 16:12:31,937 Close Socket Resource : OMRON.Compolet.CIP.CommonCompolet disposed
